;  LST file generated by mikroListExporter - v.2.0 
; Date/Time: 9/27/2016 4:13:44 PM
;----------------------------------------------

;Address Opcode 	ASM
____SysVT:
0x9FC01180	0x0B40042D  J	___GenExcept
0x9FC01184	0x70000000  NOP	
; end of ____SysVT
____BootVT:
0xBFC00380	0x3C1E9D00  LUI	R30, 40192
0xBFC00384	0x37DE10CC  ORI	R30, R30, 4300
0xBFC00388	0x03C00008  JR	R30
0xBFC0038C	0x70000000  NOP	
; end of ____BootVT
_main:
;Voltmeter_click_PIC32.c, 19 :: 		void main()
0x9D0010E4	0x0F400482  JAL	2634027528
0x9D0010E8	0x70000000  NOP	
;Voltmeter_click_PIC32.c, 21 :: 		system_setup();
0x9D0010EC	0x0F4003C4  JAL	_system_setup+0
0x9D0010F0	0x70000000  NOP	
;Voltmeter_click_PIC32.c, 23 :: 		UART2_Write_Text( "Entering While Loop...\r\n" );
0x9D0010F4	0x3C19A000  LUI	R25, hi_addr(?lstr1_Voltmeter_click_PIC32+0)
0x9D0010F8	0x0F4001F2  JAL	_UART2_Write_Text+0
0x9D0010FC	0x37390044  ORI	R25, R25, lo_addr(?lstr1_Voltmeter_click_PIC32+0)
;Voltmeter_click_PIC32.c, 25 :: 		while (1) {
L_main0:
;Voltmeter_click_PIC32.c, 27 :: 		voltage = 0;
;Voltmeter_click_PIC32.c, 29 :: 		measurement = getADC()/2;        // Get ADC result
0x9D001100	0x0F4001C7  JAL	_getADC+0
0x9D001104	0xAC208080  SW	R0, Offset(_voltage+0)(GP)
0x9D001108	0x3042FFFF  ANDI	R2, R2, 65535
0x9D00110C	0x00021042  SRL	R2, R2, 1
0x9D001110	0x0F40041C  JAL	__Unsigned16IntToFloat+0
0x9D001114	0x3044FFFF  ANDI	R4, R2, 65535
0x9D001118	0xAC228078  SW	R2, Offset(_measurement+0)(GP)
;Voltmeter_click_PIC32.c, 30 :: 		voltage = (measurement - calibration)*33.3405;
0x9D00111C	0x0F40041C  JAL	__Unsigned16IntToFloat+0
0x9D001120	0x9424807C  LHU	R4, Offset(_calibration+0)(GP)
0x9D001124	0x8C248078  LW	R4, Offset(_measurement+0)(GP)
0x9D001128	0x0F400413  JAL	__Sub_FP+0
0x9D00112C	0x0040300A  MOVZ	R6, R2, R0
0x9D001130	0x3C044205  LUI	R4, 16901
0x9D001134	0x34845CAC  ORI	R4, R4, 23724
0x9D001138	0x0F40026B  JAL	__Mul_FP+0
0x9D00113C	0x0040300A  MOVZ	R6, R2, R0
0x9D001140	0xAC228080  SW	R2, Offset(_voltage+0)(GP)
;Voltmeter_click_PIC32.c, 32 :: 		FloatToStr(voltage, txt);
0x9D001144	0x3C1AA000  LUI	R26, hi_addr(_txt+0)
0x9D001148	0x375A0084  ORI	R26, R26, lo_addr(_txt+0)
0x9D00114C	0x0F4002DC  JAL	_FloatToStr+0
0x9D001150	0x0040C80A  MOVZ	R25, R2, R0
;Voltmeter_click_PIC32.c, 34 :: 		UART2_Write_Text(txt);
0x9D001154	0x3C19A000  LUI	R25, hi_addr(_txt+0)
0x9D001158	0x0F4001F2  JAL	_UART2_Write_Text+0
0x9D00115C	0x37390084  ORI	R25, R25, lo_addr(_txt+0)
;Voltmeter_click_PIC32.c, 35 :: 		UART2_Write(32);
0x9D001160	0x0F40002E  JAL	_UART2_Write+0
0x9D001164	0x34190020  ORI	R25, R0, 32
;Voltmeter_click_PIC32.c, 36 :: 		UART2_Write_Text("mV");
0x9D001168	0x3C19A000  LUI	R25, hi_addr(?lstr2_Voltmeter_click_PIC32+0)
0x9D00116C	0x0F4001F2  JAL	_UART2_Write_Text+0
0x9D001170	0x3739002F  ORI	R25, R25, lo_addr(?lstr2_Voltmeter_click_PIC32+0)
;Voltmeter_click_PIC32.c, 37 :: 		UART2_Write(13);
0x9D001174	0x0F40002E  JAL	_UART2_Write+0
0x9D001178	0x3419000D  ORI	R25, R0, 13
;Voltmeter_click_PIC32.c, 38 :: 		UART2_Write(10);
0x9D00117C	0x0F40002E  JAL	_UART2_Write+0
0x9D001180	0x3419000A  ORI	R25, R0, 10
;Voltmeter_click_PIC32.c, 40 :: 		delay_ms(1000);                //Za test moze sa delay da se resi sample rate, za ozbiljnije interrupt + TMR
0x9D001184	0x3C180028  LUI	R24, 40
0x9D001188	0x3718B0AA  ORI	R24, R24, 45226
L_main2:
0x9D00118C	0x2718FFFF  ADDIU	R24, R24, -1
0x9D001190	0x1700FFFE  BNE	R24, R0, L_main2
0x9D001194	0x70000000  NOP	
;Voltmeter_click_PIC32.c, 41 :: 		}
0x9D001198	0x0B400440  J	L_main0
0x9D00119C	0x70000000  NOP	
;Voltmeter_click_PIC32.c, 42 :: 		}
L_end_main:
L__main_end_loop:
0x9D0011A0	0x0B400468  J	L__main_end_loop
0x9D0011A4	0x70000000  NOP	
; end of _main
___CC2DW:
;__Lib_System.c, 4 :: 		
0x9D00102C	0x27BDFFFC  ADDIU	SP, SP, -4
;__Lib_System.c, 6 :: 		
L_loopDW:
;__Lib_System.c, 7 :: 		
0x9D001030	0x831E0000  LB	R30, 0(R24)
;__Lib_System.c, 8 :: 		
0x9D001034	0xA2FE0000  SB	R30, 0(R23)
;__Lib_System.c, 9 :: 		
0x9D001038	0x26F70001  ADDIU	R23, R23, 1
;__Lib_System.c, 10 :: 		
0x9D00103C	0x16F6FFFC  BNE	R23, R22, L_loopDW
;__Lib_System.c, 11 :: 		
0x9D001040	0x27180001  ADDIU	R24, R24, 1
;__Lib_System.c, 13 :: 		
L_end___CC2DW:
0x9D001044	0x03E00008  JR	RA
0x9D001048	0x27BD0004  ADDIU	SP, SP, 4
; end of ___CC2DW
_system_setup:
;Voltmeter_click_PIC32.c, 44 :: 		void system_setup( void )
0x9D000F10	0x27BDFFEC  ADDIU	SP, SP, -20
0x9D000F14	0xAFBF0000  SW	RA, 0(SP)
;Voltmeter_click_PIC32.c, 47 :: 		Chip_Select_Direction = 0;       // Set chip select pin to be output
0x9D000F18	0xAFB90004  SW	R25, 4(SP)
0x9D000F1C	0xAFBA0008  SW	R26, 8(SP)
0x9D000F20	0xAFBB000C  SW	R27, 12(SP)
0x9D000F24	0xAFBC0010  SW	R28, 16(SP)
0x9D000F28	0x34020004  ORI	R2, R0, 0x0004
0x9D000F2C	0x3C1EBF88  LUI	R30, 49032
0x9D000F30	0xA3C26084  SB	R2, 24708(R30)
;Voltmeter_click_PIC32.c, 48 :: 		Chip_Select = 1;
0x9D000F34	0x34020004  ORI	R2, R0, 0x0004
0x9D000F38	0x3C1EBF88  LUI	R30, 49032
0x9D000F3C	0xA3C26098  SB	R2, 24728(R30)
;Voltmeter_click_PIC32.c, 50 :: 		UART2_Init(9600);               // Initialize UART module at 9600 bps
0x9D000F40	0x0F400208  JAL	_UART2_Init+0
0x9D000F44	0x34192580  ORI	R25, R0, 9600
;Voltmeter_click_PIC32.c, 51 :: 		Delay_ms(300);                  // Wait for UART module to stabilize
0x9D000F48	0x3C18000C  LUI	R24, 12
0x9D000F4C	0x371834FF  ORI	R24, R24, 13567
L_system_setup4:
0x9D000F50	0x2718FFFF  ADDIU	R24, R24, -1
0x9D000F54	0x1700FFFE  BNE	R24, R0, L_system_setup4
0x9D000F58	0x70000000  NOP	
0x9D000F5C	0x70000000  NOP	
;Voltmeter_click_PIC32.c, 52 :: 		UART2_Write_Text( "UART Initialized\r\n" );
0x9D000F60	0x3C19A000  LUI	R25, hi_addr(?lstr3_Voltmeter_click_PIC32+0)
0x9D000F64	0x0F4001F2  JAL	_UART2_Write_Text+0
0x9D000F68	0x37390000  ORI	R25, R25, lo_addr(?lstr3_Voltmeter_click_PIC32+0)
;Voltmeter_click_PIC32.c, 54 :: 		voltage = 0;
0x9D000F6C	0xAC208080  SW	R0, Offset(_voltage+0)(GP)
;Voltmeter_click_PIC32.c, 55 :: 		sum = 0;
0x9D000F70	0xA420805E  SH	R0, Offset(_sum+0)(GP)
;Voltmeter_click_PIC32.c, 56 :: 		measurement = 0;
0x9D000F74	0xAC208078  SW	R0, Offset(_measurement+0)(GP)
;Voltmeter_click_PIC32.c, 57 :: 		calibration = 0;
0x9D000F78	0xA420807C  SH	R0, Offset(_calibration+0)(GP)
;Voltmeter_click_PIC32.c, 59 :: 		Chip_Select = 1;                 // Deselect MCP3204
0x9D000F7C	0x34020004  ORI	R2, R0, 0x0004
0x9D000F80	0x3C1EBF88  LUI	R30, 49032
0x9D000F84	0xA3C26098  SB	R2, 24728(R30)
;Voltmeter_click_PIC32.c, 62 :: 		SPI3_Init_Advanced( _SPI_MASTER, _SPI_8_BIT, 512, _SPI_SS_DISABLE,
0x9D000F88	0x0000E00A  MOVZ	R28, R0, R0
0x9D000F8C	0x341B0200  ORI	R27, R0, 512
0x9D000F90	0x0000D00A  MOVZ	R26, R0, R0
0x9D000F94	0x34190020  ORI	R25, R0, 32
;Voltmeter_click_PIC32.c, 64 :: 		_SPI_ACTIVE_2_IDLE );
0x9D000F98	0x27BDFFF8  ADDIU	SP, SP, -8
0x9D000F9C	0xA7A00004  SH	R0, 4(SP)
;Voltmeter_click_PIC32.c, 63 :: 		_SPI_DATA_SAMPLE_MIDDLE, _SPI_CLK_IDLE_LOW,
0x9D000FA0	0xA7A00002  SH	R0, 2(SP)
;Voltmeter_click_PIC32.c, 64 :: 		_SPI_ACTIVE_2_IDLE );
0x9D000FA4	0x0F400242  JAL	_SPI3_Init_Advanced+0
0x9D000FA8	0xA7A00000  SH	R0, 0(SP)
0x9D000FAC	0x27BD0008  ADDIU	SP, SP, 8
;Voltmeter_click_PIC32.c, 65 :: 		Delay_ms(200);
0x9D000FB0	0x3C180008  LUI	R24, 8
0x9D000FB4	0x37182354  ORI	R24, R24, 9044
L_system_setup6:
0x9D000FB8	0x2718FFFF  ADDIU	R24, R24, -1
0x9D000FBC	0x1700FFFE  BNE	R24, R0, L_system_setup6
0x9D000FC0	0x70000000  NOP	
0x9D000FC4	0x70000000  NOP	
0x9D000FC8	0x70000000  NOP	
;Voltmeter_click_PIC32.c, 66 :: 		UART2_Write_Text( "SPI Initialized\r\n" );
0x9D000FCC	0x3C19A000  LUI	R25, hi_addr(?lstr4_Voltmeter_click_PIC32+0)
0x9D000FD0	0x0F4001F2  JAL	_UART2_Write_Text+0
0x9D000FD4	0x37390013  ORI	R25, R25, lo_addr(?lstr4_Voltmeter_click_PIC32+0)
;Voltmeter_click_PIC32.c, 68 :: 		Delay_ms(300);
0x9D000FD8	0x3C18000C  LUI	R24, 12
0x9D000FDC	0x371834FF  ORI	R24, R24, 13567
L_system_setup8:
0x9D000FE0	0x2718FFFF  ADDIU	R24, R24, -1
0x9D000FE4	0x1700FFFE  BNE	R24, R0, L_system_setup8
0x9D000FE8	0x70000000  NOP	
0x9D000FEC	0x70000000  NOP	
;Voltmeter_click_PIC32.c, 69 :: 		UART2_Write_Text( "SPI Initialized\r\n" );
0x9D000FF0	0x3C19A000  LUI	R25, hi_addr(?lstr5_Voltmeter_click_PIC32+0)
0x9D000FF4	0x0F4001F2  JAL	_UART2_Write_Text+0
0x9D000FF8	0x37390032  ORI	R25, R25, lo_addr(?lstr5_Voltmeter_click_PIC32+0)
;Voltmeter_click_PIC32.c, 71 :: 		calibration = getADC()/2;
0x9D000FFC	0x0F4001C7  JAL	_getADC+0
0x9D001000	0x70000000  NOP	
0x9D001004	0x3042FFFF  ANDI	R2, R2, 65535
0x9D001008	0x00021042  SRL	R2, R2, 1
0x9D00100C	0xA422807C  SH	R2, Offset(_calibration+0)(GP)
;Voltmeter_click_PIC32.c, 73 :: 		}
L_end_system_setup:
0x9D001010	0x8FBC0010  LW	R28, 16(SP)
0x9D001014	0x8FBB000C  LW	R27, 12(SP)
0x9D001018	0x8FBA0008  LW	R26, 8(SP)
0x9D00101C	0x8FB90004  LW	R25, 4(SP)
0x9D001020	0x8FBF0000  LW	RA, 0(SP)
0x9D001024	0x03E00008  JR	RA
0x9D001028	0x27BD0014  ADDIU	SP, SP, 20
; end of _system_setup
_UART2_Init:
;__Lib_UART_123456.c, 214 :: 		
0x9D000820	0x27BDFFEC  ADDIU	SP, SP, -20
0x9D000824	0xAFBF0000  SW	RA, 0(SP)
;__Lib_UART_123456.c, 217 :: 		
0x9D000828	0xAFB90004  SW	R25, 4(SP)
0x9D00082C	0xAFBA0008  SW	R26, 8(SP)
0x9D000830	0xAFBB000C  SW	R27, 12(SP)
0x9D000834	0x3C029D00  LUI	R2, hi_addr(_UART2_Write+0)
0x9D000838	0x344200B8  ORI	R2, R2, lo_addr(_UART2_Write+0)
0x9D00083C	0xAC228060  SW	R2, Offset(_UART_Wr_Ptr+0)(GP)
;__Lib_UART_123456.c, 218 :: 		
0x9D000840	0x3C02FFFF  LUI	R2, hi_addr(_UART2_Read+0)
0x9D000844	0x3442FFFF  ORI	R2, R2, lo_addr(_UART2_Read+0)
0x9D000848	0xAC228070  SW	R2, Offset(_UART_Rd_Ptr+0)(GP)
;__Lib_UART_123456.c, 219 :: 		
0x9D00084C	0x3C02FFFF  LUI	R2, hi_addr(_UART2_Data_Ready+0)
0x9D000850	0x3442FFFF  ORI	R2, R2, lo_addr(_UART2_Data_Ready+0)
0x9D000854	0xAC228068  SW	R2, Offset(_UART_Rdy_Ptr+0)(GP)
;__Lib_UART_123456.c, 220 :: 		
0x9D000858	0x3C02FFFF  LUI	R2, hi_addr(_UART2_Tx_Idle+0)
0x9D00085C	0x3442FFFF  ORI	R2, R2, lo_addr(_UART2_Tx_Idle+0)
;__Lib_UART_123456.c, 222 :: 		
0x9D000860	0x0F40001D  JAL	_Get_Fosc_kHz+0
0x9D000864	0xAC22806C  SW	R2, Offset(_UART_Tx_Idle_Ptr+0)(GP)
0x9D000868	0xAFB90010  SW	R25, 16(SP)
0x9D00086C	0x0000D80A  MOVZ	R27, R0, R0
0x9D000870	0x0320D00A  MOVZ	R26, R25, R0
0x9D000874	0x0F400000  JAL	__Lib_UART_123456_UART_Calc_BRG+0
0x9D000878	0x0040C80A  MOVZ	R25, R2, R0
0x9D00087C	0x8FB90010  LW	R25, 16(SP)
; brg_tmp start address is: 16 (R4)
0x9D000880	0x0040200A  MOVZ	R4, R2, R0
;__Lib_UART_123456.c, 223 :: 		
0x9D000884	0x34030008  ORI	R3, R0, 8
0x9D000888	0x3C1EBF80  LUI	R30, 49024
;__Lib_UART_123456.c, 224 :: 		
0x9D00088C	0x1440000C  BNE	R2, R0, L__UART2_Init133
0x9D000890	0xAFC36804  SW	R3, 26628(R30)
L__UART2_Init192:
; brg_tmp end address is: 16 (R4)
;__Lib_UART_123456.c, 225 :: 		
0x9D000894	0x0F40001D  JAL	_Get_Fosc_kHz+0
0x9D000898	0x70000000  NOP	
0x9D00089C	0x341B0001  ORI	R27, R0, 1
0x9D0008A0	0x0320D00A  MOVZ	R26, R25, R0
0x9D0008A4	0x0F400000  JAL	__Lib_UART_123456_UART_Calc_BRG+0
0x9D0008A8	0x0040C80A  MOVZ	R25, R2, R0
; brg_tmp start address is: 12 (R3)
0x9D0008AC	0x0040180A  MOVZ	R3, R2, R0
;__Lib_UART_123456.c, 226 :: 		
0x9D0008B0	0x34020008  ORI	R2, R0, 8
0x9D0008B4	0x3C1EBF80  LUI	R30, 49024
; brg_tmp end address is: 12 (R3)
;__Lib_UART_123456.c, 227 :: 		
0x9D0008B8	0x0B400231  J	L_UART2_Init35
0x9D0008BC	0xAFC26808  SW	R2, 26632(R30)
L__UART2_Init133:
;__Lib_UART_123456.c, 224 :: 		
0x9D0008C0	0x0080180A  MOVZ	R3, R4, R0
;__Lib_UART_123456.c, 227 :: 		
L_UART2_Init35:
;__Lib_UART_123456.c, 228 :: 		
; brg_tmp start address is: 12 (R3)
0x9D0008C4	0x2462FFFF  ADDIU	R2, R3, -1
; brg_tmp end address is: 12 (R3)
0x9D0008C8	0x3C1EBF80  LUI	R30, 49024
0x9D0008CC	0xAFC26840  SW	R2, 26688(R30)
;__Lib_UART_123456.c, 229 :: 		
0x9D0008D0	0x3C1EBF80  LUI	R30, 49024
0x9D0008D4	0x8FC26800  LW	R2, 26624(R30)
0x9D0008D8	0x34428000  ORI	R2, R2, 32768
0x9D0008DC	0x3C1EBF80  LUI	R30, 49024
0x9D0008E0	0xAFC26800  SW	R2, 26624(R30)
;__Lib_UART_123456.c, 230 :: 		
0x9D0008E4	0x34021400  ORI	R2, R0, 5120
0x9D0008E8	0x3C1EBF80  LUI	R30, 49024
0x9D0008EC	0xAFC26810  SW	R2, 26640(R30)
;__Lib_UART_123456.c, 231 :: 		
L_end_UART2_Init:
0x9D0008F0	0x8FBB000C  LW	R27, 12(SP)
0x9D0008F4	0x8FBA0008  LW	R26, 8(SP)
0x9D0008F8	0x8FB90004  LW	R25, 4(SP)
0x9D0008FC	0x8FBF0000  LW	RA, 0(SP)
0x9D000900	0x03E00008  JR	RA
0x9D000904	0x27BD0014  ADDIU	SP, SP, 20
; end of _UART2_Init
_Get_Fosc_kHz:
;__Lib_Delays.c, 1 :: 		unsigned long Get_Fosc_kHz(){
;__Lib_Delays.c, 3 :: 		return Clock_kHz();
0x9D000074	0x34021F40  ORI	R2, R0, 8000
;__Lib_Delays.c, 4 :: 		}
L_end_Get_Fosc_kHz:
0x9D000078	0x03E00008  JR	RA
0x9D00007C	0x70000000  NOP	
; end of _Get_Fosc_kHz
__Lib_UART_123456_UART_Calc_BRG:
;__Lib_UART_123456.c, 19 :: 		
0x9D000000	0x27BDFFFC  ADDIU	SP, SP, -4
;__Lib_UART_123456.c, 21 :: 		
0x9D000004	0x340203E8  ORI	R2, R0, 1000
0x9D000008	0x03220019  MULTU	R25, R2
0x9D00000C	0x00001012  MFLO	R2
; tmp start address is: 12 (R3)
0x9D000010	0x0040180A  MOVZ	R3, R2, R0
;__Lib_UART_123456.c, 23 :: 		
0x9D000014	0x336200FF  ANDI	R2, R27, 255
0x9D000018	0x14400004  BNE	R2, R0, L___Lib_UART_123456_UART_Calc_BRG0
0x9D00001C	0x70000000  NOP	
L___Lib_UART_123456_UART_Calc_BRG149:
;__Lib_UART_123456.c, 24 :: 		
0x9D000020	0x001A1100  SLL	R2, R26, 4
; tmp1 start address is: 16 (R4)
; tmp1 end address is: 16 (R4)
0x9D000024	0x0B40000D  J	L___Lib_UART_123456_UART_Calc_BRG1
0x9D000028	0x0040200A  MOVZ	R4, R2, R0
L___Lib_UART_123456_UART_Calc_BRG0:
;__Lib_UART_123456.c, 26 :: 		
0x9D00002C	0x001A1080  SLL	R2, R26, 2
; tmp1 start address is: 16 (R4)
0x9D000030	0x0040200A  MOVZ	R4, R2, R0
; tmp1 end address is: 16 (R4)
L___Lib_UART_123456_UART_Calc_BRG1:
;__Lib_UART_123456.c, 28 :: 		
; tmp1 start address is: 16 (R4)
0x9D000034	0x0064001B  DIVU	R3, R4
0x9D000038	0x00001010  MFHI	R2
; tmp2 start address is: 20 (R5)
0x9D00003C	0x0040280A  MOVZ	R5, R2, R0
;__Lib_UART_123456.c, 29 :: 		
0x9D000040	0x0064001B  DIVU	R3, R4
0x9D000044	0x00001012  MFLO	R2
0x9D000048	0x0040180A  MOVZ	R3, R2, R0
;__Lib_UART_123456.c, 31 :: 		
0x9D00004C	0x00041042  SRL	R2, R4, 1
; tmp1 end address is: 16 (R4)
0x9D000050	0x0045102B  SLTU	R2, R2, R5
0x9D000054	0x10400004  BEQ	R2, R0, L___Lib_UART_123456_UART_Calc_BRG128
0x9D000058	0x70000000  NOP	
L___Lib_UART_123456_UART_Calc_BRG150:
; tmp2 end address is: 20 (R5)
;__Lib_UART_123456.c, 32 :: 		
0x9D00005C	0x24620001  ADDIU	R2, R3, 1
; tmp end address is: 12 (R3)
0x9D000060	0x0B40001A  J	L___Lib_UART_123456_UART_Calc_BRG2
0x9D000064	0x0040180A  MOVZ	R3, R2, R0
L___Lib_UART_123456_UART_Calc_BRG128:
;__Lib_UART_123456.c, 31 :: 		
;__Lib_UART_123456.c, 32 :: 		
L___Lib_UART_123456_UART_Calc_BRG2:
;__Lib_UART_123456.c, 34 :: 		
; tmp start address is: 12 (R3)
0x9D000068	0x0060100A  MOVZ	R2, R3, R0
; tmp end address is: 12 (R3)
;__Lib_UART_123456.c, 35 :: 		
L_end_UART_Calc_BRG:
0x9D00006C	0x03E00008  JR	RA
0x9D000070	0x27BD0004  ADDIU	SP, SP, 4
; end of __Lib_UART_123456_UART_Calc_BRG
_UART2_Write_Text:
;__Lib_UART_123456.c, 158 :: 		
0x9D0007C8	0x27BDFFF8  ADDIU	SP, SP, -8
0x9D0007CC	0xAFBF0000  SW	RA, 0(SP)
;__Lib_UART_123456.c, 159 :: 		
; counter start address is: 16 (R4)
0x9D0007D0	0x0000200A  MOVZ	R4, R0, R0
;__Lib_UART_123456.c, 161 :: 		
0x9D0007D4	0x93220000  LBU	R2, 0(R25)
; data_ start address is: 12 (R3)
0x9D0007D8	0x304300FF  ANDI	R3, R2, 255
; counter end address is: 16 (R4)
; data_ end address is: 12 (R3)
;__Lib_UART_123456.c, 162 :: 		
L_UART2_Write_Text24:
; data_ start address is: 12 (R3)
; counter start address is: 16 (R4)
0x9D0007DC	0x306200FF  ANDI	R2, R3, 255
0x9D0007E0	0x1040000C  BEQ	R2, R0, L_UART2_Write_Text25
0x9D0007E4	0x70000000  NOP	
L__UART2_Write_Text178:
;__Lib_UART_123456.c, 163 :: 		
0x9D0007E8	0xAFB90004  SW	R25, 4(SP)
; data_ end address is: 12 (R3)
0x9D0007EC	0x0F40002E  JAL	_UART2_Write+0
0x9D0007F0	0x307900FF  ANDI	R25, R3, 255
0x9D0007F4	0x8FB90004  LW	R25, 4(SP)
;__Lib_UART_123456.c, 164 :: 		
0x9D0007F8	0x24820001  ADDIU	R2, R4, 1
0x9D0007FC	0x304400FF  ANDI	R4, R2, 255
;__Lib_UART_123456.c, 165 :: 		
0x9D000800	0x304200FF  ANDI	R2, R2, 255
0x9D000804	0x03221021  ADDU	R2, R25, R2
0x9D000808	0x90420000  LBU	R2, 0(R2)
; data_ start address is: 12 (R3)
;__Lib_UART_123456.c, 166 :: 		
; counter end address is: 16 (R4)
; data_ end address is: 12 (R3)
0x9D00080C	0x0B4001F7  J	L_UART2_Write_Text24
0x9D000810	0x304300FF  ANDI	R3, R2, 255
L_UART2_Write_Text25:
;__Lib_UART_123456.c, 167 :: 		
L_end_UART2_Write_Text:
0x9D000814	0x8FBF0000  LW	RA, 0(SP)
0x9D000818	0x03E00008  JR	RA
0x9D00081C	0x27BD0008  ADDIU	SP, SP, 8
; end of _UART2_Write_Text
_UART2_Write:
;__Lib_UART_123456.c, 151 :: 		
0x9D0000B8	0x27BDFFFC  ADDIU	SP, SP, -4
;__Lib_UART_123456.c, 154 :: 		
L_UART2_Write22:
0x9D0000BC	0x3C1EBF80  LUI	R30, 49024
0x9D0000C0	0x93C26811  LBU	R2, 26641(R30)
0x9D0000C4	0x7C420000  EXT	R2, R2, 0, 1
0x9D0000C8	0x14400003  BNE	R2, R0, L_UART2_Write23
0x9D0000CC	0x70000000  NOP	
L__UART2_Write175:
0x9D0000D0	0x0B40002F  J	L_UART2_Write22
0x9D0000D4	0x70000000  NOP	
L_UART2_Write23:
;__Lib_UART_123456.c, 155 :: 		
0x9D0000D8	0x3322FFFF  ANDI	R2, R25, 65535
0x9D0000DC	0x3C1EBF80  LUI	R30, 49024
0x9D0000E0	0xAFC26820  SW	R2, 26656(R30)
;__Lib_UART_123456.c, 156 :: 		
L_end_UART2_Write:
0x9D0000E4	0x03E00008  JR	RA
0x9D0000E8	0x27BD0004  ADDIU	SP, SP, 4
; end of _UART2_Write
_SPI3_Init_Advanced:
;__Lib_SPI_1234.c, 138 :: 		
0x9D000908	0x27BDFFFC  ADDIU	SP, SP, -4
; data_sample start address is: 16 (R4)
0x9D00090C	0x97A40004  LHU	R4, 4(SP)
; clock_idle start address is: 20 (R5)
0x9D000910	0x97A50006  LHU	R5, 6(SP)
; edge start address is: 24 (R6)
0x9D000914	0x97A60008  LHU	R6, 8(SP)
;__Lib_SPI_1234.c, 140 :: 		
0x9D000918	0x3C029D00  LUI	R2, hi_addr(_SPI3_Read+0)
0x9D00091C	0x34420080  ORI	R2, R2, lo_addr(_SPI3_Read+0)
0x9D000920	0xAC228074  SW	R2, Offset(_SPI_Rd_Ptr+0)(GP)
;__Lib_SPI_1234.c, 141 :: 		
0x9D000924	0x3C02FFFF  LUI	R2, hi_addr(_SPI3_Write+0)
0x9D000928	0x3442FFFF  ORI	R2, R2, lo_addr(_SPI3_Write+0)
0x9D00092C	0xAC228064  SW	R2, Offset(_SPI_Wr_Ptr+0)(GP)
;__Lib_SPI_1234.c, 143 :: 		
0x9D000930	0x3362FFFF  ANDI	R2, R27, 65535
0x9D000934	0x00021042  SRL	R2, R2, 1
0x9D000938	0x2442FFFF  ADDIU	R2, R2, -1
0x9D00093C	0x3042FFFF  ANDI	R2, R2, 65535
0x9D000940	0x3C1EBF80  LUI	R30, 49024
0x9D000944	0xAFC25830  SW	R2, 22576(R30)
;__Lib_SPI_1234.c, 144 :: 		
0x9D000948	0x3C1EBF80  LUI	R30, 49024
0x9D00094C	0xAFC05800  SW	R0, 22528(R30)
;__Lib_SPI_1234.c, 145 :: 		
0x9D000950	0x3C1EBF80  LUI	R30, 49024
0x9D000954	0xAFC05810  SW	R0, 22544(R30)
;__Lib_SPI_1234.c, 147 :: 		
0x9D000958	0x3323FFFF  ANDI	R3, R25, 65535
0x9D00095C	0x3C1EBF80  LUI	R30, 49024
0x9D000960	0x8FC25800  LW	R2, 22528(R30)
0x9D000964	0x00431825  OR	R3, R2, R3
0x9D000968	0x3342FFFF  ANDI	R2, R26, 65535
0x9D00096C	0x00621825  OR	R3, R3, R2
0x9D000970	0x3382FFFF  ANDI	R2, R28, 65535
0x9D000974	0x00621825  OR	R3, R3, R2
0x9D000978	0x3082FFFF  ANDI	R2, R4, 65535
; data_sample end address is: 16 (R4)
0x9D00097C	0x00621825  OR	R3, R3, R2
0x9D000980	0x30A2FFFF  ANDI	R2, R5, 65535
; clock_idle end address is: 20 (R5)
0x9D000984	0x00621825  OR	R3, R3, R2
0x9D000988	0x30C2FFFF  ANDI	R2, R6, 65535
; edge end address is: 24 (R6)
0x9D00098C	0x00621025  OR	R2, R3, R2
0x9D000990	0x3C1EBF80  LUI	R30, 49024
0x9D000994	0xAFC25800  SW	R2, 22528(R30)
;__Lib_SPI_1234.c, 149 :: 		
0x9D000998	0x34028000  ORI	R2, R0, 32768
0x9D00099C	0x3C1EBF80  LUI	R30, 49024
0x9D0009A0	0xAFC25808  SW	R2, 22536(R30)
;__Lib_SPI_1234.c, 150 :: 		
L_end_SPI3_Init_Advanced:
0x9D0009A4	0x03E00008  JR	RA
0x9D0009A8	0x27BD0004  ADDIU	SP, SP, 4
; end of _SPI3_Init_Advanced
_getADC:
;Voltmeter_click_PIC32.c, 75 :: 		unsigned int getADC( void )
0x9D00071C	0x27BDFFF4  ADDIU	SP, SP, -12
0x9D000720	0xAFBF0000  SW	RA, 0(SP)
;Voltmeter_click_PIC32.c, 82 :: 		sum = 0;
0x9D000724	0xAFB90004  SW	R25, 4(SP)
; sum start address is: 16 (R4)
0x9D000728	0x0000200A  MOVZ	R4, R0, R0
;Voltmeter_click_PIC32.c, 84 :: 		for(i=0; i<10; i++ )
; i start address is: 12 (R3)
0x9D00072C	0x0000180A  MOVZ	R3, R0, R0
; sum end address is: 16 (R4)
; i end address is: 12 (R3)
L_getADC10:
; i start address is: 12 (R3)
; sum start address is: 16 (R4)
0x9D000730	0x306200FF  ANDI	R2, R3, 255
0x9D000734	0x2C42000A  SLTIU	R2, R2, 10
0x9D000738	0x1040001A  BEQ	R2, R0, L_getADC11
0x9D00073C	0x70000000  NOP	
L__getADC17:
;Voltmeter_click_PIC32.c, 86 :: 		Chip_Select = 0;               // Select MCP3201
0x9D000740	0x34020004  ORI	R2, R0, 0x0004
0x9D000744	0x3C1EBF88  LUI	R30, 49032
0x9D000748	0xA3C26094  SB	R2, 24724(R30)
;Voltmeter_click_PIC32.c, 87 :: 		read = SPI3_Read(buffer);      // Get first 8 bits of ADC value
0x9D00074C	0x0F400020  JAL	_SPI3_Read+0
0x9D000750	0x93B90008  LBU	R25, 8(SP)
; read start address is: 24 (R6)
0x9D000754	0x0040300A  MOVZ	R6, R2, R0
;Voltmeter_click_PIC32.c, 88 :: 		read1 = SPI3_Read(buffer);     // Get the rest of the ADC value bits
0x9D000758	0x0F400020  JAL	_SPI3_Read+0
0x9D00075C	0x93B90008  LBU	R25, 8(SP)
; read1 start address is: 20 (R5)
0x9D000760	0x0040280A  MOVZ	R5, R2, R0
;Voltmeter_click_PIC32.c, 89 :: 		Chip_Select = 1;               // Deselect MCP3201
0x9D000764	0x34020004  ORI	R2, R0, 0x0004
0x9D000768	0x3C1EBF88  LUI	R30, 49032
0x9D00076C	0xA3C26098  SB	R2, 24728(R30)
;Voltmeter_click_PIC32.c, 90 :: 		read = ((read & 0x1F) << 8);   // Store the first 8 bits of the ADC value in temporary variable
0x9D000770	0x30C2001F  ANDI	R2, R6, 31
; read end address is: 24 (R6)
0x9D000774	0x3042FFFF  ANDI	R2, R2, 65535
0x9D000778	0x00021200  SLL	R2, R2, 8
; read start address is: 24 (R6)
0x9D00077C	0x3046FFFF  ANDI	R6, R2, 65535
;Voltmeter_click_PIC32.c, 91 :: 		read = ((read | read1) >> 1);  // Store the rest of the ADC value bits in temporary variable
0x9D000780	0x00C51025  OR	R2, R6, R5
; read1 end address is: 20 (R5)
; read end address is: 24 (R6)
0x9D000784	0x3042FFFF  ANDI	R2, R2, 65535
0x9D000788	0x00021042  SRL	R2, R2, 1
; read start address is: 20 (R5)
0x9D00078C	0x3045FFFF  ANDI	R5, R2, 65535
;Voltmeter_click_PIC32.c, 92 :: 		sum = sum + read;              // Sum of the eight ADC readings
0x9D000790	0x00851021  ADDU	R2, R4, R5
; read end address is: 20 (R5)
0x9D000794	0x3044FFFF  ANDI	R4, R2, 65535
;Voltmeter_click_PIC32.c, 84 :: 		for(i=0; i<10; i++ )
0x9D000798	0x24620001  ADDIU	R2, R3, 1
;Voltmeter_click_PIC32.c, 93 :: 		}
; i end address is: 12 (R3)
0x9D00079C	0x0B4001CC  J	L_getADC10
0x9D0007A0	0x304300FF  ANDI	R3, R2, 255
L_getADC11:
;Voltmeter_click_PIC32.c, 94 :: 		avrg = sum / 10;                  // Average ADC value based on sum of the ADC readings
0x9D0007A4	0x3402000A  ORI	R2, R0, 10
0x9D0007A8	0x0082001B  DIVU	R4, R2
0x9D0007AC	0x00001012  MFLO	R2
; sum end address is: 16 (R4)
; avrg start address is: 12 (R3)
0x9D0007B0	0x3043FFFF  ANDI	R3, R2, 65535
;Voltmeter_click_PIC32.c, 95 :: 		return avrg;                     // Returns the average ADC value
0x9D0007B4	0x3062FFFF  ANDI	R2, R3, 65535
; avrg end address is: 12 (R3)
;Voltmeter_click_PIC32.c, 96 :: 		}
;Voltmeter_click_PIC32.c, 95 :: 		return avrg;                     // Returns the average ADC value
;Voltmeter_click_PIC32.c, 96 :: 		}
L_end_getADC:
0x9D0007B8	0x8FB90004  LW	R25, 4(SP)
0x9D0007BC	0x8FBF0000  LW	RA, 0(SP)
0x9D0007C0	0x03E00008  JR	RA
0x9D0007C4	0x27BD000C  ADDIU	SP, SP, 12
; end of _getADC
_SPI3_Read:
;__Lib_SPI_1234.c, 127 :: 		
0x9D000080	0x27BDFFFC  ADDIU	SP, SP, -4
;__Lib_SPI_1234.c, 128 :: 		
0x9D000084	0x3C1EBF80  LUI	R30, 49024
0x9D000088	0xAFD95820  SW	R25, 22560(R30)
;__Lib_SPI_1234.c, 129 :: 		
L_SPI3_Read4:
0x9D00008C	0x3C1EBF80  LUI	R30, 49024
0x9D000090	0x93C25810  LBU	R2, 22544(R30)
0x9D000094	0x7C420000  EXT	R2, R2, 0, 1
0x9D000098	0x14400003  BNE	R2, R0, L_SPI3_Read5
0x9D00009C	0x70000000  NOP	
L__SPI3_Read19:
0x9D0000A0	0x0B400023  J	L_SPI3_Read4
0x9D0000A4	0x70000000  NOP	
L_SPI3_Read5:
;__Lib_SPI_1234.c, 130 :: 		
0x9D0000A8	0x3C1EBF80  LUI	R30, 49024
0x9D0000AC	0x8FC25820  LW	R2, 22560(R30)
;__Lib_SPI_1234.c, 131 :: 		
L_end_SPI3_Read:
0x9D0000B0	0x03E00008  JR	RA
0x9D0000B4	0x27BD0004  ADDIU	SP, SP, 4
; end of _SPI3_Read
__Unsigned16IntToFloat:
;__Lib_MathDouble.c, 450 :: 		
0x9D001070	0x27BDFFFC  ADDIU	SP, SP, -4
0x9D001074	0xAFBF0000  SW	RA, 0(SP)
;__Lib_MathDouble.c, 452 :: 		
0x9D001078	0x04810009  BGEZ	R4, label_signed
;__Lib_MathDouble.c, 453 :: 		
0x9D00107C	0x70000000  NOP	
;__Lib_MathDouble.c, 454 :: 		
0x9D001080	0x0F4000D7  JAL	__SignedIntegralToFLoat+0
;__Lib_MathDouble.c, 455 :: 		
0x9D001084	0x70000000  NOP	
;__Lib_MathDouble.c, 456 :: 		
0x9D001088	0x00402025  OR	R4, R2, R0
;__Lib_MathDouble.c, 457 :: 		
0x9D00108C	0x3C054780  LUI	R5, 18304
;__Lib_MathDouble.c, 459 :: 		
0x9D001090	0x0F40003B  JAL	__Lib_MathDouble__UnsignedIntegralToFloat+0
;__Lib_MathDouble.c, 460 :: 		
0x9D001094	0x70000000  NOP	
;__Lib_MathDouble.c, 461 :: 		
0x9D001098	0x10000003  BEQ	R0, R0, label_end
;__Lib_MathDouble.c, 462 :: 		
0x9D00109C	0x70000000  NOP	
;__Lib_MathDouble.c, 464 :: 		
label_signed:
;__Lib_MathDouble.c, 465 :: 		
0x9D0010A0	0x0F4000D7  JAL	__SignedIntegralToFLoat+0
;__Lib_MathDouble.c, 466 :: 		
0x9D0010A4	0x70000000  NOP	
;__Lib_MathDouble.c, 467 :: 		
label_end:
;__Lib_MathDouble.c, 469 :: 		
L_end__Unsigned16IntToFloat:
0x9D0010A8	0x8FBF0000  LW	RA, 0(SP)
0x9D0010AC	0x03E00008  JR	RA
0x9D0010B0	0x27BD0004  ADDIU	SP, SP, 4
; end of __Unsigned16IntToFloat
__SignedIntegralToFLoat:
;__Lib_MathDouble.c, 177 :: 		
0x9D00035C	0x27BDFFFC  ADDIU	SP, SP, -4
;__Lib_MathDouble.c, 179 :: 		
0x9D000360	0x3C038000  LUI	R3, 32768
;__Lib_MathDouble.c, 180 :: 		
0x9D000364	0x10800012  BEQ	R4, R0, label_end
;__Lib_MathDouble.c, 181 :: 		
0x9D000368	0x00833024  AND	R6, R4, R3
;__Lib_MathDouble.c, 182 :: 		
0x9D00036C	0x04810002  BGEZ	R4, label1
;__Lib_MathDouble.c, 183 :: 		
0x9D000370	0x70000000  NOP	
;__Lib_MathDouble.c, 184 :: 		
0x9D000374	0x00042023  SUBU	R4, R0, R4
;__Lib_MathDouble.c, 185 :: 		
label1:
;__Lib_MathDouble.c, 186 :: 		
0x9D000378	0x2405009E  ADDIU	R5, R0, 158
;__Lib_MathDouble.c, 187 :: 		
0x9D00037C	0x70873820  CLZ	R7, R4
;__Lib_MathDouble.c, 188 :: 		
0x9D000380	0x00A72823  SUBU	R5, R5, R7
;__Lib_MathDouble.c, 189 :: 		
0x9D000384	0x00E42004  SLLV	R4, R4, R7
;__Lib_MathDouble.c, 190 :: 		
0x9D000388	0x24840080  ADDIU	R4, R4, 128
;__Lib_MathDouble.c, 191 :: 		
0x9D00038C	0x2C880080  SLTIU	R8, R4, 128
;__Lib_MathDouble.c, 192 :: 		
0x9D000390	0x00A82821  ADDU	R5, R5, R8
;__Lib_MathDouble.c, 193 :: 		
0x9D000394	0x00044203  SRA	R8, R4, 8
;__Lib_MathDouble.c, 194 :: 		
0x9D000398	0x31080001  ANDI	R8, R8, 1
;__Lib_MathDouble.c, 195 :: 		
0x9D00039C	0x00882023  SUBU	R4, R4, R8
;__Lib_MathDouble.c, 196 :: 		
0x9D0003A0	0x00042040  SLL	R4, R4, 1
;__Lib_MathDouble.c, 197 :: 		
0x9D0003A4	0x00042242  SRL	R4, R4, 9
;__Lib_MathDouble.c, 198 :: 		
0x9D0003A8	0x000545C0  SLL	R8, R5, 23
;__Lib_MathDouble.c, 199 :: 		
0x9D0003AC	0x00882025  OR	R4, R4, R8
;__Lib_MathDouble.c, 200 :: 		
label_end:
;__Lib_MathDouble.c, 201 :: 		
0x9D0003B0	0x00861025  OR	R2, R4, R6
;__Lib_MathDouble.c, 203 :: 		
L_end__SignedIntegralToFLoat:
0x9D0003B4	0x03E00008  JR	RA
0x9D0003B8	0x27BD0004  ADDIU	SP, SP, 4
; end of __SignedIntegralToFLoat
__Lib_MathDouble__UnsignedIntegralToFloat:
;__Lib_MathDouble.c, 242 :: 		
0x9D0000EC	0x27BDFFFC  ADDIU	SP, SP, -4
;__Lib_MathDouble.c, 244 :: 		
0x9D0000F0	0x00044DC2  SRL	R9, R4, 23
;__Lib_MathDouble.c, 245 :: 		
0x9D0000F4	0x312900FF  ANDI	R9, R9, 255
;__Lib_MathDouble.c, 246 :: 		
0x9D0000F8	0x00055DC2  SRL	R11, R5, 23
;__Lib_MathDouble.c, 247 :: 		
0x9D0000FC	0x316B00FF  ANDI	R11, R11, 255
;__Lib_MathDouble.c, 248 :: 		
0x9D000100	0x3C078000  LUI	R7, 32768
;__Lib_MathDouble.c, 249 :: 		
0x9D000104	0x00044200  SLL	R8, R4, 8
;__Lib_MathDouble.c, 250 :: 		
0x9D000108	0x01074025  OR	R8, R8, R7
;__Lib_MathDouble.c, 251 :: 		
0x9D00010C	0x00055200  SLL	R10, R5, 8
;__Lib_MathDouble.c, 252 :: 		
0x9D000110	0x01475025  OR	R10, R10, R7
;__Lib_MathDouble.c, 253 :: 		
0x9D000114	0x252DFFFF  ADDIU	R13, R9, -1
;__Lib_MathDouble.c, 254 :: 		
0x9D000118	0x2DA300FE  SLTIU	R3, R13, 254
;__Lib_MathDouble.c, 255 :: 		
0x9D00011C	0x10600060  BEQ	R3, R0, label1
;__Lib_MathDouble.c, 256 :: 		
0x9D000120	0x70000000  NOP	
;__Lib_MathDouble.c, 257 :: 		
label18:
;__Lib_MathDouble.c, 258 :: 		
0x9D000124	0x256DFFFF  ADDIU	R13, R11, -1
;__Lib_MathDouble.c, 259 :: 		
0x9D000128	0x2DA300FE  SLTIU	R3, R13, 254
;__Lib_MathDouble.c, 260 :: 		
0x9D00012C	0x10600076  BEQ	R3, R0, label2
;__Lib_MathDouble.c, 261 :: 		
0x9D000130	0x70000000  NOP	
;__Lib_MathDouble.c, 262 :: 		
label23:
;__Lib_MathDouble.c, 263 :: 		
0x9D000134	0x012B6023  SUBU	R12, R9, R11
;__Lib_MathDouble.c, 264 :: 		
0x9D000138	0x0580000D  BLTZ	R12, label3
;__Lib_MathDouble.c, 265 :: 		
0x9D00013C	0x70000000  NOP	
;__Lib_MathDouble.c, 266 :: 		
0x9D000140	0x29830020  SLTI	R3, R12, 32
;__Lib_MathDouble.c, 267 :: 		
0x9D000144	0x14600003  BNE	R3, R0, label4
;__Lib_MathDouble.c, 268 :: 		
0x9D000148	0x70000000  NOP	
;__Lib_MathDouble.c, 269 :: 		
0x9D00014C	0x10000015  BEQ	R0, R0, label5
;__Lib_MathDouble.c, 270 :: 		
0x9D000150	0x240A0002  ADDIU	R10, R0, 2
;__Lib_MathDouble.c, 271 :: 		
label4:
;__Lib_MathDouble.c, 272 :: 		
0x9D000154	0x000A3025  OR	R6, R0, R10
;__Lib_MathDouble.c, 273 :: 		
0x9D000158	0x018A5006  SRLV	R10, R10, R12
;__Lib_MathDouble.c, 274 :: 		
0x9D00015C	0x018A6804  SLLV	R13, R10, R12
;__Lib_MathDouble.c, 275 :: 		
0x9D000160	0x11A60010  BEQ	R13, R6, label5
;__Lib_MathDouble.c, 276 :: 		
0x9D000164	0x70000000  NOP	
;__Lib_MathDouble.c, 277 :: 		
0x9D000168	0x1000000E  BEQ	R0, R0, label5
;__Lib_MathDouble.c, 278 :: 		
0x9D00016C	0x354A0002  ORI	R10, R10, 2
;__Lib_MathDouble.c, 279 :: 		
label3:
;__Lib_MathDouble.c, 280 :: 		
0x9D000170	0x000B4825  OR	R9, R0, R11
;__Lib_MathDouble.c, 281 :: 		
0x9D000174	0x000C6023  SUBU	R12, R0, R12
;__Lib_MathDouble.c, 282 :: 		
0x9D000178	0x29830020  SLTI	R3, R12, 32
;__Lib_MathDouble.c, 283 :: 		
0x9D00017C	0x14600003  BNE	R3, R0, label6
;__Lib_MathDouble.c, 284 :: 		
0x9D000180	0x70000000  NOP	
;__Lib_MathDouble.c, 285 :: 		
0x9D000184	0x10000007  BEQ	R0, R0, label5
;__Lib_MathDouble.c, 286 :: 		
0x9D000188	0x24080002  ADDIU	R8, R0, 2
;__Lib_MathDouble.c, 287 :: 		
label6:
;__Lib_MathDouble.c, 288 :: 		
0x9D00018C	0x00083025  OR	R6, R0, R8
;__Lib_MathDouble.c, 289 :: 		
0x9D000190	0x01884006  SRLV	R8, R8, R12
;__Lib_MathDouble.c, 290 :: 		
0x9D000194	0x01886804  SLLV	R13, R8, R12
;__Lib_MathDouble.c, 291 :: 		
0x9D000198	0x11A60002  BEQ	R13, R6, label5
;__Lib_MathDouble.c, 292 :: 		
0x9D00019C	0x70000000  NOP	
;__Lib_MathDouble.c, 293 :: 		
0x9D0001A0	0x35080002  ORI	R8, R8, 2
;__Lib_MathDouble.c, 294 :: 		
label5:
;__Lib_MathDouble.c, 295 :: 		
0x9D0001A4	0x00876024  AND	R12, R4, R7
;__Lib_MathDouble.c, 296 :: 		
0x9D0001A8	0x01856826  XOR	R13, R12, R5
;__Lib_MathDouble.c, 297 :: 		
0x9D0001AC	0x05A00010  BLTZ	R13, label7
;__Lib_MathDouble.c, 298 :: 		
0x9D0001B0	0x70000000  NOP	
;__Lib_MathDouble.c, 299 :: 		
0x9D0001B4	0x010A4021  ADDU	R8, R8, R10
;__Lib_MathDouble.c, 300 :: 		
0x9D0001B8	0x010A682B  SLTU	R13, R8, R10
;__Lib_MathDouble.c, 301 :: 		
0x9D0001BC	0x11A00017  BEQ	R13, R0, label8
;__Lib_MathDouble.c, 302 :: 		
0x9D0001C0	0x70000000  NOP	
;__Lib_MathDouble.c, 303 :: 		
0x9D0001C4	0x310D0001  ANDI	R13, R8, 1
;__Lib_MathDouble.c, 304 :: 		
0x9D0001C8	0x11A00002  BEQ	R13, R0, label9
;__Lib_MathDouble.c, 305 :: 		
0x9D0001CC	0x70000000  NOP	
;__Lib_MathDouble.c, 306 :: 		
0x9D0001D0	0x35080002  ORI	R8, R8, 2
;__Lib_MathDouble.c, 307 :: 		
label9:
;__Lib_MathDouble.c, 308 :: 		
0x9D0001D4	0x00084042  SRL	R8, R8, 1
;__Lib_MathDouble.c, 309 :: 		
0x9D0001D8	0x25290001  ADDIU	R9, R9, 1
;__Lib_MathDouble.c, 310 :: 		
0x9D0001DC	0x240300FF  ADDIU	R3, R0, 255
;__Lib_MathDouble.c, 311 :: 		
0x9D0001E0	0x1523000E  BNE	R9, R3, label8
;__Lib_MathDouble.c, 312 :: 		
0x9D0001E4	0x70000000  NOP	
;__Lib_MathDouble.c, 313 :: 		
0x9D0001E8	0x1000000C  BEQ	R0, R0, label8
;__Lib_MathDouble.c, 314 :: 		
0x9D0001EC	0x24080000  ADDIU	R8, R0, 0
;__Lib_MathDouble.c, 315 :: 		
label7:
;__Lib_MathDouble.c, 316 :: 		
0x9D0001F0	0x010A682B  SLTU	R13, R8, R10
;__Lib_MathDouble.c, 317 :: 		
0x9D0001F4	0x11A00004  BEQ	R13, R0, label10
;__Lib_MathDouble.c, 318 :: 		
0x9D0001F8	0x010A4023  SUBU	R8, R8, R10
;__Lib_MathDouble.c, 319 :: 		
0x9D0001FC	0x00084023  SUBU	R8, R0, R8
;__Lib_MathDouble.c, 320 :: 		
0x9D000200	0x10000003  BEQ	R0, R0, label11
;__Lib_MathDouble.c, 321 :: 		
0x9D000204	0x01876026  XOR	R12, R12, R7
;__Lib_MathDouble.c, 322 :: 		
label10:
;__Lib_MathDouble.c, 323 :: 		
0x9D000208	0x1100004F  BEQ	R8, R0, label12
;__Lib_MathDouble.c, 324 :: 		
0x9D00020C	0x70000000  NOP	
;__Lib_MathDouble.c, 325 :: 		
label11:
;__Lib_MathDouble.c, 326 :: 		
0x9D000210	0x71063020  CLZ	R6, R8
;__Lib_MathDouble.c, 327 :: 		
0x9D000214	0x01264823  SUBU	R9, R9, R6
;__Lib_MathDouble.c, 328 :: 		
0x9D000218	0x00C84004  SLLV	R8, R8, R6
;__Lib_MathDouble.c, 329 :: 		
label8:
;__Lib_MathDouble.c, 330 :: 		
0x9D00021C	0x1920000D  BLEZ	R9, label13
;__Lib_MathDouble.c, 331 :: 		
0x9D000220	0x70000000  NOP	
;__Lib_MathDouble.c, 332 :: 		
label15:
;__Lib_MathDouble.c, 333 :: 		
0x9D000224	0x25080080  ADDIU	R8, R8, 128
;__Lib_MathDouble.c, 334 :: 		
0x9D000228	0x2D0D0080  SLTIU	R13, R8, 128
;__Lib_MathDouble.c, 335 :: 		
0x9D00022C	0x012D4821  ADDU	R9, R9, R13
;__Lib_MathDouble.c, 336 :: 		
0x9D000230	0x00086A02  SRL	R13, R8, 8
;__Lib_MathDouble.c, 337 :: 		
0x9D000234	0x31AD0001  ANDI	R13, R13, 1
;__Lib_MathDouble.c, 338 :: 		
0x9D000238	0x010D4023  SUBU	R8, R8, R13
;__Lib_MathDouble.c, 339 :: 		
0x9D00023C	0x00084040  SLL	R8, R8, 1
;__Lib_MathDouble.c, 340 :: 		
0x9D000240	0x00084242  SRL	R8, R8, 9
;__Lib_MathDouble.c, 341 :: 		
0x9D000244	0x00096DC0  SLL	R13, R9, 23
;__Lib_MathDouble.c, 342 :: 		
0x9D000248	0x010D4025  OR	R8, R8, R13
;__Lib_MathDouble.c, 343 :: 		
0x9D00024C	0x10000041  BEQ	R0, R0, label_end
;__Lib_MathDouble.c, 344 :: 		
0x9D000250	0x010C1025  OR	R2, R8, R12
;__Lib_MathDouble.c, 347 :: 		
label13:
;__Lib_MathDouble.c, 348 :: 		
0x9D000254	0x24060001  ADDIU	R6, R0, 1
;__Lib_MathDouble.c, 349 :: 		
0x9D000258	0x00C93023  SUBU	R6, R6, R9
;__Lib_MathDouble.c, 350 :: 		
0x9D00025C	0x2CC30020  SLTIU	R3, R6, 32
;__Lib_MathDouble.c, 351 :: 		
0x9D000260	0x10600039  BEQ	R3, R0, label12
;__Lib_MathDouble.c, 352 :: 		
0x9D000264	0x70000000  NOP	
;__Lib_MathDouble.c, 353 :: 		
0x9D000268	0x3C038000  LUI	R3, 32768
;__Lib_MathDouble.c, 354 :: 		
0x9D00026C	0x01034025  OR	R8, R8, R3
;__Lib_MathDouble.c, 355 :: 		
0x9D000270	0x240D0020  ADDIU	R13, R0, 32
;__Lib_MathDouble.c, 356 :: 		
0x9D000274	0x01A66823  SUBU	R13, R13, R6
;__Lib_MathDouble.c, 357 :: 		
0x9D000278	0x01A84804  SLLV	R9, R8, R13
;__Lib_MathDouble.c, 358 :: 		
0x9D00027C	0x11200002  BEQ	R9, R0, label14
;__Lib_MathDouble.c, 359 :: 		
0x9D000280	0x00C84006  SRLV	R8, R8, R6
;__Lib_MathDouble.c, 360 :: 		
0x9D000284	0x35080001  ORI	R8, R8, 1
;__Lib_MathDouble.c, 361 :: 		
label14:
;__Lib_MathDouble.c, 362 :: 		
0x9D000288	0x24090000  ADDIU	R9, R0, 0
;__Lib_MathDouble.c, 363 :: 		
0x9D00028C	0x250D0080  ADDIU	R13, R8, 128
;__Lib_MathDouble.c, 364 :: 		
0x9D000290	0x05A1FFE4  BGEZ	R13, label15
;__Lib_MathDouble.c, 365 :: 		
0x9D000294	0x70000000  NOP	
;__Lib_MathDouble.c, 366 :: 		
0x9D000298	0x1000FFE2  BEQ	R0, R0, label15
;__Lib_MathDouble.c, 367 :: 		
0x9D00029C	0x24090001  ADDIU	R9, R0, 1
;__Lib_MathDouble.c, 368 :: 		
label1:
;__Lib_MathDouble.c, 369 :: 		
0x9D0002A0	0x1520000E  BNE	R9, R0, label16
;__Lib_MathDouble.c, 370 :: 		
0x9D0002A4	0x70000000  NOP	
;__Lib_MathDouble.c, 371 :: 		
0x9D0002A8	0x01084021  ADDU	R8, R8, R8
;__Lib_MathDouble.c, 372 :: 		
0x9D0002AC	0x11000005  BEQ	R8, R0, label17
;__Lib_MathDouble.c, 373 :: 		
0x9D0002B0	0x70000000  NOP	
;__Lib_MathDouble.c, 374 :: 		
0x9D0002B4	0x710C6020  CLZ	R12, R8
;__Lib_MathDouble.c, 375 :: 		
0x9D0002B8	0x012C4823  SUBU	R9, R9, R12
;__Lib_MathDouble.c, 376 :: 		
0x9D0002BC	0x1000FF99  BEQ	R0, R0, label18
;__Lib_MathDouble.c, 377 :: 		
0x9D0002C0	0x01884004  SLLV	R8, R8, R12
;__Lib_MathDouble.c, 378 :: 		
label17:
;__Lib_MathDouble.c, 379 :: 		
0x9D0002C4	0x240300FF  ADDIU	R3, R0, 255
;__Lib_MathDouble.c, 380 :: 		
0x9D0002C8	0x1163000F  BEQ	R11, R3, label2
;__Lib_MathDouble.c, 381 :: 		
0x9D0002CC	0x70000000  NOP	
;__Lib_MathDouble.c, 382 :: 		
0x9D0002D0	0x3C038000  LUI	R3, 32768
;__Lib_MathDouble.c, 383 :: 		
0x9D0002D4	0x14A30018  BNE	R5, R3, label19
;__Lib_MathDouble.c, 384 :: 		
0x9D0002D8	0x70000000  NOP	
;__Lib_MathDouble.c, 385 :: 		
label16:
;__Lib_MathDouble.c, 386 :: 		
0x9D0002DC	0x01086821  ADDU	R13, R8, R8
;__Lib_MathDouble.c, 387 :: 		
0x9D0002E0	0x15A0001B  BNE	R13, R0, label20
;__Lib_MathDouble.c, 388 :: 		
0x9D0002E4	0x70000000  NOP	
;__Lib_MathDouble.c, 389 :: 		
0x9D0002E8	0x240300FF  ADDIU	R3, R0, 255
;__Lib_MathDouble.c, 390 :: 		
0x9D0002EC	0x15630014  BNE	R11, R3, label21
;__Lib_MathDouble.c, 391 :: 		
0x9D0002F0	0x70000000  NOP	
;__Lib_MathDouble.c, 392 :: 		
0x9D0002F4	0x00856826  XOR	R13, R4, R5
;__Lib_MathDouble.c, 393 :: 		
0x9D0002F8	0x05A00015  BLTZ	R13, label20
;__Lib_MathDouble.c, 394 :: 		
0x9D0002FC	0x70000000  NOP	
;__Lib_MathDouble.c, 395 :: 		
0x9D000300	0x1000000D  BEQ	R0, R0, label19
;__Lib_MathDouble.c, 396 :: 		
0x9D000304	0x70000000  NOP	
;__Lib_MathDouble.c, 397 :: 		
label2:
;__Lib_MathDouble.c, 398 :: 		
0x9D000308	0x15600008  BNE	R11, R0, label22
;__Lib_MathDouble.c, 399 :: 		
0x9D00030C	0x70000000  NOP	
;__Lib_MathDouble.c, 400 :: 		
0x9D000310	0x014A5021  ADDU	R10, R10, R10
;__Lib_MathDouble.c, 401 :: 		
0x9D000314	0x1140000A  BEQ	R10, R0, label21
;__Lib_MathDouble.c, 402 :: 		
0x9D000318	0x70000000  NOP	
;__Lib_MathDouble.c, 403 :: 		
0x9D00031C	0x714C6020  CLZ	R12, R10
;__Lib_MathDouble.c, 404 :: 		
0x9D000320	0x016C5823  SUBU	R11, R11, R12
;__Lib_MathDouble.c, 405 :: 		
0x9D000324	0x1000FF83  BEQ	R0, R0, label23
;__Lib_MathDouble.c, 406 :: 		
0x9D000328	0x018A5004  SLLV	R10, R10, R12
;__Lib_MathDouble.c, 407 :: 		
label22:
;__Lib_MathDouble.c, 408 :: 		
0x9D00032C	0x014A6821  ADDU	R13, R10, R10
;__Lib_MathDouble.c, 409 :: 		
0x9D000330	0x15A00007  BNE	R13, R0, label20
;__Lib_MathDouble.c, 410 :: 		
0x9D000334	0x70000000  NOP	
;__Lib_MathDouble.c, 411 :: 		
label19:
;__Lib_MathDouble.c, 412 :: 		
0x9D000338	0x10000006  BEQ	R0, R0, label_end
;__Lib_MathDouble.c, 413 :: 		
0x9D00033C	0x00051025  OR	R2, R0, R5
;__Lib_MathDouble.c, 414 :: 		
label21:
;__Lib_MathDouble.c, 415 :: 		
0x9D000340	0x10000004  BEQ	R0, R0, label_end
;__Lib_MathDouble.c, 416 :: 		
0x9D000344	0x00041025  OR	R2, R0, R4
;__Lib_MathDouble.c, 417 :: 		
label12:
;__Lib_MathDouble.c, 418 :: 		
0x9D000348	0x10000002  BEQ	R0, R0, label_end
;__Lib_MathDouble.c, 419 :: 		
0x9D00034C	0x24020000  ADDIU	R2, R0, 0
;__Lib_MathDouble.c, 420 :: 		
label20:
;__Lib_MathDouble.c, 422 :: 		
0x9D000350	0x3C02FFC0  LUI	R2, 65472
;__Lib_MathDouble.c, 423 :: 		
label_end:
;__Lib_MathDouble.c, 425 :: 		
L_end__UnsignedIntegralToFloat:
0x9D000354	0x03E00008  JR	RA
0x9D000358	0x27BD0004  ADDIU	SP, SP, 4
; end of __Lib_MathDouble__UnsignedIntegralToFloat
__Sub_FP:
;__Lib_MathDouble.c, 1188 :: 		
0x9D00104C	0x27BDFFFC  ADDIU	SP, SP, -4
0x9D001050	0xAFBF0000  SW	RA, 0(SP)
;__Lib_MathDouble.c, 1190 :: 		
0x9D001054	0x3C058000  LUI	R5, 32768
;__Lib_MathDouble.c, 1191 :: 		
0x9D001058	0x00C53026  XOR	R6, R6, R5
;__Lib_MathDouble.c, 1193 :: 		
0x9D00105C	0x0F4000EF  JAL	__Add_FP+0
0x9D001060	0x70000000  NOP	
;__Lib_MathDouble.c, 1194 :: 		
L_end__Sub_FP:
0x9D001064	0x8FBF0000  LW	RA, 0(SP)
0x9D001068	0x03E00008  JR	RA
0x9D00106C	0x27BD0004  ADDIU	SP, SP, 4
; end of __Sub_FP
__Add_FP:
;__Lib_MathDouble.c, 1003 :: 		
0x9D0003BC	0x27BDFFFC  ADDIU	SP, SP, -4
;__Lib_MathDouble.c, 1005 :: 		
0x9D0003C0	0x00044DC2  SRL	R9, R4, 23
;__Lib_MathDouble.c, 1006 :: 		
0x9D0003C4	0x312900FF  ANDI	R9, R9, 255
;__Lib_MathDouble.c, 1007 :: 		
0x9D0003C8	0x00065DC2  SRL	R11, R6, 23
;__Lib_MathDouble.c, 1008 :: 		
0x9D0003CC	0x316B00FF  ANDI	R11, R11, 255
;__Lib_MathDouble.c, 1009 :: 		
0x9D0003D0	0x3C078000  LUI	R7, 32768
;__Lib_MathDouble.c, 1010 :: 		
0x9D0003D4	0x00044200  SLL	R8, R4, 8
;__Lib_MathDouble.c, 1011 :: 		
0x9D0003D8	0x01074025  OR	R8, R8, R7
;__Lib_MathDouble.c, 1012 :: 		
0x9D0003DC	0x00065200  SLL	R10, R6, 8
;__Lib_MathDouble.c, 1013 :: 		
0x9D0003E0	0x01475025  OR	R10, R10, R7
;__Lib_MathDouble.c, 1014 :: 		
0x9D0003E4	0x252DFFFF  ADDIU	R13, R9, -1
;__Lib_MathDouble.c, 1015 :: 		
0x9D0003E8	0x2DAE00FE  SLTIU	R14, R13, 254
;__Lib_MathDouble.c, 1016 :: 		
0x9D0003EC	0x11C00061  BEQ	R14, R0, label1
;__Lib_MathDouble.c, 1017 :: 		
0x9D0003F0	0x70000000  NOP	
;__Lib_MathDouble.c, 1018 :: 		
label18:
;__Lib_MathDouble.c, 1019 :: 		
0x9D0003F4	0x256DFFFF  ADDIU	R13, R11, -1
;__Lib_MathDouble.c, 1020 :: 		
0x9D0003F8	0x2DAE00FE  SLTIU	R14, R13, 254
;__Lib_MathDouble.c, 1021 :: 		
0x9D0003FC	0x11C00077  BEQ	R14, R0, label2
;__Lib_MathDouble.c, 1022 :: 		
0x9D000400	0x70000000  NOP	
;__Lib_MathDouble.c, 1023 :: 		
label23:
;__Lib_MathDouble.c, 1024 :: 		
0x9D000404	0x012B6023  SUBU	R12, R9, R11
;__Lib_MathDouble.c, 1025 :: 		
0x9D000408	0x0580000D  BLTZ	R12, label3
;__Lib_MathDouble.c, 1026 :: 		
0x9D00040C	0x70000000  NOP	
;__Lib_MathDouble.c, 1027 :: 		
0x9D000410	0x298E0020  SLTI	R14, R12, 32
;__Lib_MathDouble.c, 1028 :: 		
0x9D000414	0x15C00003  BNE	R14, R0, label4
;__Lib_MathDouble.c, 1029 :: 		
0x9D000418	0x70000000  NOP	
;__Lib_MathDouble.c, 1030 :: 		
0x9D00041C	0x10000015  BEQ	R0, R0, label5
;__Lib_MathDouble.c, 1031 :: 		
0x9D000420	0x240A0002  ADDIU	R10, R0, 2
;__Lib_MathDouble.c, 1032 :: 		
label4:
;__Lib_MathDouble.c, 1033 :: 		
0x9D000424	0x000A2825  OR	R5, R0, R10
;__Lib_MathDouble.c, 1034 :: 		
0x9D000428	0x018A5006  SRLV	R10, R10, R12
;__Lib_MathDouble.c, 1035 :: 		
0x9D00042C	0x018A6804  SLLV	R13, R10, R12
;__Lib_MathDouble.c, 1036 :: 		
0x9D000430	0x11A50010  BEQ	R13, R5, label5
;__Lib_MathDouble.c, 1037 :: 		
0x9D000434	0x70000000  NOP	
;__Lib_MathDouble.c, 1038 :: 		
0x9D000438	0x1000000E  BEQ	R0, R0, label5
;__Lib_MathDouble.c, 1039 :: 		
0x9D00043C	0x354A0002  ORI	R10, R10, 2
;__Lib_MathDouble.c, 1040 :: 		
label3:
;__Lib_MathDouble.c, 1041 :: 		
0x9D000440	0x000B4825  OR	R9, R0, R11
;__Lib_MathDouble.c, 1042 :: 		
0x9D000444	0x000C6023  SUBU	R12, R0, R12
;__Lib_MathDouble.c, 1043 :: 		
0x9D000448	0x298E0020  SLTI	R14, R12, 32
;__Lib_MathDouble.c, 1044 :: 		
0x9D00044C	0x15C00003  BNE	R14, R0, label6
;__Lib_MathDouble.c, 1045 :: 		
0x9D000450	0x70000000  NOP	
;__Lib_MathDouble.c, 1046 :: 		
0x9D000454	0x10000007  BEQ	R0, R0, label5
;__Lib_MathDouble.c, 1047 :: 		
0x9D000458	0x24080002  ADDIU	R8, R0, 2
;__Lib_MathDouble.c, 1048 :: 		
label6:
;__Lib_MathDouble.c, 1049 :: 		
0x9D00045C	0x00082825  OR	R5, R0, R8
;__Lib_MathDouble.c, 1050 :: 		
0x9D000460	0x01884006  SRLV	R8, R8, R12
;__Lib_MathDouble.c, 1051 :: 		
0x9D000464	0x01886804  SLLV	R13, R8, R12
;__Lib_MathDouble.c, 1052 :: 		
0x9D000468	0x11A50002  BEQ	R13, R5, label5
;__Lib_MathDouble.c, 1053 :: 		
0x9D00046C	0x70000000  NOP	
;__Lib_MathDouble.c, 1054 :: 		
0x9D000470	0x35080002  ORI	R8, R8, 2
;__Lib_MathDouble.c, 1055 :: 		
label5:
;__Lib_MathDouble.c, 1056 :: 		
0x9D000474	0x00876024  AND	R12, R4, R7
;__Lib_MathDouble.c, 1057 :: 		
0x9D000478	0x01866826  XOR	R13, R12, R6
;__Lib_MathDouble.c, 1058 :: 		
0x9D00047C	0x05A00010  BLTZ	R13, label7
;__Lib_MathDouble.c, 1059 :: 		
0x9D000480	0x70000000  NOP	
;__Lib_MathDouble.c, 1060 :: 		
0x9D000484	0x010A4021  ADDU	R8, R8, R10
;__Lib_MathDouble.c, 1061 :: 		
0x9D000488	0x010A682B  SLTU	R13, R8, R10
;__Lib_MathDouble.c, 1062 :: 		
0x9D00048C	0x11A00017  BEQ	R13, R0, label8
;__Lib_MathDouble.c, 1063 :: 		
0x9D000490	0x70000000  NOP	
;__Lib_MathDouble.c, 1064 :: 		
0x9D000494	0x310D0001  ANDI	R13, R8, 1
;__Lib_MathDouble.c, 1065 :: 		
0x9D000498	0x11A00002  BEQ	R13, R0, label9
;__Lib_MathDouble.c, 1066 :: 		
0x9D00049C	0x70000000  NOP	
;__Lib_MathDouble.c, 1067 :: 		
0x9D0004A0	0x35080002  ORI	R8, R8, 2
;__Lib_MathDouble.c, 1068 :: 		
label9:
;__Lib_MathDouble.c, 1069 :: 		
0x9D0004A4	0x00084042  SRL	R8, R8, 1
;__Lib_MathDouble.c, 1070 :: 		
0x9D0004A8	0x25290001  ADDIU	R9, R9, 1
;__Lib_MathDouble.c, 1071 :: 		
0x9D0004AC	0x240E00FF  ADDIU	R14, R0, 255
;__Lib_MathDouble.c, 1072 :: 		
0x9D0004B0	0x152E000E  BNE	R9, R14, label8
;__Lib_MathDouble.c, 1073 :: 		
0x9D0004B4	0x70000000  NOP	
;__Lib_MathDouble.c, 1074 :: 		
0x9D0004B8	0x1000000C  BEQ	R0, R0, label8
;__Lib_MathDouble.c, 1075 :: 		
0x9D0004BC	0x24080000  ADDIU	R8, R0, 0
;__Lib_MathDouble.c, 1076 :: 		
label7:
;__Lib_MathDouble.c, 1077 :: 		
0x9D0004C0	0x010A682B  SLTU	R13, R8, R10
;__Lib_MathDouble.c, 1078 :: 		
0x9D0004C4	0x11A00004  BEQ	R13, R0, label10
;__Lib_MathDouble.c, 1079 :: 		
0x9D0004C8	0x010A4023  SUBU	R8, R8, R10
;__Lib_MathDouble.c, 1080 :: 		
0x9D0004CC	0x00084023  SUBU	R8, R0, R8
;__Lib_MathDouble.c, 1081 :: 		
0x9D0004D0	0x10000003  BEQ	R0, R0, label11
;__Lib_MathDouble.c, 1082 :: 		
0x9D0004D4	0x01876026  XOR	R12, R12, R7
;__Lib_MathDouble.c, 1083 :: 		
label10:
;__Lib_MathDouble.c, 1084 :: 		
0x9D0004D8	0x11000050  BEQ	R8, R0, label12
;__Lib_MathDouble.c, 1085 :: 		
0x9D0004DC	0x70000000  NOP	
;__Lib_MathDouble.c, 1086 :: 		
label11:
;__Lib_MathDouble.c, 1087 :: 		
0x9D0004E0	0x71052820  CLZ	R5, R8
;__Lib_MathDouble.c, 1088 :: 		
0x9D0004E4	0x01254823  SUBU	R9, R9, R5
;__Lib_MathDouble.c, 1089 :: 		
0x9D0004E8	0x00A84004  SLLV	R8, R8, R5
;__Lib_MathDouble.c, 1090 :: 		
label8:
;__Lib_MathDouble.c, 1091 :: 		
0x9D0004EC	0x1920000E  BLEZ	R9, label13
;__Lib_MathDouble.c, 1092 :: 		
0x9D0004F0	0x70000000  NOP	
;__Lib_MathDouble.c, 1093 :: 		
label15:
;__Lib_MathDouble.c, 1094 :: 		
0x9D0004F4	0x25080080  ADDIU	R8, R8, 128
;__Lib_MathDouble.c, 1095 :: 		
0x9D0004F8	0x2D0D0080  SLTIU	R13, R8, 128
;__Lib_MathDouble.c, 1096 :: 		
0x9D0004FC	0x012D4821  ADDU	R9, R9, R13
;__Lib_MathDouble.c, 1097 :: 		
0x9D000500	0x00086A02  SRL	R13, R8, 8
;__Lib_MathDouble.c, 1098 :: 		
0x9D000504	0x31AD0001  ANDI	R13, R13, 1
;__Lib_MathDouble.c, 1099 :: 		
0x9D000508	0x010D4023  SUBU	R8, R8, R13
;__Lib_MathDouble.c, 1100 :: 		
0x9D00050C	0x00084040  SLL	R8, R8, 1
;__Lib_MathDouble.c, 1101 :: 		
0x9D000510	0x00084242  SRL	R8, R8, 9
;__Lib_MathDouble.c, 1102 :: 		
0x9D000514	0x00096DC0  SLL	R13, R9, 23
;__Lib_MathDouble.c, 1103 :: 		
0x9D000518	0x010D4025  OR	R8, R8, R13
;__Lib_MathDouble.c, 1104 :: 		
0x9D00051C	0x010C1025  OR	R2, R8, R12
;__Lib_MathDouble.c, 1105 :: 		
label24:
;__Lib_MathDouble.c, 1106 :: 		
0x9D000520	0x10000042  B	label_end
;__Lib_MathDouble.c, 1107 :: 		
0x9D000524	0x70000000  NOP	
;__Lib_MathDouble.c, 1108 :: 		
label13:
;__Lib_MathDouble.c, 1109 :: 		
0x9D000528	0x24050001  ADDIU	R5, R0, 1
;__Lib_MathDouble.c, 1110 :: 		
0x9D00052C	0x00A92823  SUBU	R5, R5, R9
;__Lib_MathDouble.c, 1111 :: 		
0x9D000530	0x2CAE0020  SLTIU	R14, R5, 32
;__Lib_MathDouble.c, 1112 :: 		
0x9D000534	0x11C00039  BEQ	R14, R0, label12
;__Lib_MathDouble.c, 1113 :: 		
0x9D000538	0x70000000  NOP	
;__Lib_MathDouble.c, 1114 :: 		
0x9D00053C	0x3C0E8000  LUI	R14, 32768
;__Lib_MathDouble.c, 1115 :: 		
0x9D000540	0x010E4025  OR	R8, R8, R14
;__Lib_MathDouble.c, 1116 :: 		
0x9D000544	0x240D0020  ADDIU	R13, R0, 32
;__Lib_MathDouble.c, 1117 :: 		
0x9D000548	0x01A56823  SUBU	R13, R13, R5
;__Lib_MathDouble.c, 1118 :: 		
0x9D00054C	0x01A84804  SLLV	R9, R8, R13
;__Lib_MathDouble.c, 1119 :: 		
0x9D000550	0x11200002  BEQ	R9, R0, label14
;__Lib_MathDouble.c, 1120 :: 		
0x9D000554	0x00A84006  SRLV	R8, R8, R5
;__Lib_MathDouble.c, 1121 :: 		
0x9D000558	0x35080001  ORI	R8, R8, 1
;__Lib_MathDouble.c, 1122 :: 		
label14:
;__Lib_MathDouble.c, 1123 :: 		
0x9D00055C	0x24090000  ADDIU	R9, R0, 0
;__Lib_MathDouble.c, 1124 :: 		
0x9D000560	0x250D0080  ADDIU	R13, R8, 128
;__Lib_MathDouble.c, 1125 :: 		
0x9D000564	0x05A1FFE3  BGEZ	R13, label15
;__Lib_MathDouble.c, 1126 :: 		
0x9D000568	0x70000000  NOP	
;__Lib_MathDouble.c, 1127 :: 		
0x9D00056C	0x1000FFE1  BEQ	R0, R0, label15
;__Lib_MathDouble.c, 1128 :: 		
0x9D000570	0x24090001  ADDIU	R9, R0, 1
;__Lib_MathDouble.c, 1129 :: 		
label1:
;__Lib_MathDouble.c, 1130 :: 		
0x9D000574	0x1520000E  BNE	R9, R0, label16
;__Lib_MathDouble.c, 1131 :: 		
0x9D000578	0x70000000  NOP	
;__Lib_MathDouble.c, 1132 :: 		
0x9D00057C	0x01084021  ADDU	R8, R8, R8
;__Lib_MathDouble.c, 1133 :: 		
0x9D000580	0x11000005  BEQ	R8, R0, label17
;__Lib_MathDouble.c, 1134 :: 		
0x9D000584	0x70000000  NOP	
;__Lib_MathDouble.c, 1135 :: 		
0x9D000588	0x710C6020  CLZ	R12, R8
;__Lib_MathDouble.c, 1136 :: 		
0x9D00058C	0x012C4823  SUBU	R9, R9, R12
;__Lib_MathDouble.c, 1137 :: 		
0x9D000590	0x1000FF98  BEQ	R0, R0, label18
;__Lib_MathDouble.c, 1138 :: 		
0x9D000594	0x01884004  SLLV	R8, R8, R12
;__Lib_MathDouble.c, 1139 :: 		
label17:
;__Lib_MathDouble.c, 1140 :: 		
0x9D000598	0x240E00FF  ADDIU	R14, R0, 255
;__Lib_MathDouble.c, 1141 :: 		
0x9D00059C	0x116E000F  BEQ	R11, R14, label2
;__Lib_MathDouble.c, 1142 :: 		
0x9D0005A0	0x70000000  NOP	
;__Lib_MathDouble.c, 1143 :: 		
0x9D0005A4	0x3C0E8000  LUI	R14, 32768
;__Lib_MathDouble.c, 1144 :: 		
0x9D0005A8	0x14CE0018  BNE	R6, R14, label19
;__Lib_MathDouble.c, 1145 :: 		
0x9D0005AC	0x70000000  NOP	
;__Lib_MathDouble.c, 1146 :: 		
label16:
;__Lib_MathDouble.c, 1147 :: 		
0x9D0005B0	0x01086821  ADDU	R13, R8, R8
;__Lib_MathDouble.c, 1148 :: 		
0x9D0005B4	0x15A0001B  BNE	R13, R0, label20
;__Lib_MathDouble.c, 1149 :: 		
0x9D0005B8	0x70000000  NOP	
;__Lib_MathDouble.c, 1150 :: 		
0x9D0005BC	0x240E00FF  ADDIU	R14, R0, 255
;__Lib_MathDouble.c, 1151 :: 		
0x9D0005C0	0x156E0014  BNE	R11, R14, label21
;__Lib_MathDouble.c, 1152 :: 		
0x9D0005C4	0x70000000  NOP	
;__Lib_MathDouble.c, 1153 :: 		
0x9D0005C8	0x00866826  XOR	R13, R4, R6
;__Lib_MathDouble.c, 1154 :: 		
0x9D0005CC	0x05A00015  BLTZ	R13, label20
;__Lib_MathDouble.c, 1155 :: 		
0x9D0005D0	0x70000000  NOP	
;__Lib_MathDouble.c, 1156 :: 		
0x9D0005D4	0x1000000D  BEQ	R0, R0, label19
;__Lib_MathDouble.c, 1157 :: 		
0x9D0005D8	0x70000000  NOP	
;__Lib_MathDouble.c, 1158 :: 		
label2:
;__Lib_MathDouble.c, 1159 :: 		
0x9D0005DC	0x15600008  BNE	R11, R0, label22
;__Lib_MathDouble.c, 1160 :: 		
0x9D0005E0	0x70000000  NOP	
;__Lib_MathDouble.c, 1161 :: 		
0x9D0005E4	0x014A5021  ADDU	R10, R10, R10
;__Lib_MathDouble.c, 1162 :: 		
0x9D0005E8	0x1140000A  BEQ	R10, R0, label21
;__Lib_MathDouble.c, 1163 :: 		
0x9D0005EC	0x70000000  NOP	
;__Lib_MathDouble.c, 1164 :: 		
0x9D0005F0	0x714C6020  CLZ	R12, R10
;__Lib_MathDouble.c, 1165 :: 		
0x9D0005F4	0x016C5823  SUBU	R11, R11, R12
;__Lib_MathDouble.c, 1166 :: 		
0x9D0005F8	0x1000FF82  BEQ	R0, R0, label23
;__Lib_MathDouble.c, 1167 :: 		
0x9D0005FC	0x018A5004  SLLV	R10, R10, R12
;__Lib_MathDouble.c, 1168 :: 		
label22:
;__Lib_MathDouble.c, 1169 :: 		
0x9D000600	0x014A6821  ADDU	R13, R10, R10
;__Lib_MathDouble.c, 1170 :: 		
0x9D000604	0x15A00007  BNE	R13, R0, label20
;__Lib_MathDouble.c, 1171 :: 		
0x9D000608	0x70000000  NOP	
;__Lib_MathDouble.c, 1172 :: 		
label19:
;__Lib_MathDouble.c, 1173 :: 		
0x9D00060C	0x1000FFC4  BEQ	R0, R0, label24
;__Lib_MathDouble.c, 1174 :: 		
0x9D000610	0x00061025  OR	R2, R0, R6
;__Lib_MathDouble.c, 1175 :: 		
label21:
;__Lib_MathDouble.c, 1176 :: 		
0x9D000614	0x1000FFC2  BEQ	R0, R0, label24
;__Lib_MathDouble.c, 1177 :: 		
0x9D000618	0x00041025  OR	R2, R0, R4
;__Lib_MathDouble.c, 1178 :: 		
label12:
;__Lib_MathDouble.c, 1179 :: 		
0x9D00061C	0x1000FFC0  BEQ	R0, R0, label24
;__Lib_MathDouble.c, 1180 :: 		
0x9D000620	0x24020000  ADDIU	R2, R0, 0
;__Lib_MathDouble.c, 1181 :: 		
label20:
;__Lib_MathDouble.c, 1182 :: 		
0x9D000624	0x1000FFBE  BEQ	R0, R0, label24
;__Lib_MathDouble.c, 1183 :: 		
0x9D000628	0x3C02FFC0  LUI	R2, 65472
;__Lib_MathDouble.c, 1184 :: 		
label_end:
;__Lib_MathDouble.c, 1186 :: 		
L_end__Add_FP:
0x9D00062C	0x03E00008  JR	RA
0x9D000630	0x27BD0004  ADDIU	SP, SP, 4
; end of __Add_FP
__Mul_FP:
;__Lib_MathDouble.c, 1196 :: 		
0x9D0009AC	0x27BDFFFC  ADDIU	SP, SP, -4
;__Lib_MathDouble.c, 1198 :: 		
0x9D0009B0	0x00043DC2  SRL	R7, R4, 23
;__Lib_MathDouble.c, 1199 :: 		
0x9D0009B4	0x30E700FF  ANDI	R7, R7, 255
;__Lib_MathDouble.c, 1200 :: 		
0x9D0009B8	0x00064DC2  SRL	R9, R6, 23
;__Lib_MathDouble.c, 1201 :: 		
0x9D0009BC	0x312900FF  ANDI	R9, R9, 255
;__Lib_MathDouble.c, 1202 :: 		
0x9D0009C0	0x3C0A8000  LUI	R10, 32768
;__Lib_MathDouble.c, 1203 :: 		
0x9D0009C4	0x00042A00  SLL	R5, R4, 8
;__Lib_MathDouble.c, 1204 :: 		
0x9D0009C8	0x00AA2825  OR	R5, R5, R10
;__Lib_MathDouble.c, 1205 :: 		
0x9D0009CC	0x00064200  SLL	R8, R6, 8
;__Lib_MathDouble.c, 1206 :: 		
0x9D0009D0	0x010A4025  OR	R8, R8, R10
;__Lib_MathDouble.c, 1207 :: 		
0x9D0009D4	0x00866026  XOR	R12, R4, R6
;__Lib_MathDouble.c, 1208 :: 		
0x9D0009D8	0x014C5024  AND	R10, R10, R12
;__Lib_MathDouble.c, 1209 :: 		
0x9D0009DC	0x24ECFFFF  ADDIU	R12, R7, -1
;__Lib_MathDouble.c, 1210 :: 		
0x9D0009E0	0x2D8F00FE  SLTIU	R15, R12, 254
;__Lib_MathDouble.c, 1211 :: 		
0x9D0009E4	0x11E00021  BEQ	R15, R0, label1
;__Lib_MathDouble.c, 1212 :: 		
0x9D0009E8	0x70000000  NOP	
;__Lib_MathDouble.c, 1213 :: 		
label8:
;__Lib_MathDouble.c, 1214 :: 		
0x9D0009EC	0x252CFFFF  ADDIU	R12, R9, -1
;__Lib_MathDouble.c, 1215 :: 		
0x9D0009F0	0x2D8F00FE  SLTIU	R15, R12, 254
;__Lib_MathDouble.c, 1216 :: 		
0x9D0009F4	0x11E00036  BEQ	R15, R0, label2
;__Lib_MathDouble.c, 1217 :: 		
0x9D0009F8	0x70000000  NOP	
;__Lib_MathDouble.c, 1218 :: 		
label14:
;__Lib_MathDouble.c, 1219 :: 		
0x9D0009FC	0x00A80019  MULTU	R5, R8
;__Lib_MathDouble.c, 1220 :: 		
0x9D000A00	0x00005812  MFLO	R11
;__Lib_MathDouble.c, 1221 :: 		
0x9D000A04	0x11600002  BEQ	R11, R0, label3
;__Lib_MathDouble.c, 1222 :: 		
0x9D000A08	0x00002810  MFHI	R5
;__Lib_MathDouble.c, 1223 :: 		
0x9D000A0C	0x34A50001  ORI	R5, R5, 1
;__Lib_MathDouble.c, 1224 :: 		
label3:
;__Lib_MathDouble.c, 1225 :: 		
0x9D000A10	0x04A00003  BLTZ	R5, label4
;__Lib_MathDouble.c, 1226 :: 		
0x9D000A14	0x70000000  NOP	
;__Lib_MathDouble.c, 1227 :: 		
0x9D000A18	0x00052840  SLL	R5, R5, 1
;__Lib_MathDouble.c, 1228 :: 		
0x9D000A1C	0x24E7FFFF  ADDIU	R7, R7, -1
;__Lib_MathDouble.c, 1229 :: 		
label4:
;__Lib_MathDouble.c, 1230 :: 		
0x9D000A20	0x252CFF82  ADDIU	R12, R9, -126
;__Lib_MathDouble.c, 1231 :: 		
0x9D000A24	0x00EC3821  ADDU	R7, R7, R12
;__Lib_MathDouble.c, 1232 :: 		
0x9D000A28	0x24ECFFFF  ADDIU	R12, R7, -1
;__Lib_MathDouble.c, 1233 :: 		
0x9D000A2C	0x2D8F00FE  SLTIU	R15, R12, 254
;__Lib_MathDouble.c, 1234 :: 		
0x9D000A30	0x11E0003A  BEQ	R15, R0, label5
;__Lib_MathDouble.c, 1235 :: 		
0x9D000A34	0x70000000  NOP	
;__Lib_MathDouble.c, 1236 :: 		
label17:
;__Lib_MathDouble.c, 1237 :: 		
0x9D000A38	0x24A50080  ADDIU	R5, R5, 128
;__Lib_MathDouble.c, 1238 :: 		
0x9D000A3C	0x2CAC0080  SLTIU	R12, R5, 128
;__Lib_MathDouble.c, 1239 :: 		
0x9D000A40	0x00EC3821  ADDU	R7, R7, R12
;__Lib_MathDouble.c, 1240 :: 		
0x9D000A44	0x00056202  SRL	R12, R5, 8
;__Lib_MathDouble.c, 1241 :: 		
0x9D000A48	0x318C0001  ANDI	R12, R12, 1
;__Lib_MathDouble.c, 1242 :: 		
0x9D000A4C	0x00AC2823  SUBU	R5, R5, R12
;__Lib_MathDouble.c, 1243 :: 		
0x9D000A50	0x00052840  SLL	R5, R5, 1
;__Lib_MathDouble.c, 1244 :: 		
0x9D000A54	0x00052A42  SRL	R5, R5, 9
;__Lib_MathDouble.c, 1245 :: 		
0x9D000A58	0x000765C0  SLL	R12, R7, 23
;__Lib_MathDouble.c, 1246 :: 		
0x9D000A5C	0x00AC2825  OR	R5, R5, R12
;__Lib_MathDouble.c, 1247 :: 		
0x9D000A60	0x00AA1025  OR	R2, R5, R10
;__Lib_MathDouble.c, 1248 :: 		
label15:
;__Lib_MathDouble.c, 1249 :: 		
0x9D000A64	0x10000040  B	label_end
;__Lib_MathDouble.c, 1250 :: 		
0x9D000A68	0x70000000  NOP	
;__Lib_MathDouble.c, 1251 :: 		
label1:
;__Lib_MathDouble.c, 1252 :: 		
0x9D000A6C	0x14E0000D  BNE	R7, R0, label6
;__Lib_MathDouble.c, 1253 :: 		
0x9D000A70	0x70000000  NOP	
;__Lib_MathDouble.c, 1254 :: 		
0x9D000A74	0x00A52821  ADDU	R5, R5, R5
;__Lib_MathDouble.c, 1255 :: 		
0x9D000A78	0x10A00005  BEQ	R5, R0, label7
;__Lib_MathDouble.c, 1256 :: 		
0x9D000A7C	0x70000000  NOP	
;__Lib_MathDouble.c, 1257 :: 		
0x9D000A80	0x70AB5820  CLZ	R11, R5
;__Lib_MathDouble.c, 1258 :: 		
0x9D000A84	0x00EB3823  SUBU	R7, R7, R11
;__Lib_MathDouble.c, 1259 :: 		
0x9D000A88	0x1000FFD8  BEQ	R0, R0, label8
;__Lib_MathDouble.c, 1260 :: 		
0x9D000A8C	0x01652804  SLLV	R5, R5, R11
;__Lib_MathDouble.c, 1261 :: 		
label7:
;__Lib_MathDouble.c, 1262 :: 		
0x9D000A90	0x240F00FF  ADDIU	R15, R0, 255
;__Lib_MathDouble.c, 1263 :: 		
0x9D000A94	0x112F001F  BEQ	R9, R15, label9
;__Lib_MathDouble.c, 1264 :: 		
0x9D000A98	0x70000000  NOP	
;__Lib_MathDouble.c, 1265 :: 		
0x9D000A9C	0x10000015  BEQ	R0, R0, label10
;__Lib_MathDouble.c, 1266 :: 		
0x9D000AA0	0x70000000  NOP	
;__Lib_MathDouble.c, 1267 :: 		
label6:
;__Lib_MathDouble.c, 1268 :: 		
0x9D000AA4	0x00A56021  ADDU	R12, R5, R5
;__Lib_MathDouble.c, 1269 :: 		
0x9D000AA8	0x1580001A  BNE	R12, R0, label9
;__Lib_MathDouble.c, 1270 :: 		
0x9D000AAC	0x70000000  NOP	
;__Lib_MathDouble.c, 1271 :: 		
0x9D000AB0	0x15200004  BNE	R9, R0, label11
;__Lib_MathDouble.c, 1272 :: 		
0x9D000AB4	0x70000000  NOP	
;__Lib_MathDouble.c, 1273 :: 		
0x9D000AB8	0x01086021  ADDU	R12, R8, R8
;__Lib_MathDouble.c, 1274 :: 		
0x9D000ABC	0x11800015  BEQ	R12, R0, label9
;__Lib_MathDouble.c, 1275 :: 		
0x9D000AC0	0x70000000  NOP	
;__Lib_MathDouble.c, 1276 :: 		
label11:
;__Lib_MathDouble.c, 1277 :: 		
0x9D000AC4	0x240F00FF  ADDIU	R15, R0, 255
;__Lib_MathDouble.c, 1278 :: 		
0x9D000AC8	0x152F000F  BNE	R9, R15, label12
;__Lib_MathDouble.c, 1279 :: 		
0x9D000ACC	0x70000000  NOP	
;__Lib_MathDouble.c, 1280 :: 		
label2:
;__Lib_MathDouble.c, 1281 :: 		
0x9D000AD0	0x1520000A  BNE	R9, R0, label13
;__Lib_MathDouble.c, 1282 :: 		
0x9D000AD4	0x70000000  NOP	
;__Lib_MathDouble.c, 1283 :: 		
0x9D000AD8	0x01084021  ADDU	R8, R8, R8
;__Lib_MathDouble.c, 1284 :: 		
0x9D000ADC	0x11000005  BEQ	R8, R0, label10
;__Lib_MathDouble.c, 1285 :: 		
0x9D000AE0	0x70000000  NOP	
;__Lib_MathDouble.c, 1286 :: 		
0x9D000AE4	0x710B5820  CLZ	R11, R8
;__Lib_MathDouble.c, 1287 :: 		
0x9D000AE8	0x012B4823  SUBU	R9, R9, R11
;__Lib_MathDouble.c, 1288 :: 		
0x9D000AEC	0x1000FFC3  BEQ	R0, R0, label14
;__Lib_MathDouble.c, 1289 :: 		
0x9D000AF0	0x01684004  SLLV	R8, R8, R11
;__Lib_MathDouble.c, 1290 :: 		
label10:
;__Lib_MathDouble.c, 1291 :: 		
0x9D000AF4	0x1000FFDB  BEQ	R0, R0, label15
;__Lib_MathDouble.c, 1292 :: 		
0x9D000AF8	0x000A1025  OR	R2, R0, R10
;__Lib_MathDouble.c, 1293 :: 		
label13:
;__Lib_MathDouble.c, 1294 :: 		
0x9D000AFC	0x01086021  ADDU	R12, R8, R8
;__Lib_MathDouble.c, 1295 :: 		
0x9D000B00	0x15800004  BNE	R12, R0, label9
;__Lib_MathDouble.c, 1296 :: 		
0x9D000B04	0x70000000  NOP	
;__Lib_MathDouble.c, 1297 :: 		
label12:
;__Lib_MathDouble.c, 1298 :: 		
0x9D000B08	0x3C0F7F80  LUI	R15, 32640
;__Lib_MathDouble.c, 1299 :: 		
0x9D000B0C	0x1000FFD5  BEQ	R0, R0, label15
;__Lib_MathDouble.c, 1300 :: 		
0x9D000B10	0x014F1025  OR	R2, R10, R15
;__Lib_MathDouble.c, 1301 :: 		
label9:
;__Lib_MathDouble.c, 1302 :: 		
0x9D000B14	0x1000FFD3  BEQ	R0, R0, label15
;__Lib_MathDouble.c, 1303 :: 		
0x9D000B18	0x3C02FFC0  LUI	R2, 65472
;__Lib_MathDouble.c, 1304 :: 		
label5:
;__Lib_MathDouble.c, 1305 :: 		
0x9D000B1C	0x1CE0FFFA  BGTZ	R7, label12
;__Lib_MathDouble.c, 1306 :: 		
0x9D000B20	0x70000000  NOP	
;__Lib_MathDouble.c, 1307 :: 		
0x9D000B24	0x240B0001  ADDIU	R11, R0, 1
;__Lib_MathDouble.c, 1308 :: 		
0x9D000B28	0x01675823  SUBU	R11, R11, R7
;__Lib_MathDouble.c, 1309 :: 		
0x9D000B2C	0x2D6F0020  SLTIU	R15, R11, 32
;__Lib_MathDouble.c, 1310 :: 		
0x9D000B30	0x11E0FFF0  BEQ	R15, R0, label10
;__Lib_MathDouble.c, 1311 :: 		
0x9D000B34	0x70000000  NOP	
;__Lib_MathDouble.c, 1312 :: 		
0x9D000B38	0x240C0020  ADDIU	R12, R0, 32
;__Lib_MathDouble.c, 1313 :: 		
0x9D000B3C	0x018B6023  SUBU	R12, R12, R11
;__Lib_MathDouble.c, 1314 :: 		
0x9D000B40	0x01853804  SLLV	R7, R5, R12
;__Lib_MathDouble.c, 1315 :: 		
0x9D000B44	0x10E00002  BEQ	R7, R0, label16
;__Lib_MathDouble.c, 1316 :: 		
0x9D000B48	0x01652806  SRLV	R5, R5, R11
;__Lib_MathDouble.c, 1317 :: 		
0x9D000B4C	0x34A50002  ORI	R5, R5, 2
;__Lib_MathDouble.c, 1318 :: 		
label16:
;__Lib_MathDouble.c, 1319 :: 		
0x9D000B50	0x24070000  ADDIU	R7, R0, 0
;__Lib_MathDouble.c, 1320 :: 		
0x9D000B54	0x24AC0080  ADDIU	R12, R5, 128
;__Lib_MathDouble.c, 1321 :: 		
0x9D000B58	0x0581FFB7  BGEZ	R12, label17
;__Lib_MathDouble.c, 1322 :: 		
0x9D000B5C	0x70000000  NOP	
;__Lib_MathDouble.c, 1323 :: 		
0x9D000B60	0x1000FFB5  BEQ	R0, R0, label17
;__Lib_MathDouble.c, 1324 :: 		
0x9D000B64	0x24070001  ADDIU	R7, R0, 1
;__Lib_MathDouble.c, 1325 :: 		
label_end:
;__Lib_MathDouble.c, 1328 :: 		
L_end__Mul_FP:
0x9D000B68	0x03E00008  JR	RA
0x9D000B6C	0x27BD0004  ADDIU	SP, SP, 4
; end of __Mul_FP
_FloatToStr:
;__Lib_Conversions.c, 631 :: 		
0x9D000B70	0x27BDFFF0  ADDIU	SP, SP, -16
0x9D000B74	0xAFBF0000  SW	RA, 0(SP)
;__Lib_Conversions.c, 633 :: 		
0x9D000B78	0xAFB90004  SW	R25, 4(SP)
0x9D000B7C	0xAFBA0008  SW	R26, 8(SP)
; bpoint start address is: 56 (R14)
0x9D000B80	0x0000700A  MOVZ	R14, R0, R0
;__Lib_Conversions.c, 635 :: 		
; dexpon start address is: 52 (R13)
0x9D000B84	0x0000680A  MOVZ	R13, R0, R0
;__Lib_Conversions.c, 638 :: 		
0x9D000B88	0xAFB9000C  SW	R25, 12(SP)
;__Lib_Conversions.c, 639 :: 		
0x9D000B8C	0x8FA3000C  LW	R3, 12(SP)
0x9D000B90	0x3C02FFFF  LUI	R2, 65535
0x9D000B94	0x3442FFFF  ORI	R2, R2, 65535
0x9D000B98	0x14620007  BNE	R3, R2, L_FloatToStr117
0x9D000B9C	0x70000000  NOP	
L__FloatToStr309:
; bpoint end address is: 56 (R14)
; dexpon end address is: 52 (R13)
;__Lib_Conversions.c, 640 :: 		
0x9D000BA0	0x0340C80A  MOVZ	R25, R26, R0
0x9D000BA4	0x3C1AA000  LUI	R26, hi_addr(?lstr1___Lib_Conversions+0)
0x9D000BA8	0x0F4001B5  JAL	_strcpy+0
0x9D000BAC	0x375A0025  ORI	R26, R26, lo_addr(?lstr1___Lib_Conversions+0)
;__Lib_Conversions.c, 641 :: 		
0x9D000BB0	0x0B4003BF  J	L_end_FloatToStr
0x9D000BB4	0x34020003  ORI	R2, R0, 3
;__Lib_Conversions.c, 642 :: 		
L_FloatToStr117:
;__Lib_Conversions.c, 643 :: 		
; dexpon start address is: 52 (R13)
; bpoint start address is: 56 (R14)
; i start address is: 16 (R4)
0x9D000BB8	0x34040001  ORI	R4, R0, 1
;__Lib_Conversions.c, 644 :: 		
0x9D000BBC	0x27A2000C  ADDIU	R2, SP, 12
0x9D000BC0	0x24420003  ADDIU	R2, R2, 3
0x9D000BC4	0x90420000  LBU	R2, 0(R2)
0x9D000BC8	0x30420080  ANDI	R2, R2, 128
0x9D000BCC	0x1040000D  BEQ	R2, R0, L__FloatToStr177
0x9D000BD0	0x70000000  NOP	
L__FloatToStr311:
;__Lib_Conversions.c, 645 :: 		
0x9D000BD4	0x27A2000C  ADDIU	R2, SP, 12
0x9D000BD8	0x24430003  ADDIU	R3, R2, 3
0x9D000BDC	0x90620000  LBU	R2, 0(R3)
0x9D000BE0	0x38420080  XORI	R2, R2, 128
0x9D000BE4	0xA0620000  SB	R2, 0(R3)
;__Lib_Conversions.c, 646 :: 		
0x9D000BE8	0x24820001  ADDIU	R2, R4, 1
; i end address is: 16 (R4)
; i start address is: 24 (R6)
0x9D000BEC	0x304600FF  ANDI	R6, R2, 255
;__Lib_Conversions.c, 647 :: 		
0x9D000BF0	0x3402002D  ORI	R2, R0, 45
0x9D000BF4	0xA3420000  SB	R2, 0(R26)
0x9D000BF8	0x27420001  ADDIU	R2, R26, 1
; i end address is: 24 (R6)
;__Lib_Conversions.c, 648 :: 		
0x9D000BFC	0x0B400302  J	L_FloatToStr118
0x9D000C00	0x0040D00A  MOVZ	R26, R2, R0
L__FloatToStr177:
;__Lib_Conversions.c, 644 :: 		
0x9D000C04	0x308600FF  ANDI	R6, R4, 255
;__Lib_Conversions.c, 648 :: 		
L_FloatToStr118:
;__Lib_Conversions.c, 649 :: 		
; i start address is: 24 (R6)
0x9D000C08	0x8FA2000C  LW	R2, 12(SP)
0x9D000C0C	0x14400007  BNE	R2, R0, L_FloatToStr119
0x9D000C10	0x70000000  NOP	
L__FloatToStr312:
; i end address is: 24 (R6)
; bpoint end address is: 56 (R14)
; dexpon end address is: 52 (R13)
;__Lib_Conversions.c, 650 :: 		
0x9D000C14	0x0340C80A  MOVZ	R25, R26, R0
0x9D000C18	0x3C1AA000  LUI	R26, hi_addr(?lstr2___Lib_Conversions+0)
0x9D000C1C	0x0F4001B5  JAL	_strcpy+0
0x9D000C20	0x375A0029  ORI	R26, R26, lo_addr(?lstr2___Lib_Conversions+0)
;__Lib_Conversions.c, 651 :: 		
0x9D000C24	0x0B4003BF  J	L_end_FloatToStr
0x9D000C28	0x0000100A  MOVZ	R2, R0, R0
;__Lib_Conversions.c, 652 :: 		
L_FloatToStr119:
;__Lib_Conversions.c, 653 :: 		
; dexpon start address is: 52 (R13)
; bpoint start address is: 56 (R14)
; i start address is: 24 (R6)
0x9D000C2C	0x8FA3000C  LW	R3, 12(SP)
0x9D000C30	0x3C027F80  LUI	R2, 32640
0x9D000C34	0x14620007  BNE	R3, R2, L_FloatToStr120
0x9D000C38	0x70000000  NOP	
L__FloatToStr313:
; bpoint end address is: 56 (R14)
; dexpon end address is: 52 (R13)
;__Lib_Conversions.c, 654 :: 		
0x9D000C3C	0x0340C80A  MOVZ	R25, R26, R0
0x9D000C40	0x3C1AA000  LUI	R26, hi_addr(?lstr3___Lib_Conversions+0)
0x9D000C44	0x0F4001B5  JAL	_strcpy+0
0x9D000C48	0x375A002B  ORI	R26, R26, lo_addr(?lstr3___Lib_Conversions+0)
;__Lib_Conversions.c, 655 :: 		
; i end address is: 24 (R6)
0x9D000C4C	0x0B4003BF  J	L_end_FloatToStr
0x9D000C50	0x30C200FF  ANDI	R2, R6, 255
;__Lib_Conversions.c, 656 :: 		
L_FloatToStr120:
;__Lib_Conversions.c, 664 :: 		
; dexpon start address is: 52 (R13)
; bpoint start address is: 56 (R14)
; dexpon end address is: 52 (R13)
L_FloatToStr121:
; bpoint end address is: 56 (R14)
; dexpon start address is: 52 (R13)
; bpoint start address is: 56 (R14)
0x9D000C54	0x8FA6000C  LW	R6, 12(SP)
0x9D000C58	0x3C043F80  LUI	R4, 16256
0x9D000C5C	0x0F40018D  JAL	__Compare_FP+0
0x9D000C60	0x34840000  ORI	R4, R4, 0
0x9D000C64	0x0002102A  SLT	R2, R0, R2
0x9D000C68	0x10400009  BEQ	R2, R0, L_FloatToStr122
0x9D000C6C	0x70000000  NOP	
L__FloatToStr316:
;__Lib_Conversions.c, 665 :: 		
0x9D000C70	0x8FA6000C  LW	R6, 12(SP)
0x9D000C74	0x3C044120  LUI	R4, 16672
0x9D000C78	0x0F40026B  JAL	__Mul_FP+0
0x9D000C7C	0x34840000  ORI	R4, R4, 0
0x9D000C80	0xAFA2000C  SW	R2, 12(SP)
;__Lib_Conversions.c, 666 :: 		
0x9D000C84	0x25A2FFFF  ADDIU	R2, R13, -1
;__Lib_Conversions.c, 667 :: 		
0x9D000C88	0x0B400315  J	L_FloatToStr121
0x9D000C8C	0x7C026C20  SEB	R13, R2
L_FloatToStr122:
;__Lib_Conversions.c, 672 :: 		
; dexpon end address is: 52 (R13)
L_FloatToStr123:
; bpoint end address is: 56 (R14)
; bpoint start address is: 56 (R14)
; dexpon start address is: 52 (R13)
0x9D000C90	0x8FA6000C  LW	R6, 12(SP)
0x9D000C94	0x3C044120  LUI	R4, 16672
0x9D000C98	0x0F40018D  JAL	__Compare_FP+0
0x9D000C9C	0x34840000  ORI	R4, R4, 0
0x9D000CA0	0x28420001  SLTI	R2, R2, 1
0x9D000CA4	0x10400009  BEQ	R2, R0, L_FloatToStr124
0x9D000CA8	0x70000000  NOP	
L__FloatToStr319:
;__Lib_Conversions.c, 673 :: 		
0x9D000CAC	0x8FA6000C  LW	R6, 12(SP)
0x9D000CB0	0x3C043DCC  LUI	R4, 15820
0x9D000CB4	0x0F40026B  JAL	__Mul_FP+0
0x9D000CB8	0x3484CCCD  ORI	R4, R4, 52429
0x9D000CBC	0xAFA2000C  SW	R2, 12(SP)
;__Lib_Conversions.c, 674 :: 		
0x9D000CC0	0x25A20001  ADDIU	R2, R13, 1
;__Lib_Conversions.c, 675 :: 		
0x9D000CC4	0x0B400324  J	L_FloatToStr123
0x9D000CC8	0x7C026C20  SEB	R13, R2
L_FloatToStr124:
;__Lib_Conversions.c, 680 :: 		
0x9D000CCC	0x8FA2000C  LW	R2, 12(SP)
0x9D000CD0	0x00021040  SLL	R2, R2, 1
0x9D000CD4	0xAFA2000C  SW	R2, 12(SP)
;__Lib_Conversions.c, 689 :: 		
0x9D000CD8	0x27A2000C  ADDIU	R2, SP, 12
0x9D000CDC	0x24420003  ADDIU	R2, R2, 3
0x9D000CE0	0x90420000  LBU	R2, 0(R2)
0x9D000CE4	0x2442FF81  ADDIU	R2, R2, -127
; d start address is: 16 (R4)
0x9D000CE8	0x304400FF  ANDI	R4, R2, 255
;__Lib_Conversions.c, 692 :: 		
0x9D000CEC	0x27A2000C  ADDIU	R2, SP, 12
0x9D000CF0	0x24430003  ADDIU	R3, R2, 3
0x9D000CF4	0x34020001  ORI	R2, R0, 1
0x9D000CF8	0xA0620000  SB	R2, 0(R3)
;__Lib_Conversions.c, 693 :: 		
0x9D000CFC	0x308300FF  ANDI	R3, R4, 255
; d end address is: 16 (R4)
0x9D000D00	0x8FA2000C  LW	R2, 12(SP)
0x9D000D04	0x00621004  SLLV	R2, R2, R3
0x9D000D08	0xAFA2000C  SW	R2, 12(SP)
;__Lib_Conversions.c, 694 :: 		
0x9D000D0C	0x27A2000C  ADDIU	R2, SP, 12
0x9D000D10	0x24420003  ADDIU	R2, R2, 3
0x9D000D14	0x90420000  LBU	R2, 0(R2)
0x9D000D18	0x24420030  ADDIU	R2, R2, 48
0x9D000D1C	0xA3420000  SB	R2, 0(R26)
0x9D000D20	0x27420001  ADDIU	R2, R26, 1
0x9D000D24	0x0040D00A  MOVZ	R26, R2, R0
;__Lib_Conversions.c, 695 :: 		
0x9D000D28	0x7C0D1420  SEB	R2, R13
0x9D000D2C	0x28420001  SLTI	R2, R2, 1
0x9D000D30	0x14400007  BNE	R2, R0, L__FloatToStr176
0x9D000D34	0x70000000  NOP	
L__FloatToStr320:
0x9D000D38	0x7C0D1420  SEB	R2, R13
0x9D000D3C	0x28420007  SLTI	R2, R2, 7
0x9D000D40	0x10400003  BEQ	R2, R0, L__FloatToStr175
0x9D000D44	0x70000000  NOP	
L__FloatToStr321:
; bpoint end address is: 56 (R14)
0x9D000D48	0x0B400359  J	L_FloatToStr127
0x9D000D4C	0x31C500FF  ANDI	R5, R14, 255
L__FloatToStr176:
L__FloatToStr175:
;__Lib_Conversions.c, 696 :: 		
0x9D000D50	0x3402002E  ORI	R2, R0, 46
0x9D000D54	0xA3420000  SB	R2, 0(R26)
0x9D000D58	0x27420001  ADDIU	R2, R26, 1
0x9D000D5C	0x0040D00A  MOVZ	R26, R2, R0
;__Lib_Conversions.c, 697 :: 		
; bpoint start address is: 20 (R5)
0x9D000D60	0x34050001  ORI	R5, R0, 1
; bpoint end address is: 20 (R5)
;__Lib_Conversions.c, 698 :: 		
L_FloatToStr127:
;__Lib_Conversions.c, 699 :: 		
; bpoint start address is: 20 (R5)
; d start address is: 16 (R4)
0x9D000D64	0x34040006  ORI	R4, R0, 6
; dexpon end address is: 52 (R13)
; bpoint end address is: 20 (R5)
; d end address is: 16 (R4)
0x9D000D68	0x7C0D3420  SEB	R6, R13
L_FloatToStr128:
; d start address is: 16 (R4)
; bpoint start address is: 20 (R5)
; dexpon start address is: 24 (R6)
0x9D000D6C	0x308200FF  ANDI	R2, R4, 255
0x9D000D70	0x10400027  BEQ	R2, R0, L_FloatToStr129
0x9D000D74	0x70000000  NOP	
L__FloatToStr323:
;__Lib_Conversions.c, 700 :: 		
0x9D000D78	0x27A2000C  ADDIU	R2, SP, 12
0x9D000D7C	0x24420003  ADDIU	R2, R2, 3
0x9D000D80	0xA0400000  SB	R0, 0(R2)
;__Lib_Conversions.c, 701 :: 		
0x9D000D84	0x8FA2000C  LW	R2, 12(SP)
0x9D000D88	0x00021880  SLL	R3, R2, 2
0x9D000D8C	0x8FA2000C  LW	R2, 12(SP)
0x9D000D90	0x00431021  ADDU	R2, R2, R3
0x9D000D94	0xAFA2000C  SW	R2, 12(SP)
;__Lib_Conversions.c, 702 :: 		
0x9D000D98	0x8FA2000C  LW	R2, 12(SP)
0x9D000D9C	0x00021040  SLL	R2, R2, 1
0x9D000DA0	0xAFA2000C  SW	R2, 12(SP)
;__Lib_Conversions.c, 703 :: 		
0x9D000DA4	0x27A2000C  ADDIU	R2, SP, 12
0x9D000DA8	0x24420003  ADDIU	R2, R2, 3
0x9D000DAC	0x90420000  LBU	R2, 0(R2)
0x9D000DB0	0x24420030  ADDIU	R2, R2, 48
0x9D000DB4	0xA3420000  SB	R2, 0(R26)
0x9D000DB8	0x27420001  ADDIU	R2, R26, 1
0x9D000DBC	0x0040D00A  MOVZ	R26, R2, R0
;__Lib_Conversions.c, 704 :: 		
0x9D000DC0	0x30A200FF  ANDI	R2, R5, 255
0x9D000DC4	0x1440000F  BNE	R2, R0, L__FloatToStr179
0x9D000DC8	0x70000000  NOP	
L__FloatToStr324:
;__Lib_Conversions.c, 705 :: 		
0x9D000DCC	0x24C2FFFF  ADDIU	R2, R6, -1
; dexpon end address is: 24 (R6)
; dexpon start address is: 12 (R3)
0x9D000DD0	0x7C021C20  SEB	R3, R2
0x9D000DD4	0x7C021420  SEB	R2, R2
0x9D000DD8	0x14400008  BNE	R2, R0, L__FloatToStr178
0x9D000DDC	0x70000000  NOP	
L__FloatToStr325:
; bpoint end address is: 20 (R5)
;__Lib_Conversions.c, 706 :: 		
0x9D000DE0	0x3402002E  ORI	R2, R0, 46
0x9D000DE4	0xA3420000  SB	R2, 0(R26)
0x9D000DE8	0x27420001  ADDIU	R2, R26, 1
0x9D000DEC	0x0040D00A  MOVZ	R26, R2, R0
;__Lib_Conversions.c, 707 :: 		
; bpoint start address is: 8 (R2)
0x9D000DF0	0x34020001  ORI	R2, R0, 1
; bpoint end address is: 8 (R2)
;__Lib_Conversions.c, 708 :: 		
0x9D000DF4	0x0B40037F  J	L_FloatToStr132
0x9D000DF8	0x304500FF  ANDI	R5, R2, 255
L__FloatToStr178:
;__Lib_Conversions.c, 705 :: 		
;__Lib_Conversions.c, 708 :: 		
L_FloatToStr132:
; bpoint start address is: 20 (R5)
; bpoint end address is: 20 (R5)
; dexpon end address is: 12 (R3)
0x9D000DFC	0x0B400381  J	L_FloatToStr131
0x9D000E00	0x7C033420  SEB	R6, R3
L__FloatToStr179:
;__Lib_Conversions.c, 704 :: 		
;__Lib_Conversions.c, 708 :: 		
L_FloatToStr131:
;__Lib_Conversions.c, 699 :: 		
; bpoint start address is: 20 (R5)
; dexpon start address is: 24 (R6)
0x9D000E04	0x2482FFFF  ADDIU	R2, R4, -1
;__Lib_Conversions.c, 709 :: 		
; bpoint end address is: 20 (R5)
; d end address is: 16 (R4)
0x9D000E08	0x0B40035B  J	L_FloatToStr128
0x9D000E0C	0x304400FF  ANDI	R4, R2, 255
L_FloatToStr129:
;__Lib_Conversions.c, 710 :: 		
0x9D000E10	0x7C062420  SEB	R4, R6
L_FloatToStr133:
; dexpon end address is: 24 (R6)
; dexpon start address is: 16 (R4)
0x9D000E14	0x2742FFFF  ADDIU	R2, R26, -1
0x9D000E18	0x90420000  LBU	R2, 0(R2)
0x9D000E1C	0x304300FF  ANDI	R3, R2, 255
0x9D000E20	0x34020030  ORI	R2, R0, 48
0x9D000E24	0x14620004  BNE	R3, R2, L_FloatToStr134
0x9D000E28	0x70000000  NOP	
L__FloatToStr326:
;__Lib_Conversions.c, 711 :: 		
0x9D000E2C	0x2742FFFF  ADDIU	R2, R26, -1
0x9D000E30	0x0B400385  J	L_FloatToStr133
0x9D000E34	0x0040D00A  MOVZ	R26, R2, R0
L_FloatToStr134:
;__Lib_Conversions.c, 712 :: 		
0x9D000E38	0x2742FFFF  ADDIU	R2, R26, -1
0x9D000E3C	0x90420000  LBU	R2, 0(R2)
0x9D000E40	0x304300FF  ANDI	R3, R2, 255
0x9D000E44	0x3402002E  ORI	R2, R0, 46
0x9D000E48	0x14620003  BNE	R3, R2, L_FloatToStr135
0x9D000E4C	0x70000000  NOP	
L__FloatToStr327:
;__Lib_Conversions.c, 713 :: 		
0x9D000E50	0x2742FFFF  ADDIU	R2, R26, -1
0x9D000E54	0x0040D00A  MOVZ	R26, R2, R0
L_FloatToStr135:
;__Lib_Conversions.c, 714 :: 		
0x9D000E58	0x7C041420  SEB	R2, R4
0x9D000E5C	0x10400025  BEQ	R2, R0, L_FloatToStr136
0x9D000E60	0x70000000  NOP	
L__FloatToStr329:
;__Lib_Conversions.c, 715 :: 		
0x9D000E64	0x34020065  ORI	R2, R0, 101
0x9D000E68	0xA3420000  SB	R2, 0(R26)
0x9D000E6C	0x27420001  ADDIU	R2, R26, 1
0x9D000E70	0x0040D00A  MOVZ	R26, R2, R0
;__Lib_Conversions.c, 716 :: 		
0x9D000E74	0x7C041420  SEB	R2, R4
0x9D000E78	0x28420000  SLTI	R2, R2, 0
0x9D000E7C	0x10400009  BEQ	R2, R0, L__FloatToStr180
0x9D000E80	0x70000000  NOP	
L__FloatToStr330:
;__Lib_Conversions.c, 717 :: 		
0x9D000E84	0x3402002D  ORI	R2, R0, 45
0x9D000E88	0xA3420000  SB	R2, 0(R26)
0x9D000E8C	0x27420001  ADDIU	R2, R26, 1
0x9D000E90	0x0040D00A  MOVZ	R26, R2, R0
;__Lib_Conversions.c, 718 :: 		
0x9D000E94	0x0000100A  MOVZ	R2, R0, R0
0x9D000E98	0x00441023  SUBU	R2, R2, R4
; dexpon end address is: 16 (R4)
; dexpon start address is: 12 (R3)
; dexpon end address is: 12 (R3)
;__Lib_Conversions.c, 719 :: 		
0x9D000E9C	0x0B4003AA  J	L_FloatToStr137
0x9D000EA0	0x304300FF  ANDI	R3, R2, 255
L__FloatToStr180:
;__Lib_Conversions.c, 716 :: 		
0x9D000EA4	0x7C041C20  SEB	R3, R4
;__Lib_Conversions.c, 719 :: 		
L_FloatToStr137:
;__Lib_Conversions.c, 720 :: 		
; dexpon start address is: 12 (R3)
; d start address is: 16 (R4)
0x9D000EA8	0x306400FF  ANDI	R4, R3, 255
;__Lib_Conversions.c, 721 :: 		
0x9D000EAC	0x306200FF  ANDI	R2, R3, 255
; dexpon end address is: 12 (R3)
0x9D000EB0	0x2C42000A  SLTIU	R2, R2, 10
0x9D000EB4	0x14400008  BNE	R2, R0, L_FloatToStr138
0x9D000EB8	0x70000000  NOP	
L__FloatToStr331:
;__Lib_Conversions.c, 722 :: 		
0x9D000EBC	0x3402000A  ORI	R2, R0, 10
0x9D000EC0	0x0082001B  DIVU	R4, R2
0x9D000EC4	0x00001012  MFLO	R2
0x9D000EC8	0x24420030  ADDIU	R2, R2, 48
0x9D000ECC	0xA3420000  SB	R2, 0(R26)
0x9D000ED0	0x27420001  ADDIU	R2, R26, 1
0x9D000ED4	0x0040D00A  MOVZ	R26, R2, R0
L_FloatToStr138:
;__Lib_Conversions.c, 723 :: 		
0x9D000ED8	0x3402000A  ORI	R2, R0, 10
0x9D000EDC	0x0082001B  DIVU	R4, R2
0x9D000EE0	0x00001010  MFHI	R2
; d end address is: 16 (R4)
0x9D000EE4	0x24420030  ADDIU	R2, R2, 48
0x9D000EE8	0xA3420000  SB	R2, 0(R26)
0x9D000EEC	0x27420001  ADDIU	R2, R26, 1
0x9D000EF0	0x0040D00A  MOVZ	R26, R2, R0
;__Lib_Conversions.c, 724 :: 		
L_FloatToStr136:
;__Lib_Conversions.c, 725 :: 		
0x9D000EF4	0xA3400000  SB	R0, 0(R26)
;__Lib_Conversions.c, 726 :: 		
0x9D000EF8	0x0000100A  MOVZ	R2, R0, R0
;__Lib_Conversions.c, 727 :: 		
;__Lib_Conversions.c, 726 :: 		
;__Lib_Conversions.c, 727 :: 		
L_end_FloatToStr:
0x9D000EFC	0x8FBA0008  LW	R26, 8(SP)
0x9D000F00	0x8FB90004  LW	R25, 4(SP)
0x9D000F04	0x8FBF0000  LW	RA, 0(SP)
0x9D000F08	0x03E00008  JR	RA
0x9D000F0C	0x27BD0010  ADDIU	SP, SP, 16
; end of _FloatToStr
_strcpy:
;__Lib_CString.c, 133 :: 		
0x9D0006D4	0x27BDFFFC  ADDIU	SP, SP, -4
;__Lib_CString.c, 136 :: 		
; cp start address is: 12 (R3)
0x9D0006D8	0x0320180A  MOVZ	R3, R25, R0
; cp end address is: 12 (R3)
;__Lib_CString.c, 137 :: 		
L_strcpy34:
; cp start address is: 20 (R5)
; cp start address is: 12 (R3)
0x9D0006DC	0x0060200A  MOVZ	R4, R3, R0
0x9D0006E0	0x24620001  ADDIU	R2, R3, 1
; cp end address is: 12 (R3)
; cp start address is: 20 (R5)
0x9D0006E4	0x0040280A  MOVZ	R5, R2, R0
; cp end address is: 20 (R5)
0x9D0006E8	0x0340180A  MOVZ	R3, R26, R0
0x9D0006EC	0x27420001  ADDIU	R2, R26, 1
0x9D0006F0	0x0040D00A  MOVZ	R26, R2, R0
0x9D0006F4	0x90620000  LBU	R2, 0(R3)
0x9D0006F8	0xA0820000  SB	R2, 0(R4)
0x9D0006FC	0x90820000  LBU	R2, 0(R4)
0x9D000700	0x10400003  BEQ	R2, R0, L_strcpy35
0x9D000704	0x70000000  NOP	
L__strcpy142:
; cp end address is: 20 (R5)
;__Lib_CString.c, 138 :: 		
; cp start address is: 20 (R5)
; cp end address is: 20 (R5)
0x9D000708	0x0B4001B7  J	L_strcpy34
0x9D00070C	0x00A0180A  MOVZ	R3, R5, R0
L_strcpy35:
;__Lib_CString.c, 139 :: 		
0x9D000710	0x0320100A  MOVZ	R2, R25, R0
;__Lib_CString.c, 140 :: 		
L_end_strcpy:
0x9D000714	0x03E00008  JR	RA
0x9D000718	0x27BD0004  ADDIU	SP, SP, 4
; end of _strcpy
__Compare_FP:
;__Lib_MathDouble.c, 1494 :: 		
0x9D000634	0x27BDFFFC  ADDIU	SP, SP, -4
;__Lib_MathDouble.c, 1496 :: 		
0x9D000638	0x2408FFFE  ADDIU	R8, R0, -2
;__Lib_MathDouble.c, 1497 :: 		
0x9D00063C	0x00042840  SLL	R5, R4, 1
;__Lib_MathDouble.c, 1498 :: 		
0x9D000640	0x00063840  SLL	R7, R6, 1
;__Lib_MathDouble.c, 1499 :: 		
0x9D000644	0x00A74825  OR	R9, R5, R7
;__Lib_MathDouble.c, 1500 :: 		
0x9D000648	0x1120001B  BEQ	R9, R0, label49
;__Lib_MathDouble.c, 1501 :: 		
0x9D00064C	0x70000000  NOP	
;__Lib_MathDouble.c, 1502 :: 		
0x9D000650	0x3C0FFF00  LUI	R15, 65280
;__Lib_MathDouble.c, 1503 :: 		
0x9D000654	0x35EF0001  ORI	R15, R15, 1
;__Lib_MathDouble.c, 1504 :: 		
0x9D000658	0x00AF782B  SLTU	R15, R5, R15
;__Lib_MathDouble.c, 1505 :: 		
0x9D00065C	0x11E00019  BEQ	R15, R0, label50
;__Lib_MathDouble.c, 1506 :: 		
0x9D000660	0x70000000  NOP	
;__Lib_MathDouble.c, 1507 :: 		
0x9D000664	0x3C0FFF00  LUI	R15, 65280
;__Lib_MathDouble.c, 1508 :: 		
0x9D000668	0x35EF0001  ORI	R15, R15, 1
;__Lib_MathDouble.c, 1509 :: 		
0x9D00066C	0x00EF782B  SLTU	R15, R7, R15
;__Lib_MathDouble.c, 1510 :: 		
0x9D000670	0x11E00014  BEQ	R15, R0, label50
;__Lib_MathDouble.c, 1511 :: 		
0x9D000674	0x70000000  NOP	
;__Lib_MathDouble.c, 1512 :: 		
0x9D000678	0x04810002  BGEZ	R4, label51
;__Lib_MathDouble.c, 1513 :: 		
0x9D00067C	0x00052842  SRL	R5, R5, 1
;__Lib_MathDouble.c, 1514 :: 		
0x9D000680	0x00052823  SUBU	R5, R0, R5
;__Lib_MathDouble.c, 1515 :: 		
label51:
;__Lib_MathDouble.c, 1516 :: 		
0x9D000684	0x04C10002  BGEZ	R6, label52
;__Lib_MathDouble.c, 1517 :: 		
0x9D000688	0x00073842  SRL	R7, R7, 1
;__Lib_MathDouble.c, 1518 :: 		
0x9D00068C	0x00073823  SUBU	R7, R0, R7
;__Lib_MathDouble.c, 1519 :: 		
label52:
;__Lib_MathDouble.c, 1520 :: 		
0x9D000690	0x00A7782A  SLT	R15, R5, R7
;__Lib_MathDouble.c, 1521 :: 		
0x9D000694	0x11E00003  BEQ	R15, R0, label53
;__Lib_MathDouble.c, 1522 :: 		
0x9D000698	0x70000000  NOP	
;__Lib_MathDouble.c, 1523 :: 		
0x9D00069C	0x10000007  BEQ	R0, R0, label54
;__Lib_MathDouble.c, 1524 :: 		
0x9D0006A0	0x2402FFFF  ADDIU	R2, R0, -1
;__Lib_MathDouble.c, 1525 :: 		
label53:
;__Lib_MathDouble.c, 1526 :: 		
0x9D0006A4	0x00E5782A  SLT	R15, R7, R5
;__Lib_MathDouble.c, 1527 :: 		
0x9D0006A8	0x11E00003  BEQ	R15, R0, label49
;__Lib_MathDouble.c, 1528 :: 		
0x9D0006AC	0x70000000  NOP	
;__Lib_MathDouble.c, 1529 :: 		
0x9D0006B0	0x10000002  BEQ	R0, R0, label54
;__Lib_MathDouble.c, 1530 :: 		
0x9D0006B4	0x24020001  ADDIU	R2, R0, 1
;__Lib_MathDouble.c, 1531 :: 		
label49:
;__Lib_MathDouble.c, 1532 :: 		
0x9D0006B8	0x24020000  ADDIU	R2, R0, 0
;__Lib_MathDouble.c, 1533 :: 		
label54:
;__Lib_MathDouble.c, 1534 :: 		
0x9D0006BC	0x10000003  B	label_end
;__Lib_MathDouble.c, 1535 :: 		
0x9D0006C0	0x70000000  NOP	
;__Lib_MathDouble.c, 1536 :: 		
label50:
;__Lib_MathDouble.c, 1537 :: 		
0x9D0006C4	0x1000FFFD  BEQ	R0, R0, label54
;__Lib_MathDouble.c, 1538 :: 		
0x9D0006C8	0x00081025  OR	R2, R0, R8
;__Lib_MathDouble.c, 1540 :: 		
label_end:
;__Lib_MathDouble.c, 1543 :: 		
L_end__Compare_FP:
0x9D0006CC	0x03E00008  JR	RA
0x9D0006D0	0x27BD0004  ADDIU	SP, SP, 4
; end of __Compare_FP
___BootStartUp:
;__Lib_System.c, 68 :: 		
0xBFC00000	0x27BDFFFC  ADDIU	SP, SP, -4
;__Lib_System.c, 72 :: 		
0xBFC00004	0x70000000  NOP	
;__Lib_System.c, 73 :: 		
0xBFC00008	0x70000000  NOP	
;__Lib_System.c, 74 :: 		
0xBFC0000C	0x70000000  NOP	
;__Lib_System.c, 75 :: 		
0xBFC00010	0x70000000  NOP	
;__Lib_System.c, 76 :: 		
0xBFC00014	0x70000000  NOP	
;__Lib_System.c, 77 :: 		
0xBFC00018	0x70000000  NOP	
;__Lib_System.c, 78 :: 		
0xBFC0001C	0x70000000  NOP	
;__Lib_System.c, 79 :: 		
0xBFC00020	0x70000000  NOP	
;__Lib_System.c, 80 :: 		
0xBFC00024	0x70000000  NOP	
;__Lib_System.c, 81 :: 		
0xBFC00028	0x70000000  NOP	
;__Lib_System.c, 82 :: 		
0xBFC0002C	0x70000000  NOP	
;__Lib_System.c, 83 :: 		
0xBFC00030	0x70000000  NOP	
;__Lib_System.c, 84 :: 		
0xBFC00034	0x70000000  NOP	
;__Lib_System.c, 85 :: 		
0xBFC00038	0x70000000  NOP	
;__Lib_System.c, 86 :: 		
0xBFC0003C	0x70000000  NOP	
;__Lib_System.c, 87 :: 		
0xBFC00040	0x70000000  NOP	
;__Lib_System.c, 88 :: 		
0xBFC00044	0x70000000  NOP	
;__Lib_System.c, 89 :: 		
0xBFC00048	0x70000000  NOP	
;__Lib_System.c, 90 :: 		
0xBFC0004C	0x70000000  NOP	
;__Lib_System.c, 91 :: 		
0xBFC00050	0x70000000  NOP	
;__Lib_System.c, 94 :: 		
0xBFC00054	0x3C1DA001  LUI	SP, 40961
0xBFC00058	0x37BDFFFC  ORI	SP, SP, 65532
;__Lib_System.c, 95 :: 		
0xBFC0005C	0x3C01A000  LUI	GP, 40960
0xBFC00060	0x34218000  ORI	GP, GP, 32768
;__Lib_System.c, 99 :: 		
0xBFC00064	0x401E6002  MFC0	R30, 12, 2
;__Lib_System.c, 100 :: 		
0xBFC00068	0x03C0E00A  MOVZ	R28, R30, R0
;__Lib_System.c, 101 :: 		
0xBFC0006C	0x7FDB1E80  EXT	R27, R30, 26, 4
;__Lib_System.c, 102 :: 		
0xBFC00070	0x7F7E4984  INS	R30, R27, 6, 4
;__Lib_System.c, 103 :: 		
0xBFC00074	0x409E6002  MTC0	R30, 12, 2
;__Lib_System.c, 104 :: 		
0xBFC00078	0x41C10800  WRPGPR	GP, GP
;__Lib_System.c, 105 :: 		
0xBFC0007C	0x409C6002  MTC0	R28, 12, 2
;__Lib_System.c, 111 :: 		
0xBFC00080	0x3C02A421  LUI	R2, 42017
0xBFC00084	0x34420583  ORI	R2, R2, 1411
0xBFC00088	0x0040F00A  MOVZ	R30, R2, R0
0xBFC0008C	0x409E8000  MTC0	R30, 16, 0
;__Lib_System.c, 114 :: 		
0xBFC00090	0x0000100A  MOVZ	R2, R0, R0
0xBFC00094	0x0040F00A  MOVZ	R30, R2, R0
0xBFC00098	0x409E4800  MTC0	R30, 9, 0
;__Lib_System.c, 117 :: 		
0xBFC0009C	0x3C02FFFF  LUI	R2, 65535
0xBFC000A0	0x3442FFFF  ORI	R2, R2, 65535
0xBFC000A4	0x0040F00A  MOVZ	R30, R2, R0
0xBFC000A8	0x409E5800  MTC0	R30, 11, 0
;__Lib_System.c, 119 :: 		
0xBFC000AC	0x3C029FC0  LUI	R2, 40896
0xBFC000B0	0x34421000  ORI	R2, R2, 4096
0xBFC000B4	0x0040F00A  MOVZ	R30, R2, R0
0xBFC000B8	0x409E7801  MTC0	R30, 15, 1
;__Lib_System.c, 121 :: 		
0xBFC000BC	0x34020020  ORI	R2, R0, 32
0xBFC000C0	0x0040F00A  MOVZ	R30, R2, R0
0xBFC000C4	0x409E6001  MTC0	R30, 12, 1
;__Lib_System.c, 123 :: 		
0xBFC000C8	0x3C020400  LUI	R2, 1024
0xBFC000CC	0x0040F00A  MOVZ	R30, R2, R0
0xBFC000D0	0x409E6002  MTC0	R30, 12, 2
;__Lib_System.c, 124 :: 		
0xBFC000D4	0x0000100A  MOVZ	R2, R0, R0
0xBFC000D8	0x0040F00A  MOVZ	R30, R2, R0
0xBFC000DC	0x409E6003  MTC0	R30, 12, 3
;__Lib_System.c, 129 :: 		
0xBFC000E0	0x3C020010  LUI	R2, 16
0xBFC000E4	0x0040F00A  MOVZ	R30, R2, R0
0xBFC000E8	0x409E6000  MTC0	R30, 12, 0
;__Lib_System.c, 132 :: 		
0xBFC000EC	0x34020030  ORI	R2, R0, 48
0xBFC000F0	0x3C1EBF88  LUI	R30, 49032
0xBFC000F4	0xAFC24000  SW	R2, 16384(R30)
;__Lib_System.c, 137 :: 		
0xBFC000F8	0x34021000  ORI	R2, R0, 4096
0xBFC000FC	0x3C1EBF88  LUI	R30, 49032
0xBFC00100	0xAFC21000  SW	R2, 4096(R30)
;__Lib_System.c, 143 :: 		
0xBFC00104	0x3C020080  LUI	R2, 128
0xBFC00108	0x0040F00A  MOVZ	R30, R2, R0
0xBFC0010C	0x409E6800  MTC0	R30, 13, 0
;__Lib_System.c, 149 :: 		
0xBFC00110	0x3C1E9D00  LUI	R30, hi_addr(_main+0)
;__Lib_System.c, 150 :: 		
0xBFC00114	0x37DE10E4  ORI	R30, R30, lo_addr(_main+0)
;__Lib_System.c, 152 :: 		
0xBFC00118	0x03C00008  JR	R30
;__Lib_System.c, 153 :: 		
0xBFC0011C	0x70000000  NOP	
;__Lib_System.c, 155 :: 		
L_end___BootStartUp:
0xBFC00120	0x03E00008  JR	RA
0xBFC00124	0x27BD0004  ADDIU	SP, SP, 4
; end of ___BootStartUp
___BootGenExcept:
;__Lib_System.c, 56 :: 		
0x9D0010CC	0x27BDFFFC  ADDIU	SP, SP, -4
;__Lib_System.c, 57 :: 		
L___BootGenExcept6:
;__Lib_System.c, 58 :: 		
0x9D0010D0	0x0B400434  J	L___BootGenExcept6
0x9D0010D4	0x70000000  NOP	
;__Lib_System.c, 59 :: 		
L_end___BootGenExcept:
0x9D0010D8	0x27BD0004  ADDIU	SP, SP, 4
0x9D0010DC	0x42000018  ERET	
0x9D0010E0	0x70000000  NOP	
; end of ___BootGenExcept
___GenExcept:
;__Lib_System.c, 61 :: 		
0x9D0010B4	0x27BDFFFC  ADDIU	SP, SP, -4
;__Lib_System.c, 62 :: 		
L___GenExcept8:
;__Lib_System.c, 63 :: 		
0x9D0010B8	0x0B40042E  J	L___GenExcept8
0x9D0010BC	0x70000000  NOP	
;__Lib_System.c, 64 :: 		
L_end___GenExcept:
0x9D0010C0	0x27BD0004  ADDIU	SP, SP, 4
0x9D0010C4	0x42000018  ERET	
0x9D0010C8	0x70000000  NOP	
; end of ___GenExcept
0x9D001208	0x03E0C80A  MOVZ	R25, RA, R0
0x9D00120C	0x3C17A000  LUI	R23, 40960
0x9D001210	0x36F70000  ORI	R23, R23, 0
0x9D001214	0x3C16A000  LUI	R22, 40960
0x9D001218	0x36D6005D  ORI	R22, R22, 93
0x9D00121C	0x3C189D00  LUI	R24, 40192
0x9D001220	0x371811A8  ORI	R24, R24, 4520
0x9D001224	0x0F40040B  JAL	___CC2DW
0x9D001228	0x70000000  NOP	
0x9D00122C	0x0320F80A  MOVZ	RA, R25, R0
0x9D001230	0x03E00008  JR	RA
0x9D001234	0x70000000  NOP	
;,0 :: _initBlock_0 [68]
; Containing: ?ICS?lstr3_Voltmeter_click_PIC32 [19]
;             ?ICS?lstr4_Voltmeter_click_PIC32 [18]
;             ?ICS?lstr1___Lib_Conversions [4]
;             ?ICS?lstr2___Lib_Conversions [2]
;             ?ICS?lstr3___Lib_Conversions [4]
;             ?ICS?lstr2_Voltmeter_click_PIC32 [3]
;             ?ICS?lstr5_Voltmeter_click_PIC32 [18]
0x9D0011A8	0x54524155 ;_initBlock_0+0 : ?ICS?lstr3_Voltmeter_click_PIC32 at 0x9D0011A8
0x9D0011AC	0x696E4920 ;_initBlock_0+4
0x9D0011B0	0x6C616974 ;_initBlock_0+8
0x9D0011B4	0x64657A69 ;_initBlock_0+12
0x9D0011B8	0x53000A0D ;_initBlock_0+16 : ?ICS?lstr4_Voltmeter_click_PIC32 at 0x9D0011BB
0x9D0011BC	0x49204950 ;_initBlock_0+20
0x9D0011C0	0x6974696E ;_initBlock_0+24
0x9D0011C4	0x7A696C61 ;_initBlock_0+28
0x9D0011C8	0x0A0D6465 ;_initBlock_0+32
0x9D0011CC	0x4E614E00 ;_initBlock_0+36 : ?ICS?lstr1___Lib_Conversions at 0x9D0011CD
0x9D0011D0	0x49003000 ;_initBlock_0+40 : ?ICS?lstr2___Lib_Conversions at 0x9D0011D1 : ?ICS?lstr3___Lib_Conversions at 0x9D0011D3
0x9D0011D4	0x6D00464E ;_initBlock_0+44 : ?ICS?lstr2_Voltmeter_click_PIC32 at 0x9D0011D7
0x9D0011D8	0x50530056 ;_initBlock_0+48 : ?ICS?lstr5_Voltmeter_click_PIC32 at 0x9D0011DA
0x9D0011DC	0x6E492049 ;_initBlock_0+52
0x9D0011E0	0x61697469 ;_initBlock_0+56
0x9D0011E4	0x657A696C ;_initBlock_0+60
0x9D0011E8	0x000A0D64 ;_initBlock_0+64
; end of _initBlock_0
;Voltmeter_click_PIC32.c,0 :: ?ICS?lstr1_Voltmeter_click_PIC32 [25]
0x9D0011EC	0x65746E45 ;?ICS?lstr1_Voltmeter_click_PIC32+0
0x9D0011F0	0x676E6972 ;?ICS?lstr1_Voltmeter_click_PIC32+4
0x9D0011F4	0x69685720 ;?ICS?lstr1_Voltmeter_click_PIC32+8
0x9D0011F8	0x4C20656C ;?ICS?lstr1_Voltmeter_click_PIC32+12
0x9D0011FC	0x2E706F6F ;?ICS?lstr1_Voltmeter_click_PIC32+16
0x9D001200	0x0A0D2E2E ;?ICS?lstr1_Voltmeter_click_PIC32+20
0x9D001204	0x00 ;?ICS?lstr1_Voltmeter_click_PIC32+24
; end of ?ICS?lstr1_Voltmeter_click_PIC32
Symbol List:
//** Routines locations **
//ADDRESS    SIZE    PROCEDURE
//----------------------------------------------
0x9D000000     [116]    __Lib_UART_123456_UART_Calc_BRG
0x9D000074      [12]    _Get_Fosc_kHz
0x9D000080      [56]    _SPI3_Read
0x9D0000B8      [52]    _UART2_Write
0x9D0000EC     [624]    __Lib_MathDouble__UnsignedIntegralToFloat
0x9D00035C      [96]    __SignedIntegralToFLoat
0x9D0003BC     [632]    __Add_FP
0x9D000634     [160]    __Compare_FP
0x9D0006D4      [72]    _strcpy
0x9D00071C     [172]    _getADC
0x9D0007C8      [88]    _UART2_Write_Text
0x9D000820     [232]    _UART2_Init
0x9D000908     [164]    _SPI3_Init_Advanced
0x9D0009AC     [452]    __Mul_FP
0x9D000B70     [928]    _FloatToStr
0x9D000F10     [284]    _system_setup
0x9D00102C      [32]    ___CC2DW
0x9D00104C      [36]    __Sub_FP
0x9D001070      [68]    __Unsigned16IntToFloat
0x9D0010B4      [24]    ___GenExcept
0x9D0010CC      [24]    ___BootGenExcept
0x9D0010E4     [196]    _main
0xBFC00000     [296]    ___BootStartUp
//** Variables locations ** 
//ADDRESS    SIZE    VARIABLE
//----------------------------------------------
0xA0000000      [19]    ?lstr3_Voltmeter_click_PIC32
0xA0000013      [18]    ?lstr4_Voltmeter_click_PIC32
0xA0000025       [4]    ?lstr1___Lib_Conversions
0xA0000029       [2]    ?lstr2___Lib_Conversions
0xA000002B       [4]    ?lstr3___Lib_Conversions
0xA000002F       [3]    ?lstr2_Voltmeter_click_PIC32
0xA0000032      [18]    ?lstr5_Voltmeter_click_PIC32
0xA0000044      [25]    ?lstr1_Voltmeter_click_PIC32
0xA000005E       [2]    _sum
0xA0000060       [4]    _UART_Wr_Ptr
0xA0000064       [4]    _SPI_Wr_Ptr
0xA0000068       [4]    _UART_Rdy_Ptr
0xA000006C       [4]    _UART_Tx_Idle_Ptr
0xA0000070       [4]    _UART_Rd_Ptr
0xA0000074       [4]    _SPI_Rd_Ptr
0xA0000078       [4]    _measurement
0xA000007C       [2]    _calibration
0xA0000080       [4]    _voltage
0xA0000084       [4]    _txt
//** Constants locations ** 
//ADDRESS    SIZE    CONSTANT
//----------------------------------------------
0x9D0011A8      [19]    ?ICS?lstr3_Voltmeter_click_PIC32
0x9D0011BB      [18]    ?ICS?lstr4_Voltmeter_click_PIC32
0x9D0011CD       [4]    ?ICS?lstr1___Lib_Conversions
0x9D0011D1       [2]    ?ICS?lstr2___Lib_Conversions
0x9D0011D3       [4]    ?ICS?lstr3___Lib_Conversions
0x9D0011D7       [3]    ?ICS?lstr2_Voltmeter_click_PIC32
0x9D0011DA      [18]    ?ICS?lstr5_Voltmeter_click_PIC32
0x9D0011EC      [25]    ?ICS?lstr1_Voltmeter_click_PIC32
