;  LST file generated by mikroListExporter - v.2.0 
; Date/Time: 9/27/2016 5:49:33 PM
;----------------------------------------------

;Address Opcode 	ASM
0x0000	0x046D940C  	JMP        _main
0x0004	0x0000940C  	JMP        0
0x0008	0x0000940C  	JMP        0
0x000C	0x0000940C  	JMP        0
0x0010	0x0000940C  	JMP        0
0x0014	0x0000940C  	JMP        0
0x0018	0x0000940C  	JMP        0
0x001C	0x0000940C  	JMP        0
0x0020	0x0000940C  	JMP        0
0x0024	0x0000940C  	JMP        0
0x0028	0x0000940C  	JMP        0
0x002C	0x0000940C  	JMP        0
0x0030	0x0000940C  	JMP        0
0x0034	0x0000940C  	JMP        0
0x0038	0x0000940C  	JMP        0
0x003C	0x0000940C  	JMP        0
0x0040	0x0000940C  	JMP        0
0x0044	0x0000940C  	JMP        0
0x0048	0x0000940C  	JMP        0
0x004C	0x0000940C  	JMP        0
0x0050	0x0000940C  	JMP        0
_main:
0x08DA	0xE5BF    	LDI        R27, 95
0x08DC	0xBFBD    	OUT        SPL+0, R27
0x08DE	0xE0B4    	LDI        R27, 4
0x08E0	0xBFBE    	OUT        SPL+1, R27
0x08E2	0x0506940E  	CALL       1286
;Voltmeter_click_AVR.c,19 :: 		void main()
;Voltmeter_click_AVR.c,21 :: 		system_setup();
0x08E6	0x922F    	PUSH       R2
0x08E8	0x923F    	PUSH       R3
0x08EA	0x924F    	PUSH       R4
0x08EC	0x925F    	PUSH       R5
0x08EE	0x926F    	PUSH       R6
0x08F0	0x927F    	PUSH       R7
0x08F2	0xDF8D    	RCALL      _system_setup+0
;Voltmeter_click_AVR.c,23 :: 		UART1_Write_Text( "Entering While Loop...\r\n" );
0x08F4	0xE7BB    	LDI        R27, lo_addr(?lstr1_Voltmeter_click_AVR+0)
0x08F6	0x2E2B    	MOV        R2, R27
0x08F8	0xE0B0    	LDI        R27, hi_addr(?lstr1_Voltmeter_click_AVR+0)
0x08FA	0x2E3B    	MOV        R3, R27
0x08FC	0xDCEF    	RCALL      _UART1_Write_Text+0
;Voltmeter_click_AVR.c,25 :: 		while (1) {
L_main0:
;Voltmeter_click_AVR.c,27 :: 		voltage = 0;
0x08FE	0xE0B0    	LDI        R27, 0
0x0900	0x00C693B0  	STS        _voltage+0, R27
0x0904	0x00C793B0  	STS        _voltage+1, R27
0x0908	0x00C893B0  	STS        _voltage+2, R27
0x090C	0x00C993B0  	STS        _voltage+3, R27
;Voltmeter_click_AVR.c,29 :: 		measurement = getADC()/2;        // Get ADC result
0x0910	0xDD33    	RCALL      _getADC+0
0x0912	0x9516    	LSR        R17
0x0914	0x9507    	ROR        R16
0x0916	0xE020    	LDI        R18, 0
0x0918	0x2F32    	MOV        R19, R18
0x091A	0xDDBB    	RCALL      _float_ulong2fp+0
0x091C	0x00CC9300  	STS        _measurement+0, R16
0x0920	0x00CD9310  	STS        _measurement+1, R17
0x0924	0x00CE9320  	STS        _measurement+2, R18
0x0928	0x00CF9330  	STS        _measurement+3, R19
;Voltmeter_click_AVR.c,30 :: 		voltage = (measurement - calibration)*33.3405;
0x092C	0x00CA9100  	LDS        R16, _calibration+0
0x0930	0x00CB9110  	LDS        R17, _calibration+1
0x0934	0xE020    	LDI        R18, 0
0x0936	0x2F32    	MOV        R19, R18
0x0938	0xDDAC    	RCALL      _float_ulong2fp+0
0x093A	0x01A8    	MOVW       R20, R16
0x093C	0x01B9    	MOVW       R22, R18
0x093E	0x00CC9100  	LDS        R16, _measurement+0
0x0942	0x00CD9110  	LDS        R17, _measurement+1
0x0946	0x00CE9120  	LDS        R18, _measurement+2
0x094A	0x00CF9130  	LDS        R19, _measurement+3
0x094E	0xDFBB    	RCALL      _float_fpsub1+0
0x0950	0xEA4C    	LDI        R20, 172
0x0952	0xE55C    	LDI        R21, 92
0x0954	0xE065    	LDI        R22, 5
0x0956	0xE472    	LDI        R23, 66
0x0958	0xDCB7    	RCALL      _float_fpmul1+0
0x095A	0x00C69300  	STS        _voltage+0, R16
0x095E	0x00C79310  	STS        _voltage+1, R17
0x0962	0x00C89320  	STS        _voltage+2, R18
0x0966	0x00C99330  	STS        _voltage+3, R19
;Voltmeter_click_AVR.c,32 :: 		FloatToStr(voltage, txt);
0x096A	0xEABB    	LDI        R27, lo_addr(_txt+0)
0x096C	0x2E6B    	MOV        R6, R27
0x096E	0xE0B0    	LDI        R27, hi_addr(_txt+0)
0x0970	0x2E7B    	MOV        R7, R27
0x0972	0x0118    	MOVW       R2, R16
0x0974	0x0129    	MOVW       R4, R18
0x0976	0xDD95    	RCALL      _FloatToStr+0
;Voltmeter_click_AVR.c,34 :: 		UART1_Write_Text(txt);
0x0978	0xEABB    	LDI        R27, lo_addr(_txt+0)
0x097A	0x2E2B    	MOV        R2, R27
0x097C	0xE0B0    	LDI        R27, hi_addr(_txt+0)
0x097E	0x2E3B    	MOV        R3, R27
0x0980	0xDCAD    	RCALL      _UART1_Write_Text+0
;Voltmeter_click_AVR.c,35 :: 		UART1_Write(32);
0x0982	0xE2B0    	LDI        R27, 32
0x0984	0x2E2B    	MOV        R2, R27
0x0986	0xDC8D    	RCALL      _UART1_Write+0
;Voltmeter_click_AVR.c,36 :: 		UART1_Write_Text("mV");
0x0988	0xE6B0    	LDI        R27, lo_addr(?lstr2_Voltmeter_click_AVR+0)
0x098A	0x2E2B    	MOV        R2, R27
0x098C	0xE0B0    	LDI        R27, hi_addr(?lstr2_Voltmeter_click_AVR+0)
0x098E	0x2E3B    	MOV        R3, R27
0x0990	0xDCA5    	RCALL      _UART1_Write_Text+0
;Voltmeter_click_AVR.c,37 :: 		UART1_Write(13);
0x0992	0xE0BD    	LDI        R27, 13
0x0994	0x2E2B    	MOV        R2, R27
0x0996	0xDC85    	RCALL      _UART1_Write+0
;Voltmeter_click_AVR.c,38 :: 		UART1_Write(10);
0x0998	0xE0BA    	LDI        R27, 10
0x099A	0x2E2B    	MOV        R2, R27
0x099C	0xDC82    	RCALL      _UART1_Write+0
;Voltmeter_click_AVR.c,40 :: 		delay_ms(1000);                //Za test moze sa delay da se resi sample rate, za ozbiljnije interrupt + TMR
0x099E	0xE229    	LDI        R18, 41
0x09A0	0xE916    	LDI        R17, 150
0x09A2	0xE800    	LDI        R16, 128
L_main2:
0x09A4	0x950A    	DEC        R16
0x09A6	0xF7F1    	BRNE       L_main2
0x09A8	0x951A    	DEC        R17
0x09AA	0xF7E1    	BRNE       L_main2
0x09AC	0x952A    	DEC        R18
0x09AE	0xF7D1    	BRNE       L_main2
;Voltmeter_click_AVR.c,41 :: 		}
0x09B0	0xCFA6    	RJMP       L_main0
;Voltmeter_click_AVR.c,42 :: 		}
L_end_main:
0x09B2	0x907F    	POP        R7
0x09B4	0x906F    	POP        R6
0x09B6	0x905F    	POP        R5
0x09B8	0x904F    	POP        R4
0x09BA	0x903F    	POP        R3
0x09BC	0x902F    	POP        R2
L__main_end_loop:
0x09BE	0xCFFF    	RJMP       L__main_end_loop
; end of _main
_system_setup:
;Voltmeter_click_AVR.c,44 :: 		void system_setup( void )
;Voltmeter_click_AVR.c,46 :: 		Chip_Select_DIR = 1;
0x080E	0x922F    	PUSH       R2
0x0810	0x923F    	PUSH       R3
0x0812	0x924F    	PUSH       R4
0x0814	0xB3BA    	IN         R27, DDA5_bit+0
0x0816	0x62B0    	SBR        R27, 32
0x0818	0xBBBA    	OUT        DDA5_bit+0, R27
;Voltmeter_click_AVR.c,48 :: 		UART1_Init(9600);               // Initialize UART module at 9600 bps
0x081A	0xE3B3    	LDI        R27, 51
0x081C	0xB9B9    	OUT        UBRRL+0, R27
0x081E	0xE0B0    	LDI        R27, 0
0x0820	0xBDB0    	OUT        UBRRH+0, R27
0x0822	0xDD73    	RCALL      _UART1_Init+0
;Voltmeter_click_AVR.c,49 :: 		Delay_ms(300);                  // Wait for UART module to stabilize
0x0824	0xE02D    	LDI        R18, 13
0x0826	0xE21D    	LDI        R17, 45
0x0828	0xED08    	LDI        R16, 216
L_system_setup4:
0x082A	0x950A    	DEC        R16
0x082C	0xF7F1    	BRNE       L_system_setup4
0x082E	0x951A    	DEC        R17
0x0830	0xF7E1    	BRNE       L_system_setup4
0x0832	0x952A    	DEC        R18
0x0834	0xF7D1    	BRNE       L_system_setup4
0x0836	0x0000    	NOP
0x0838	0x0000    	NOP
;Voltmeter_click_AVR.c,50 :: 		UART1_Write_Text( "UART Initialized\r\n" );
0x083A	0xE9B8    	LDI        R27, lo_addr(?lstr3_Voltmeter_click_AVR+0)
0x083C	0x2E2B    	MOV        R2, R27
0x083E	0xE0B0    	LDI        R27, hi_addr(?lstr3_Voltmeter_click_AVR+0)
0x0840	0x2E3B    	MOV        R3, R27
0x0842	0xDD4C    	RCALL      _UART1_Write_Text+0
;Voltmeter_click_AVR.c,52 :: 		voltage = 0;
0x0844	0xE0B0    	LDI        R27, 0
0x0846	0x00C693B0  	STS        _voltage+0, R27
0x084A	0x00C793B0  	STS        _voltage+1, R27
0x084E	0x00C893B0  	STS        _voltage+2, R27
0x0852	0x00C993B0  	STS        _voltage+3, R27
;Voltmeter_click_AVR.c,53 :: 		sum = 0;
0x0856	0xE0B0    	LDI        R27, 0
0x0858	0x00D093B0  	STS        _sum+0, R27
0x085C	0x00D193B0  	STS        _sum+1, R27
;Voltmeter_click_AVR.c,54 :: 		measurement = 0;
0x0860	0xE0B0    	LDI        R27, 0
0x0862	0x00CC93B0  	STS        _measurement+0, R27
0x0866	0x00CD93B0  	STS        _measurement+1, R27
0x086A	0x00CE93B0  	STS        _measurement+2, R27
0x086E	0x00CF93B0  	STS        _measurement+3, R27
;Voltmeter_click_AVR.c,55 :: 		calibration = 0;
0x0872	0xE0B0    	LDI        R27, 0
0x0874	0x00CA93B0  	STS        _calibration+0, R27
0x0878	0x00CB93B0  	STS        _calibration+1, R27
;Voltmeter_click_AVR.c,57 :: 		Chip_Select = 1;                 // Deselect MCP3204
0x087C	0xB3BB    	IN         R27, PORTA5_bit+0
0x087E	0x62B0    	SBR        R27, 32
0x0880	0xBBBB    	OUT        PORTA5_bit+0, R27
;Voltmeter_click_AVR.c,60 :: 		SPI1_Init_Advanced( _SPI_MASTER, _SPI_FCY_DIV32, _SPI_CLK_LO_TRAILING );
0x0882	0xE0B4    	LDI        R27, 4
0x0884	0x2E4B    	MOV        R4, R27
0x0886	0xE0B6    	LDI        R27, 6
0x0888	0x2E3B    	MOV        R3, R27
0x088A	0xE1B0    	LDI        R27, 16
0x088C	0x2E2B    	MOV        R2, R27
0x088E	0xDDD4    	RCALL      _SPI1_Init_Advanced+0
;Voltmeter_click_AVR.c,61 :: 		Delay_ms(300);
0x0890	0xE02D    	LDI        R18, 13
0x0892	0xE21D    	LDI        R17, 45
0x0894	0xED08    	LDI        R16, 216
L_system_setup6:
0x0896	0x950A    	DEC        R16
0x0898	0xF7F1    	BRNE       L_system_setup6
0x089A	0x951A    	DEC        R17
0x089C	0xF7E1    	BRNE       L_system_setup6
0x089E	0x952A    	DEC        R18
0x08A0	0xF7D1    	BRNE       L_system_setup6
0x08A2	0x0000    	NOP
0x08A4	0x0000    	NOP
;Voltmeter_click_AVR.c,62 :: 		UART1_Write_Text( "SPI Initialized\r\n" );
0x08A6	0xE6B9    	LDI        R27, lo_addr(?lstr4_Voltmeter_click_AVR+0)
0x08A8	0x2E2B    	MOV        R2, R27
0x08AA	0xE0B0    	LDI        R27, hi_addr(?lstr4_Voltmeter_click_AVR+0)
0x08AC	0x2E3B    	MOV        R3, R27
0x08AE	0xDD16    	RCALL      _UART1_Write_Text+0
;Voltmeter_click_AVR.c,64 :: 		calibration = getADC()/2;
0x08B0	0xDD63    	RCALL      _getADC+0
0x08B2	0x9516    	LSR        R17
0x08B4	0x9507    	ROR        R16
0x08B6	0x00CA9300  	STS        _calibration+0, R16
0x08BA	0x00CB9310  	STS        _calibration+1, R17
;Voltmeter_click_AVR.c,66 :: 		}
L_end_system_setup:
0x08BE	0x904F    	POP        R4
0x08C0	0x903F    	POP        R3
0x08C2	0x902F    	POP        R2
0x08C4	0x9508    	RET
; end of _system_setup
_UART1_Write_Text:
;__Lib_UART_d01_ursel.c,78 :: 		
;__Lib_UART_d01_ursel.c,79 :: 		
; counter start address is: 17 (R17)
0x02DC	0xE010    	LDI        R17, 0
;__Lib_UART_d01_ursel.c,80 :: 		
0x02DE	0x01F1    	MOVW       R30, R2
0x02E0	0x8100    	LD         R16, Z
; data_ start address is: 18 (R18)
0x02E2	0x2F20    	MOV        R18, R16
; data_ end address is: 18 (R18)
; counter end address is: 17 (R17)
0x02E4	0x2F02    	MOV        R16, R18
;__Lib_UART_d01_ursel.c,81 :: 		
L_UART1_Write_Text3:
; data_ start address is: 16 (R16)
; counter start address is: 17 (R17)
0x02E6	0x3000    	CPI        R16, 0
0x02E8	0xF079    	BREQ       L_UART1_Write_Text4
L__UART1_Write_Text34:
;__Lib_UART_d01_ursel.c,82 :: 		
0x02EA	0x923F    	PUSH       R3
0x02EC	0x922F    	PUSH       R2
; data_ end address is: 16 (R16)
0x02EE	0x2E20    	MOV        R2, R16
0x02F0	0xDFD8    	RCALL      _UART1_Write+0
0x02F2	0x902F    	POP        R2
0x02F4	0x903F    	POP        R3
;__Lib_UART_d01_ursel.c,83 :: 		
0x02F6	0x2F01    	MOV        R16, R17
0x02F8	0x5F0F    	SUBI       R16, 255
0x02FA	0x2F10    	MOV        R17, R16
;__Lib_UART_d01_ursel.c,84 :: 		
0x02FC	0x2FE0    	MOV        R30, R16
0x02FE	0xE0F0    	LDI        R31, 0
0x0300	0x0DE2    	ADD        R30, R2
0x0302	0x1DF3    	ADC        R31, R3
0x0304	0x8100    	LD         R16, Z
; data_ start address is: 16 (R16)
;__Lib_UART_d01_ursel.c,85 :: 		
; counter end address is: 17 (R17)
; data_ end address is: 16 (R16)
0x0306	0xCFEF    	RJMP       L_UART1_Write_Text3
L_UART1_Write_Text4:
;__Lib_UART_d01_ursel.c,86 :: 		
L_end_UART1_Write_Text:
0x0308	0x9508    	RET
; end of _UART1_Write_Text
_UART1_Write:
;__Lib_UART_d01_ursel.c,58 :: 		
;__Lib_UART_d01_ursel.c,59 :: 		
L_UART1_Write0:
0x02A2	0xB1BB    	IN         R27, UDRE0_bit+0
0x02A4	0xFDB5    	SBRC       R27, 5
0x02A6	0xC001    	RJMP       L_UART1_Write1
;__Lib_UART_d01_ursel.c,60 :: 		
0x02A8	0xCFFC    	RJMP       L_UART1_Write0
L_UART1_Write1:
;__Lib_UART_d01_ursel.c,61 :: 		
0x02AA	0xB1BB    	IN         R27, TXC0_bit+0
0x02AC	0xFFB6    	SBRS       R27, 6
0x02AE	0xC003    	RJMP       L_UART1_Write2
;__Lib_UART_d01_ursel.c,62 :: 		
0x02B0	0xB1BB    	IN         R27, TXC0_bit+0
0x02B2	0x64B0    	SBR        R27, 64
0x02B4	0xB9BB    	OUT        TXC0_bit+0, R27
L_UART1_Write2:
;__Lib_UART_d01_ursel.c,63 :: 		
0x02B6	0xB82C    	OUT        UDR0+0, R2
;__Lib_UART_d01_ursel.c,64 :: 		
L_end_UART1_Write:
0x02B8	0x9508    	RET
; end of _UART1_Write
_SPI1_Init_Advanced:
;__Lib_SPI_b7654_x2.c,36 :: 		
;__Lib_SPI_b7654_x2.c,37 :: 		
0x0438	0xE0BC    	LDI        R27, lo_addr(_SPI1_Read+0)
0x043A	0x00C093B0  	STS        _SPI_Rd_Ptr+0, R27
0x043E	0xE0B1    	LDI        R27, hi_addr(_SPI1_Read+0)
0x0440	0x00C193B0  	STS        _SPI_Rd_Ptr+1, R27
;__Lib_SPI_b7654_x2.c,38 :: 		
0x0444	0xEFBF    	LDI        R27, lo_addr(_SPI1_Write+0)
0x0446	0x00C293B0  	STS        _SPI_Wr_Ptr+0, R27
0x044A	0xEFBF    	LDI        R27, hi_addr(_SPI1_Write+0)
0x044C	0x00C393B0  	STS        _SPI_Wr_Ptr+1, R27
;__Lib_SPI_b7654_x2.c,40 :: 		
0x0450	0xB3B7    	IN         R27, DDRB+0
0x0452	0x68B0    	SBR        R27, 128
0x0454	0xBBB7    	OUT        DDRB+0, R27
;__Lib_SPI_b7654_x2.c,41 :: 		
0x0456	0xB3B7    	IN         R27, DDRB+0
0x0458	0x7BBF    	CBR        R27, 64
0x045A	0xBBB7    	OUT        DDRB+0, R27
;__Lib_SPI_b7654_x2.c,42 :: 		
0x045C	0xB3B7    	IN         R27, DDRB+0
0x045E	0x62B0    	SBR        R27, 32
0x0460	0xBBB7    	OUT        DDRB+0, R27
;__Lib_SPI_b7654_x2.c,43 :: 		
0x0462	0xB3B7    	IN         R27, DDRB+0
0x0464	0x61B0    	SBR        R27, 16
0x0466	0xBBB7    	OUT        DDRB+0, R27
;__Lib_SPI_b7654_x2.c,45 :: 		
0x0468	0xFA32    	BST        R3, 2
0x046A	0xB1BE    	IN         R27, SPSR+0
0x046C	0xF9B0    	BLD        R27, 0
0x046E	0xB9BE    	OUT        SPSR+0, R27
;__Lib_SPI_b7654_x2.c,46 :: 		
0x0470	0x2D03    	MOV        R16, R3
0x0472	0x7003    	ANDI       R16, 3
0x0474	0x2904    	OR         R16, R4
0x0476	0x2902    	OR         R16, R2
0x0478	0x6400    	ORI        R16, 64
0x047A	0xB90D    	OUT        SPCR+0, R16
;__Lib_SPI_b7654_x2.c,47 :: 		
L_end_SPI1_Init_Advanced:
0x047C	0x9508    	RET
; end of _SPI1_Init_Advanced
_getADC:
0x0378	0x93CF    	PUSH       R28
0x037A	0x93DF    	PUSH       R29
0x037C	0xB7CD    	IN         R28, SPL+0
0x037E	0xB7DE    	IN         R29, SPL+1
0x0380	0x9721    	SBIW       R28, 1
0x0382	0xBFCD    	OUT        SPL+0, R28
0x0384	0xBFDE    	OUT        SPL+1, R29
0x0386	0x9621    	ADIW       R28, 1
;Voltmeter_click_AVR.c,68 :: 		unsigned int getADC( void )
;Voltmeter_click_AVR.c,75 :: 		sum = 0;
0x0388	0x922F    	PUSH       R2
; sum start address is: 19 (R19)
0x038A	0xE030    	LDI        R19, 0
0x038C	0xE040    	LDI        R20, 0
;Voltmeter_click_AVR.c,77 :: 		for(i=0; i<10; i++ )
; i start address is: 18 (R18)
0x038E	0xE020    	LDI        R18, 0
; sum end address is: 19 (R19)
; i end address is: 18 (R18)
L_getADC8:
; i start address is: 18 (R18)
; sum start address is: 19 (R19)
0x0390	0x302A    	CPI        R18, 10
0x0392	0xF540    	BRSH       L_getADC9
L__getADC15:
;Voltmeter_click_AVR.c,79 :: 		Chip_Select = 0;               // Select MCP3201
0x0394	0xB3BB    	IN         R27, PORTA5_bit+0
0x0396	0x7DBF    	CBR        R27, 32
0x0398	0xBBBB    	OUT        PORTA5_bit+0, R27
;Voltmeter_click_AVR.c,80 :: 		read = SPI1_Read(buffer);      // Get first 8 bits of ADC value
0x039A	0x8028    	LDD        R2, Y+0
0x039C	0xDF3D    	RCALL      _SPI1_Read+0
; read start address is: 23 (R23)
0x039E	0x2F70    	MOV        R23, R16
0x03A0	0xE080    	LDI        R24, 0
;Voltmeter_click_AVR.c,81 :: 		read1 = SPI1_Read(buffer);     // Get the rest of the ADC value bits
0x03A2	0x8028    	LDD        R2, Y+0
0x03A4	0xDF39    	RCALL      _SPI1_Read+0
; read1 start address is: 21 (R21)
0x03A6	0x2F50    	MOV        R21, R16
0x03A8	0xE060    	LDI        R22, 0
;Voltmeter_click_AVR.c,82 :: 		Chip_Select = 1;               // Deselect MCP3201
0x03AA	0xB3BB    	IN         R27, PORTA5_bit+0
0x03AC	0x62B0    	SBR        R27, 32
0x03AE	0xBBBB    	OUT        PORTA5_bit+0, R27
;Voltmeter_click_AVR.c,83 :: 		read = ((read & 0x1F) << 8);   // Store the first 8 bits of the ADC value in temporary variable
0x03B0	0x2F07    	MOV        R16, R23
0x03B2	0x2F18    	MOV        R17, R24
0x03B4	0x710F    	ANDI       R16, 31
0x03B6	0x7010    	ANDI       R17, 0
; read end address is: 23 (R23)
0x03B8	0x2F10    	MOV        R17, R16
0x03BA	0x2700    	CLR        R16
; read start address is: 23 (R23)
0x03BC	0x2F70    	MOV        R23, R16
0x03BE	0x2F81    	MOV        R24, R17
;Voltmeter_click_AVR.c,84 :: 		read = ((read | read1) >> 1);  // Store the rest of the ADC value bits in temporary variable
0x03C0	0x2F07    	MOV        R16, R23
0x03C2	0x2F18    	MOV        R17, R24
0x03C4	0x2B05    	OR         R16, R21
0x03C6	0x2B16    	OR         R17, R22
; read1 end address is: 21 (R21)
; read end address is: 23 (R23)
0x03C8	0x9516    	LSR        R17
0x03CA	0x9507    	ROR        R16
; read start address is: 21 (R21)
0x03CC	0x2F50    	MOV        R21, R16
0x03CE	0x2F61    	MOV        R22, R17
;Voltmeter_click_AVR.c,85 :: 		sum = sum + read;              // Sum of the eight ADC readings
0x03D0	0x2F05    	MOV        R16, R21
0x03D2	0x2F16    	MOV        R17, R22
0x03D4	0x0F03    	ADD        R16, R19
0x03D6	0x1F14    	ADC        R17, R20
; read end address is: 21 (R21)
0x03D8	0x2F30    	MOV        R19, R16
0x03DA	0x2F41    	MOV        R20, R17
;Voltmeter_click_AVR.c,77 :: 		for(i=0; i<10; i++ )
0x03DC	0x2F02    	MOV        R16, R18
0x03DE	0x5F0F    	SUBI       R16, 255
0x03E0	0x2F20    	MOV        R18, R16
;Voltmeter_click_AVR.c,86 :: 		}
; i end address is: 18 (R18)
0x03E2	0xCFD6    	RJMP       L_getADC8
L_getADC9:
;Voltmeter_click_AVR.c,87 :: 		avrg = sum / 10;                  // Average ADC value based on sum of the ADC readings
0x03E4	0x2F03    	MOV        R16, R19
0x03E6	0x2F14    	MOV        R17, R20
0x03E8	0xE04A    	LDI        R20, 10
0x03EA	0xE050    	LDI        R21, 0
0x03EC	0xDF01    	RCALL      _Div_16x16_U+0
0x03EE	0x018C    	MOVW       R16, R24
; sum end address is: 19 (R19)
; avrg start address is: 18 (R18)
0x03F0	0x0198    	MOVW       R18, R16
;Voltmeter_click_AVR.c,88 :: 		return avrg;                     // Returns the average ADC value
0x03F2	0x0189    	MOVW       R16, R18
; avrg end address is: 18 (R18)
;Voltmeter_click_AVR.c,89 :: 		}
;Voltmeter_click_AVR.c,88 :: 		return avrg;                     // Returns the average ADC value
;Voltmeter_click_AVR.c,89 :: 		}
L_end_getADC:
0x03F4	0x902F    	POP        R2
0x03F6	0xBFCD    	OUT        SPL+0, R28
0x03F8	0xBFDE    	OUT        SPL+1, R29
0x03FA	0x91DF    	POP        R29
0x03FC	0x91CF    	POP        R28
0x03FE	0x9508    	RET
; end of _getADC
_SPI1_Read:
;__Lib_SPI_b7654_x2.c,72 :: 		
;__Lib_SPI_b7654_x2.c,73 :: 		
0x0218	0xB82F    	OUT        SPDR+0, R2
;__Lib_SPI_b7654_x2.c,74 :: 		
L_SPI1_Read2:
0x021A	0xB1BE    	IN         R27, SPSR+0
0x021C	0xFDB7    	SBRC       R27, 7
0x021E	0xC001    	RJMP       L_SPI1_Read3
0x0220	0xCFFC    	RJMP       L_SPI1_Read2
L_SPI1_Read3:
;__Lib_SPI_b7654_x2.c,76 :: 		
0x0222	0xB10F    	IN         R16, SPDR+0
;__Lib_SPI_b7654_x2.c,77 :: 		
L_end_SPI1_Read:
0x0224	0x9508    	RET
; end of _SPI1_Read
_Div_16x16_U:
;__Lib_Math.c,208 :: 		
;__Lib_Math.c,211 :: 		
0x01F0	0x01C8    	MOVW       R24, R16
;__Lib_Math.c,212 :: 		
0x01F2	0x01BA    	MOVW       R22, R20
;__Lib_Math.c,214 :: 		
0x01F4	0x1BAA    	SUB        R26, R26
;__Lib_Math.c,215 :: 		
0x01F6	0x1BBB    	SUB        R27, R27
;__Lib_Math.c,216 :: 		
0x01F8	0xE151    	LDI        R21, 17
;__Lib_Math.c,217 :: 		
0x01FA	0xC007    	RJMP       Div_16x16_U_L2
;__Lib_Math.c,218 :: 		
Div_16x16_U_L1:
;__Lib_Math.c,219 :: 		
0x01FC	0x1FAA    	ROL        R26
;__Lib_Math.c,220 :: 		
0x01FE	0x1FBB    	ROL        R27
;__Lib_Math.c,221 :: 		
0x0200	0x17A6    	CP         R26, R22
;__Lib_Math.c,222 :: 		
0x0202	0x07B7    	CPC        R27, R23
;__Lib_Math.c,223 :: 		
0x0204	0xF010    	BRCS       Div_16x16_U_L2
;__Lib_Math.c,224 :: 		
0x0206	0x1BA6    	SUB        R26, R22
;__Lib_Math.c,225 :: 		
0x0208	0x0BB7    	SBC        R27, R23
;__Lib_Math.c,226 :: 		
Div_16x16_U_L2:
;__Lib_Math.c,227 :: 		
0x020A	0x1F88    	ROL        R24
;__Lib_Math.c,228 :: 		
0x020C	0x1F99    	ROL        R25
;__Lib_Math.c,229 :: 		
0x020E	0x955A    	DEC        R21
;__Lib_Math.c,230 :: 		
0x0210	0xF7A9    	BRNE       Div_16x16_U_L1
;__Lib_Math.c,231 :: 		
0x0212	0x9580    	COM        R24
;__Lib_Math.c,232 :: 		
0x0214	0x9590    	COM        R25
;__Lib_Math.c,235 :: 		
L_end_Div_16x16_U:
0x0216	0x9508    	RET
; end of _Div_16x16_U
_UART1_Init:
;__Lib_UART_d01_ursel.c,31 :: 		
;__Lib_UART_d01_ursel.c,32 :: 		
0x030A	0xE5B1    	LDI        R27, lo_addr(_UART1_Write+0)
0x030C	0x00C493B0  	STS        _UART_Wr_Ptr+0, R27
0x0310	0xE0B1    	LDI        R27, hi_addr(_UART1_Write+0)
0x0312	0x00C593B0  	STS        _UART_Wr_Ptr+1, R27
;__Lib_UART_d01_ursel.c,33 :: 		
0x0316	0xEFBF    	LDI        R27, lo_addr(_UART1_Read+0)
0x0318	0x00BA93B0  	STS        _UART_Rd_Ptr+0, R27
0x031C	0xEFBF    	LDI        R27, hi_addr(_UART1_Read+0)
0x031E	0x00BB93B0  	STS        _UART_Rd_Ptr+1, R27
;__Lib_UART_d01_ursel.c,34 :: 		
0x0322	0xEFBF    	LDI        R27, lo_addr(_UART1_Data_Ready+0)
0x0324	0x00BC93B0  	STS        _UART_Rdy_Ptr+0, R27
0x0328	0xEFBF    	LDI        R27, hi_addr(_UART1_Data_Ready+0)
0x032A	0x00BD93B0  	STS        _UART_Rdy_Ptr+1, R27
;__Lib_UART_d01_ursel.c,35 :: 		
0x032E	0xEFBF    	LDI        R27, lo_addr(_UART1_Tx_Idle+0)
0x0330	0x00BE93B0  	STS        _UART_Tx_Idle_Ptr+0, R27
0x0334	0xEFBF    	LDI        R27, hi_addr(_UART1_Tx_Idle+0)
0x0336	0x00BF93B0  	STS        _UART_Tx_Idle_Ptr+1, R27
;__Lib_UART_d01_ursel.c,37 :: 		
0x033A	0xB3B1    	IN         R27, DDRD+0
0x033C	0x7FBE    	CBR        R27, 1
0x033E	0xBBB1    	OUT        DDRD+0, R27
;__Lib_UART_d01_ursel.c,38 :: 		
0x0340	0xB3B1    	IN         R27, DDRD+0
0x0342	0x60B2    	SBR        R27, 2
0x0344	0xBBB1    	OUT        DDRD+0, R27
;__Lib_UART_d01_ursel.c,40 :: 		
0x0346	0xB10A    	IN         R16, UCSR0B+0
0x0348	0x6108    	ORI        R16, 24
0x034A	0xB90A    	OUT        UCSR0B+0, R16
;__Lib_UART_d01_ursel.c,41 :: 		
0x034C	0xE8B6    	LDI        R27, 134
0x034E	0xBDB0    	OUT        UCSR0C+0, R27
;__Lib_UART_d01_ursel.c,42 :: 		
L_end_UART1_Init:
0x0350	0x9508    	RET
; end of _UART1_Init
_FloatToStr:
0x04A2	0x93CF    	PUSH       R28
0x04A4	0x93DF    	PUSH       R29
0x04A6	0xB7CD    	IN         R28, SPL+0
0x04A8	0xB7DE    	IN         R29, SPL+1
0x04AA	0x9726    	SBIW       R28, 6
0x04AC	0xBFCD    	OUT        SPL+0, R28
0x04AE	0xBFDE    	OUT        SPL+1, R29
0x04B0	0x9621    	ADIW       R28, 1
;__Lib_Conversions.c,472 :: 		
;__Lib_Conversions.c,474 :: 		
0x04B2	0x922F    	PUSH       R2
0x04B4	0x923F    	PUSH       R3
0x04B6	0x924F    	PUSH       R4
0x04B8	0x925F    	PUSH       R5
0x04BA	0xE0B0    	LDI        R27, 0
0x04BC	0x83BC    	STD        Y+4, R27
0x04BE	0xE0B0    	LDI        R27, 0
0x04C0	0x83BD    	STD        Y+5, R27
;__Lib_Conversions.c,476 :: 		
;__Lib_Conversions.c,479 :: 		
0x04C2	0x8228    	STD        Y+0, R2
0x04C4	0x8239    	STD        Y+1, R3
0x04C6	0x824A    	STD        Y+2, R4
0x04C8	0x825B    	STD        Y+3, R5
;__Lib_Conversions.c,480 :: 		
0x04CA	0x8108    	LDD        R16, Y+0
0x04CC	0x8119    	LDD        R17, Y+1
0x04CE	0x812A    	LDD        R18, Y+2
0x04D0	0x813B    	LDD        R19, Y+3
0x04D2	0x3F3F    	CPI        R19, 255
0x04D4	0xF429    	BRNE       L__FloatToStr185
0x04D6	0x3F2F    	CPI        R18, 255
0x04D8	0xF419    	BRNE       L__FloatToStr185
0x04DA	0x3F1F    	CPI        R17, 255
0x04DC	0xF409    	BRNE       L__FloatToStr185
0x04DE	0x3F0F    	CPI        R16, 255
L__FloatToStr185:
0x04E0	0xF441    	BRNE       L_FloatToStr76
L__FloatToStr186:
;__Lib_Conversions.c,481 :: 		
0x04E2	0xE6B3    	LDI        R27, lo_addr(?lstr1___Lib_Conversions+0)
0x04E4	0x2E4B    	MOV        R4, R27
0x04E6	0xE0B0    	LDI        R27, hi_addr(?lstr1___Lib_Conversions+0)
0x04E8	0x2E5B    	MOV        R5, R27
0x04EA	0x0113    	MOVW       R2, R6
0x04EC	0xDF89    	RCALL      _strcpy+0
;__Lib_Conversions.c,482 :: 		
0x04EE	0xE003    	LDI        R16, 3
0x04F0	0xC184    	RJMP       L_end_FloatToStr
;__Lib_Conversions.c,483 :: 		
L_FloatToStr76:
;__Lib_Conversions.c,484 :: 		
; i start address is: 22 (R22)
0x04F2	0xE061    	LDI        R22, 1
;__Lib_Conversions.c,485 :: 		
0x04F4	0x018E    	MOVW       R16, R28
0x04F6	0x01F8    	MOVW       R30, R16
0x04F8	0x9633    	ADIW       R30, 3
0x04FA	0x8100    	LD         R16, Z
0x04FC	0xFF07    	SBRS       R16, 7
0x04FE	0xC016    	RJMP       L__FloatToStr110
;__Lib_Conversions.c,486 :: 		
0x0500	0x018E    	MOVW       R16, R28
0x0502	0x0198    	MOVW       R18, R16
0x0504	0x5F2D    	SUBI       R18, 253
0x0506	0x4F3F    	SBCI       R19, 255
0x0508	0x01F9    	MOVW       R30, R18
0x050A	0x8100    	LD         R16, Z
0x050C	0xE8B0    	LDI        R27, 128
0x050E	0x270B    	EOR        R16, R27
0x0510	0x01F9    	MOVW       R30, R18
0x0512	0x8300    	ST         Z, R16
;__Lib_Conversions.c,487 :: 		
0x0514	0x2F06    	MOV        R16, R22
0x0516	0x5F0F    	SUBI       R16, 255
; i end address is: 22 (R22)
; i start address is: 18 (R18)
0x0518	0x2F20    	MOV        R18, R16
;__Lib_Conversions.c,488 :: 		
0x051A	0x01F3    	MOVW       R30, R6
0x051C	0xE2BD    	LDI        R27, 45
0x051E	0x83B0    	ST         Z, R27
0x0520	0x0183    	MOVW       R16, R6
0x0522	0x5F0F    	SUBI       R16, 255
0x0524	0x4F1F    	SBCI       R17, 255
0x0526	0x0138    	MOVW       R6, R16
; i end address is: 18 (R18)
0x0528	0x2F42    	MOV        R20, R18
;__Lib_Conversions.c,489 :: 		
0x052A	0xC001    	RJMP       L_FloatToStr77
L__FloatToStr110:
;__Lib_Conversions.c,485 :: 		
0x052C	0x2F46    	MOV        R20, R22
;__Lib_Conversions.c,489 :: 		
L_FloatToStr77:
;__Lib_Conversions.c,490 :: 		
; i start address is: 20 (R20)
0x052E	0x8108    	LDD        R16, Y+0
0x0530	0x8119    	LDD        R17, Y+1
0x0532	0x812A    	LDD        R18, Y+2
0x0534	0x813B    	LDD        R19, Y+3
0x0536	0x3030    	CPI        R19, 0
0x0538	0xF429    	BRNE       L__FloatToStr187
0x053A	0x3020    	CPI        R18, 0
0x053C	0xF419    	BRNE       L__FloatToStr187
0x053E	0x3010    	CPI        R17, 0
0x0540	0xF409    	BRNE       L__FloatToStr187
0x0542	0x3000    	CPI        R16, 0
L__FloatToStr187:
0x0544	0xF441    	BRNE       L_FloatToStr78
L__FloatToStr188:
; i end address is: 20 (R20)
;__Lib_Conversions.c,491 :: 		
0x0546	0xE6B7    	LDI        R27, lo_addr(?lstr2___Lib_Conversions+0)
0x0548	0x2E4B    	MOV        R4, R27
0x054A	0xE0B0    	LDI        R27, hi_addr(?lstr2___Lib_Conversions+0)
0x054C	0x2E5B    	MOV        R5, R27
0x054E	0x0113    	MOVW       R2, R6
0x0550	0xDF57    	RCALL      _strcpy+0
;__Lib_Conversions.c,492 :: 		
0x0552	0xE000    	LDI        R16, 0
0x0554	0xC152    	RJMP       L_end_FloatToStr
;__Lib_Conversions.c,493 :: 		
L_FloatToStr78:
;__Lib_Conversions.c,494 :: 		
; i start address is: 20 (R20)
0x0556	0x8108    	LDD        R16, Y+0
0x0558	0x8119    	LDD        R17, Y+1
0x055A	0x812A    	LDD        R18, Y+2
0x055C	0x813B    	LDD        R19, Y+3
0x055E	0x373F    	CPI        R19, 127
0x0560	0xF429    	BRNE       L__FloatToStr189
0x0562	0x3820    	CPI        R18, 128
0x0564	0xF419    	BRNE       L__FloatToStr189
0x0566	0x3010    	CPI        R17, 0
0x0568	0xF409    	BRNE       L__FloatToStr189
0x056A	0x3000    	CPI        R16, 0
L__FloatToStr189:
0x056C	0xF451    	BRNE       L_FloatToStr79
L__FloatToStr190:
;__Lib_Conversions.c,495 :: 		
0x056E	0x934F    	PUSH       R20
0x0570	0xE9B4    	LDI        R27, lo_addr(?lstr3___Lib_Conversions+0)
0x0572	0x2E4B    	MOV        R4, R27
0x0574	0xE0B0    	LDI        R27, hi_addr(?lstr3___Lib_Conversions+0)
0x0576	0x2E5B    	MOV        R5, R27
0x0578	0x0113    	MOVW       R2, R6
0x057A	0xDF42    	RCALL      _strcpy+0
0x057C	0x914F    	POP        R20
;__Lib_Conversions.c,496 :: 		
0x057E	0x2F04    	MOV        R16, R20
; i end address is: 20 (R20)
0x0580	0xC13C    	RJMP       L_end_FloatToStr
;__Lib_Conversions.c,497 :: 		
L_FloatToStr79:
;__Lib_Conversions.c,505 :: 		
L_FloatToStr80:
0x0582	0x925F    	PUSH       R5
0x0584	0x924F    	PUSH       R4
0x0586	0x923F    	PUSH       R3
0x0588	0x922F    	PUSH       R2
0x058A	0xE040    	LDI        R20, 0
0x058C	0xE050    	LDI        R21, 0
0x058E	0xE860    	LDI        R22, 128
0x0590	0xE37F    	LDI        R23, 63
0x0592	0x8108    	LDD        R16, Y+0
0x0594	0x8119    	LDD        R17, Y+1
0x0596	0x812A    	LDD        R18, Y+2
0x0598	0x813B    	LDD        R19, Y+3
0x059A	0xDF47    	RCALL      _float_op_less+0
0x059C	0x2800    	OR         R0, R0
0x059E	0xE000    	LDI        R16, 0
0x05A0	0xF009    	BREQ       L__FloatToStr191
0x05A2	0xE001    	LDI        R16, 1
L__FloatToStr191:
0x05A4	0x902F    	POP        R2
0x05A6	0x903F    	POP        R3
0x05A8	0x904F    	POP        R4
0x05AA	0x905F    	POP        R5
0x05AC	0x2300    	TST        R16
0x05AE	0xF0C9    	BREQ       L_FloatToStr81
L__FloatToStr192:
;__Lib_Conversions.c,506 :: 		
0x05B0	0x925F    	PUSH       R5
0x05B2	0x924F    	PUSH       R4
0x05B4	0x923F    	PUSH       R3
0x05B6	0x922F    	PUSH       R2
0x05B8	0x8108    	LDD        R16, Y+0
0x05BA	0x8119    	LDD        R17, Y+1
0x05BC	0x812A    	LDD        R18, Y+2
0x05BE	0x813B    	LDD        R19, Y+3
0x05C0	0xE040    	LDI        R20, 0
0x05C2	0xE050    	LDI        R21, 0
0x05C4	0xE260    	LDI        R22, 32
0x05C6	0xE471    	LDI        R23, 65
0x05C8	0xDE7F    	RCALL      _float_fpmul1+0
0x05CA	0x902F    	POP        R2
0x05CC	0x903F    	POP        R3
0x05CE	0x904F    	POP        R4
0x05D0	0x905F    	POP        R5
0x05D2	0x8308    	STD        Y+0, R16
0x05D4	0x8319    	STD        Y+1, R17
0x05D6	0x832A    	STD        Y+2, R18
0x05D8	0x833B    	STD        Y+3, R19
;__Lib_Conversions.c,507 :: 		
0x05DA	0x810D    	LDD        R16, Y+5
0x05DC	0x5001    	SUBI       R16, 1
0x05DE	0x830D    	STD        Y+5, R16
;__Lib_Conversions.c,508 :: 		
0x05E0	0xCFD0    	RJMP       L_FloatToStr80
L_FloatToStr81:
;__Lib_Conversions.c,513 :: 		
L_FloatToStr82:
0x05E2	0x925F    	PUSH       R5
0x05E4	0x924F    	PUSH       R4
0x05E6	0x923F    	PUSH       R3
0x05E8	0x922F    	PUSH       R2
0x05EA	0xE040    	LDI        R20, 0
0x05EC	0xE050    	LDI        R21, 0
0x05EE	0xE260    	LDI        R22, 32
0x05F0	0xE471    	LDI        R23, 65
0x05F2	0x8108    	LDD        R16, Y+0
0x05F4	0x8119    	LDD        R17, Y+1
0x05F6	0x812A    	LDD        R18, Y+2
0x05F8	0x813B    	LDD        R19, Y+3
0x05FA	0xDEB7    	RCALL      _float_op_gequ+0
0x05FC	0x2800    	OR         R0, R0
0x05FE	0xE000    	LDI        R16, 0
0x0600	0xF009    	BREQ       L__FloatToStr193
0x0602	0xE001    	LDI        R16, 1
L__FloatToStr193:
0x0604	0x902F    	POP        R2
0x0606	0x903F    	POP        R3
0x0608	0x904F    	POP        R4
0x060A	0x905F    	POP        R5
0x060C	0x2300    	TST        R16
0x060E	0xF0C9    	BREQ       L_FloatToStr83
L__FloatToStr194:
;__Lib_Conversions.c,514 :: 		
0x0610	0x925F    	PUSH       R5
0x0612	0x924F    	PUSH       R4
0x0614	0x923F    	PUSH       R3
0x0616	0x922F    	PUSH       R2
0x0618	0x8108    	LDD        R16, Y+0
0x061A	0x8119    	LDD        R17, Y+1
0x061C	0x812A    	LDD        R18, Y+2
0x061E	0x813B    	LDD        R19, Y+3
0x0620	0xEC4D    	LDI        R20, 205
0x0622	0xEC5C    	LDI        R21, 204
0x0624	0xEC6C    	LDI        R22, 204
0x0626	0xE37D    	LDI        R23, 61
0x0628	0xDE4F    	RCALL      _float_fpmul1+0
0x062A	0x902F    	POP        R2
0x062C	0x903F    	POP        R3
0x062E	0x904F    	POP        R4
0x0630	0x905F    	POP        R5
0x0632	0x8308    	STD        Y+0, R16
0x0634	0x8319    	STD        Y+1, R17
0x0636	0x832A    	STD        Y+2, R18
0x0638	0x833B    	STD        Y+3, R19
;__Lib_Conversions.c,515 :: 		
0x063A	0x810D    	LDD        R16, Y+5
0x063C	0x5F0F    	SUBI       R16, 255
0x063E	0x830D    	STD        Y+5, R16
;__Lib_Conversions.c,516 :: 		
0x0640	0xCFD0    	RJMP       L_FloatToStr82
L_FloatToStr83:
;__Lib_Conversions.c,521 :: 		
0x0642	0x8108    	LDD        R16, Y+0
0x0644	0x8119    	LDD        R17, Y+1
0x0646	0x812A    	LDD        R18, Y+2
0x0648	0x813B    	LDD        R19, Y+3
0x064A	0x0F00    	LSL        R16
0x064C	0x1F11    	ROL        R17
0x064E	0x1F22    	ROL        R18
0x0650	0x1F33    	ROL        R19
0x0652	0x8308    	STD        Y+0, R16
0x0654	0x8319    	STD        Y+1, R17
0x0656	0x832A    	STD        Y+2, R18
0x0658	0x833B    	STD        Y+3, R19
;__Lib_Conversions.c,530 :: 		
0x065A	0x018E    	MOVW       R16, R28
0x065C	0x01F8    	MOVW       R30, R16
0x065E	0x9633    	ADIW       R30, 3
0x0660	0x8100    	LD         R16, Z
0x0662	0x570F    	SUBI       R16, 127
; d start address is: 20 (R20)
0x0664	0x2F40    	MOV        R20, R16
;__Lib_Conversions.c,533 :: 		
0x0666	0x018E    	MOVW       R16, R28
0x0668	0x01F8    	MOVW       R30, R16
0x066A	0x9633    	ADIW       R30, 3
0x066C	0xE0B1    	LDI        R27, 1
0x066E	0x83B0    	ST         Z, R27
;__Lib_Conversions.c,534 :: 		
0x0670	0x8108    	LDD        R16, Y+0
0x0672	0x8119    	LDD        R17, Y+1
0x0674	0x812A    	LDD        R18, Y+2
0x0676	0x813B    	LDD        R19, Y+3
0x0678	0x2FB4    	MOV        R27, R20
0x067A	0x23BB    	TST        R27
0x067C	0xF031    	BREQ       L__FloatToStr196
L__FloatToStr195:
0x067E	0x0F00    	LSL        R16
0x0680	0x1F11    	ROL        R17
0x0682	0x1F22    	ROL        R18
0x0684	0x1F33    	ROL        R19
0x0686	0x95BA    	DEC        R27
0x0688	0xF7D1    	BRNE       L__FloatToStr195
L__FloatToStr196:
; d end address is: 20 (R20)
0x068A	0x8308    	STD        Y+0, R16
0x068C	0x8319    	STD        Y+1, R17
0x068E	0x832A    	STD        Y+2, R18
0x0690	0x833B    	STD        Y+3, R19
;__Lib_Conversions.c,535 :: 		
0x0692	0x018E    	MOVW       R16, R28
0x0694	0x01F8    	MOVW       R30, R16
0x0696	0x9633    	ADIW       R30, 3
0x0698	0x8100    	LD         R16, Z
0x069A	0x5D00    	SUBI       R16, 208
0x069C	0x01F3    	MOVW       R30, R6
0x069E	0x8300    	ST         Z, R16
0x06A0	0x0183    	MOVW       R16, R6
0x06A2	0x5F0F    	SUBI       R16, 255
0x06A4	0x4F1F    	SBCI       R17, 255
0x06A6	0x0138    	MOVW       R6, R16
;__Lib_Conversions.c,536 :: 		
0x06A8	0x810D    	LDD        R16, Y+5
0x06AA	0x3001    	CPI        R16, 1
0x06AC	0xF02C    	BRLT       L__FloatToStr109
L__FloatToStr197:
0x06AE	0x811D    	LDD        R17, Y+5
0x06B0	0xE006    	LDI        R16, 6
0x06B2	0x1701    	CP         R16, R17
0x06B4	0xF00C    	BRLT       L__FloatToStr108
L__FloatToStr198:
0x06B6	0xC009    	RJMP       L_FloatToStr86
L__FloatToStr109:
L__FloatToStr108:
;__Lib_Conversions.c,537 :: 		
0x06B8	0x01F3    	MOVW       R30, R6
0x06BA	0xE2BE    	LDI        R27, 46
0x06BC	0x83B0    	ST         Z, R27
0x06BE	0x0183    	MOVW       R16, R6
0x06C0	0x5F0F    	SUBI       R16, 255
0x06C2	0x4F1F    	SBCI       R17, 255
0x06C4	0x0138    	MOVW       R6, R16
;__Lib_Conversions.c,538 :: 		
0x06C6	0xE0B1    	LDI        R27, 1
0x06C8	0x83BC    	STD        Y+4, R27
;__Lib_Conversions.c,539 :: 		
L_FloatToStr86:
;__Lib_Conversions.c,540 :: 		
; d start address is: 24 (R24)
0x06CA	0xE086    	LDI        R24, 6
; d end address is: 24 (R24)
L_FloatToStr87:
; d start address is: 24 (R24)
0x06CC	0x3080    	CPI        R24, 0
0x06CE	0xF409    	BRNE       L__FloatToStr199
0x06D0	0xC04B    	RJMP       L_FloatToStr88
L__FloatToStr199:
;__Lib_Conversions.c,541 :: 		
0x06D2	0x018E    	MOVW       R16, R28
0x06D4	0x01F8    	MOVW       R30, R16
0x06D6	0x9633    	ADIW       R30, 3
0x06D8	0xE0B0    	LDI        R27, 0
0x06DA	0x83B0    	ST         Z, R27
;__Lib_Conversions.c,542 :: 		
0x06DC	0x8108    	LDD        R16, Y+0
0x06DE	0x8119    	LDD        R17, Y+1
0x06E0	0x812A    	LDD        R18, Y+2
0x06E2	0x813B    	LDD        R19, Y+3
0x06E4	0x01A8    	MOVW       R20, R16
0x06E6	0x01B9    	MOVW       R22, R18
0x06E8	0x0F44    	LSL        R20
0x06EA	0x1F55    	ROL        R21
0x06EC	0x1F66    	ROL        R22
0x06EE	0x1F77    	ROL        R23
0x06F0	0x0F44    	LSL        R20
0x06F2	0x1F55    	ROL        R21
0x06F4	0x1F66    	ROL        R22
0x06F6	0x1F77    	ROL        R23
0x06F8	0x8108    	LDD        R16, Y+0
0x06FA	0x8119    	LDD        R17, Y+1
0x06FC	0x812A    	LDD        R18, Y+2
0x06FE	0x813B    	LDD        R19, Y+3
0x0700	0x0F04    	ADD        R16, R20
0x0702	0x1F15    	ADC        R17, R21
0x0704	0x1F26    	ADC        R18, R22
0x0706	0x1F37    	ADC        R19, R23
0x0708	0x8308    	STD        Y+0, R16
0x070A	0x8319    	STD        Y+1, R17
0x070C	0x832A    	STD        Y+2, R18
0x070E	0x833B    	STD        Y+3, R19
;__Lib_Conversions.c,543 :: 		
0x0710	0x8108    	LDD        R16, Y+0
0x0712	0x8119    	LDD        R17, Y+1
0x0714	0x812A    	LDD        R18, Y+2
0x0716	0x813B    	LDD        R19, Y+3
0x0718	0x0F00    	LSL        R16
0x071A	0x1F11    	ROL        R17
0x071C	0x1F22    	ROL        R18
0x071E	0x1F33    	ROL        R19
0x0720	0x8308    	STD        Y+0, R16
0x0722	0x8319    	STD        Y+1, R17
0x0724	0x832A    	STD        Y+2, R18
0x0726	0x833B    	STD        Y+3, R19
;__Lib_Conversions.c,544 :: 		
0x0728	0x018E    	MOVW       R16, R28
0x072A	0x01F8    	MOVW       R30, R16
0x072C	0x9633    	ADIW       R30, 3
0x072E	0x8100    	LD         R16, Z
0x0730	0x5D00    	SUBI       R16, 208
0x0732	0x01F3    	MOVW       R30, R6
0x0734	0x8300    	ST         Z, R16
0x0736	0x0183    	MOVW       R16, R6
0x0738	0x5F0F    	SUBI       R16, 255
0x073A	0x4F1F    	SBCI       R17, 255
0x073C	0x0138    	MOVW       R6, R16
;__Lib_Conversions.c,545 :: 		
0x073E	0x810C    	LDD        R16, Y+4
0x0740	0x3000    	CPI        R16, 0
0x0742	0xF471    	BRNE       L_FloatToStr90
L__FloatToStr200:
;__Lib_Conversions.c,546 :: 		
0x0744	0x810D    	LDD        R16, Y+5
0x0746	0x5001    	SUBI       R16, 1
0x0748	0x830D    	STD        Y+5, R16
0x074A	0x3000    	CPI        R16, 0
0x074C	0xF449    	BRNE       L_FloatToStr91
L__FloatToStr201:
;__Lib_Conversions.c,547 :: 		
0x074E	0x01F3    	MOVW       R30, R6
0x0750	0xE2BE    	LDI        R27, 46
0x0752	0x83B0    	ST         Z, R27
0x0754	0x0183    	MOVW       R16, R6
0x0756	0x5F0F    	SUBI       R16, 255
0x0758	0x4F1F    	SBCI       R17, 255
0x075A	0x0138    	MOVW       R6, R16
;__Lib_Conversions.c,548 :: 		
0x075C	0xE0B1    	LDI        R27, 1
0x075E	0x83BC    	STD        Y+4, R27
;__Lib_Conversions.c,549 :: 		
L_FloatToStr91:
L_FloatToStr90:
;__Lib_Conversions.c,540 :: 		
0x0760	0x2F08    	MOV        R16, R24
0x0762	0x5001    	SUBI       R16, 1
; d end address is: 24 (R24)
; d start address is: 16 (R16)
;__Lib_Conversions.c,550 :: 		
0x0764	0x2F80    	MOV        R24, R16
; d end address is: 16 (R16)
0x0766	0xCFB2    	RJMP       L_FloatToStr87
L_FloatToStr88:
;__Lib_Conversions.c,551 :: 		
L_FloatToStr92:
0x0768	0x01F3    	MOVW       R30, R6
0x076A	0x9731    	SBIW       R30, 1
0x076C	0x8100    	LD         R16, Z
0x076E	0x3300    	CPI        R16, 48
0x0770	0xF429    	BRNE       L_FloatToStr93
L__FloatToStr202:
;__Lib_Conversions.c,552 :: 		
0x0772	0x0183    	MOVW       R16, R6
0x0774	0x5001    	SUBI       R16, 1
0x0776	0x4010    	SBCI       R17, 0
0x0778	0x0138    	MOVW       R6, R16
0x077A	0xCFF6    	RJMP       L_FloatToStr92
L_FloatToStr93:
;__Lib_Conversions.c,553 :: 		
0x077C	0x01F3    	MOVW       R30, R6
0x077E	0x9731    	SBIW       R30, 1
0x0780	0x8100    	LD         R16, Z
0x0782	0x320E    	CPI        R16, 46
0x0784	0xF421    	BRNE       L_FloatToStr94
L__FloatToStr203:
;__Lib_Conversions.c,554 :: 		
0x0786	0x0183    	MOVW       R16, R6
0x0788	0x5001    	SUBI       R16, 1
0x078A	0x4010    	SBCI       R17, 0
0x078C	0x0138    	MOVW       R6, R16
L_FloatToStr94:
;__Lib_Conversions.c,555 :: 		
0x078E	0x810D    	LDD        R16, Y+5
0x0790	0x3000    	CPI        R16, 0
0x0792	0xF179    	BREQ       L_FloatToStr95
L__FloatToStr204:
;__Lib_Conversions.c,556 :: 		
0x0794	0x01F3    	MOVW       R30, R6
0x0796	0xE6B5    	LDI        R27, 101
0x0798	0x83B0    	ST         Z, R27
0x079A	0x0183    	MOVW       R16, R6
0x079C	0x5F0F    	SUBI       R16, 255
0x079E	0x4F1F    	SBCI       R17, 255
0x07A0	0x0138    	MOVW       R6, R16
;__Lib_Conversions.c,557 :: 		
0x07A2	0x810D    	LDD        R16, Y+5
0x07A4	0x3000    	CPI        R16, 0
0x07A6	0xF45C    	BRGE       L_FloatToStr96
L__FloatToStr205:
;__Lib_Conversions.c,558 :: 		
0x07A8	0x01F3    	MOVW       R30, R6
0x07AA	0xE2BD    	LDI        R27, 45
0x07AC	0x83B0    	ST         Z, R27
0x07AE	0x0183    	MOVW       R16, R6
0x07B0	0x5F0F    	SUBI       R16, 255
0x07B2	0x4F1F    	SBCI       R17, 255
0x07B4	0x0138    	MOVW       R6, R16
;__Lib_Conversions.c,559 :: 		
0x07B6	0x800D    	LDD        R0, Y+5
0x07B8	0xE000    	LDI        R16, 0
0x07BA	0x1900    	SUB        R16, R0
0x07BC	0x830D    	STD        Y+5, R16
;__Lib_Conversions.c,560 :: 		
L_FloatToStr96:
;__Lib_Conversions.c,561 :: 		
; d start address is: 18 (R18)
0x07BE	0x812D    	LDD        R18, Y+5
;__Lib_Conversions.c,562 :: 		
0x07C0	0x811D    	LDD        R17, Y+5
0x07C2	0xE009    	LDI        R16, 9
0x07C4	0x1701    	CP         R16, R17
0x07C6	0xF450    	BRSH       L_FloatToStr97
L__FloatToStr206:
;__Lib_Conversions.c,563 :: 		
0x07C8	0x2F02    	MOV        R16, R18
0x07CA	0xE04A    	LDI        R20, 10
0x07CC	0xDDC2    	RCALL      _Div_8x8_U+0
0x07CE	0x5D00    	SUBI       R16, 208
0x07D0	0x01F3    	MOVW       R30, R6
0x07D2	0x8300    	ST         Z, R16
0x07D4	0x0183    	MOVW       R16, R6
0x07D6	0x5F0F    	SUBI       R16, 255
0x07D8	0x4F1F    	SBCI       R17, 255
0x07DA	0x0138    	MOVW       R6, R16
L_FloatToStr97:
;__Lib_Conversions.c,564 :: 		
0x07DC	0x2F02    	MOV        R16, R18
0x07DE	0xE04A    	LDI        R20, 10
0x07E0	0xDDB8    	RCALL      _Div_8x8_U+0
0x07E2	0x2F09    	MOV        R16, R25
; d end address is: 18 (R18)
0x07E4	0x5D00    	SUBI       R16, 208
0x07E6	0x01F3    	MOVW       R30, R6
0x07E8	0x8300    	ST         Z, R16
0x07EA	0x0183    	MOVW       R16, R6
0x07EC	0x5F0F    	SUBI       R16, 255
0x07EE	0x4F1F    	SBCI       R17, 255
0x07F0	0x0138    	MOVW       R6, R16
;__Lib_Conversions.c,565 :: 		
L_FloatToStr95:
;__Lib_Conversions.c,566 :: 		
0x07F2	0x01F3    	MOVW       R30, R6
0x07F4	0xE0B0    	LDI        R27, 0
0x07F6	0x83B0    	ST         Z, R27
;__Lib_Conversions.c,567 :: 		
0x07F8	0xE000    	LDI        R16, 0
;__Lib_Conversions.c,568 :: 		
;__Lib_Conversions.c,567 :: 		
;__Lib_Conversions.c,568 :: 		
L_end_FloatToStr:
0x07FA	0x905F    	POP        R5
0x07FC	0x904F    	POP        R4
0x07FE	0x903F    	POP        R3
0x0800	0x902F    	POP        R2
0x0802	0x9625    	ADIW       R28, 5
0x0804	0xBFCD    	OUT        SPL+0, R28
0x0806	0xBFDE    	OUT        SPL+1, R29
0x0808	0x91DF    	POP        R29
0x080A	0x91CF    	POP        R28
0x080C	0x9508    	RET
; end of _FloatToStr
_strcpy:
;__Lib_CString.c,133 :: 		
;__Lib_CString.c,136 :: 		
; cp start address is: 20 (R20)
; cp start address is: 20 (R20)
0x0400	0x01A1    	MOVW       R20, R2
; cp end address is: 20 (R20)
;__Lib_CString.c,137 :: 		
L_strcpy34:
; cp start address is: 20 (R20)
0x0402	0x019A    	MOVW       R18, R20
0x0404	0x018A    	MOVW       R16, R20
0x0406	0x5F0F    	SUBI       R16, 255
0x0408	0x4F1F    	SBCI       R17, 255
0x040A	0x01A8    	MOVW       R20, R16
; cp end address is: 20 (R20)
0x040C	0x01F2    	MOVW       R30, R4
0x040E	0x0182    	MOVW       R16, R4
0x0410	0x5F0F    	SUBI       R16, 255
0x0412	0x4F1F    	SBCI       R17, 255
0x0414	0x0128    	MOVW       R4, R16
0x0416	0x8100    	LD         R16, Z
0x0418	0x01F9    	MOVW       R30, R18
0x041A	0x8300    	ST         Z, R16
0x041C	0x01F9    	MOVW       R30, R18
0x041E	0x8100    	LD         R16, Z
0x0420	0x2300    	TST        R16
0x0422	0xF009    	BREQ       L_strcpy35
L__strcpy133:
; cp end address is: 20 (R20)
;__Lib_CString.c,138 :: 		
; cp start address is: 20 (R20)
; cp end address is: 20 (R20)
0x0424	0xCFEE    	RJMP       L_strcpy34
L_strcpy35:
;__Lib_CString.c,139 :: 		
0x0426	0x0181    	MOVW       R16, R2
;__Lib_CString.c,140 :: 		
L_end_strcpy:
0x0428	0x9508    	RET
; end of _strcpy
_float_op_less:
;__Lib_MathDouble.c,729 :: 		
;__Lib_MathDouble.c,730 :: 		
0x042A	0xDF47    	RCALL      _float_fpcmp1+0
;__Lib_MathDouble.c,732 :: 		
0x042C	0xF41C    	BRGE       op_less_false
;__Lib_MathDouble.c,733 :: 		
0x042E	0x2400    	CLR        R0
;__Lib_MathDouble.c,734 :: 		
0x0430	0x9403    	INC        R0
;__Lib_MathDouble.c,735 :: 		
0x0432	0xC001    	RJMP       op_less_exit
;__Lib_MathDouble.c,736 :: 		
op_less_false:
;__Lib_MathDouble.c,737 :: 		
0x0434	0x2400    	CLR        R0
;__Lib_MathDouble.c,738 :: 		
op_less_exit:
;__Lib_MathDouble.c,740 :: 		
L_end_float_op_less:
0x0436	0x9508    	RET
; end of _float_op_less
_float_fpcmp1:
;__Lib_MathDouble.c,652 :: 		
;__Lib_MathDouble.c,654 :: 		
0x02BA	0x2E04    	MOV        R0, R20
;__Lib_MathDouble.c,655 :: 		
0x02BC	0x2E15    	MOV        R1, R21
;__Lib_MathDouble.c,656 :: 		
0x02BE	0x2E26    	MOV        R2, R22
;__Lib_MathDouble.c,657 :: 		
0x02C0	0x2E37    	MOV        R3, R23
;__Lib_MathDouble.c,659 :: 		
0x02C2	0xDF8B    	RCALL      _float_fpcmp+0
;__Lib_MathDouble.c,661 :: 		
0x02C4	0x2300    	TST        R16
;__Lib_MathDouble.c,663 :: 		
L_end_float_fpcmp1:
0x02C6	0x9508    	RET
; end of _float_fpcmp1
_float_fpcmp:
;__Lib_MathDouble.c,632 :: 		
;__Lib_MathDouble.c,633 :: 		
0x01DA	0xDFFC    	RCALL      _float_fpsub+0
;__Lib_MathDouble.c,635 :: 		
0x01DC	0x2333    	TST        R19
;__Lib_MathDouble.c,636 :: 		
0x01DE	0xF032    	BRMI       L011A
;__Lib_MathDouble.c,638 :: 		
0x01E0	0xDF39    	RCALL      _float_tstr16_r19+0
;__Lib_MathDouble.c,640 :: 		
0x01E2	0xF011    	BREQ       L0118
;__Lib_MathDouble.c,641 :: 		
0x01E4	0xE001    	LDI        R16, 1
;__Lib_MathDouble.c,642 :: 		
0x01E6	0xC003    	RJMP       L011Aexit
;__Lib_MathDouble.c,643 :: 		
L0118:
;__Lib_MathDouble.c,644 :: 		
0x01E8	0x2700    	CLR        R16
;__Lib_MathDouble.c,645 :: 		
0x01EA	0xC001    	RJMP       L011Aexit
;__Lib_MathDouble.c,646 :: 		
L011A:
;__Lib_MathDouble.c,647 :: 		
0x01EC	0xEF0F    	LDI        R16, 255
;__Lib_MathDouble.c,648 :: 		
L011Aexit:
;__Lib_MathDouble.c,650 :: 		
L_end_float_fpcmp:
0x01EE	0x9508    	RET
; end of _float_fpcmp
_float_fpsub:
;__Lib_MathDouble.c,384 :: 		
;__Lib_MathDouble.c,386 :: 		
0x01D4	0x9468    	SET
;__Lib_MathDouble.c,388 :: 		
0x01D6	0xDFA3    	RCALL      _float_fpadd_alt+0
;__Lib_MathDouble.c,389 :: 		
L_end_float_fpsub:
0x01D8	0x9508    	RET
; end of _float_fpsub
_float_fpadd_alt:
;__Lib_MathDouble.c,240 :: 		
;__Lib_MathDouble.c,241 :: 		
0x011E	0xDFCA    	RCALL      _float_unpacks+0
;__Lib_MathDouble.c,243 :: 		
0x0120	0xF409    	BRNE       L008A
;__Lib_MathDouble.c,244 :: 		
0x0122	0xC041    	RJMP       L00CC
;__Lib_MathDouble.c,245 :: 		
L008A:
;__Lib_MathDouble.c,246 :: 		
0x0124	0x2EE6    	MOV        R14, R22
;__Lib_MathDouble.c,247 :: 		
0x0126	0x2ED5    	MOV        R13, R21
;__Lib_MathDouble.c,248 :: 		
0x0128	0x2EC4    	MOV        R12, R20
;__Lib_MathDouble.c,249 :: 		
0x012A	0x2EB3    	MOV        R11, R19
;__Lib_MathDouble.c,250 :: 		
0x012C	0x2EA2    	MOV        R10, R18
;__Lib_MathDouble.c,251 :: 		
0x012E	0x2E91    	MOV        R9, R17
;__Lib_MathDouble.c,252 :: 		
0x0130	0x2E80    	MOV        R8, R16
;__Lib_MathDouble.c,253 :: 		
0x0132	0x2D00    	MOV        R16, R0
;__Lib_MathDouble.c,254 :: 		
0x0134	0x2D11    	MOV        R17, R1
;__Lib_MathDouble.c,255 :: 		
0x0136	0x2D22    	MOV        R18, R2
;__Lib_MathDouble.c,256 :: 		
0x0138	0x2D33    	MOV        R19, R3
;__Lib_MathDouble.c,258 :: 		
0x013A	0xDFBC    	RCALL      _float_unpacks+0
;__Lib_MathDouble.c,260 :: 		
0x013C	0xF409    	BRNE       L0098
;__Lib_MathDouble.c,261 :: 		
0x013E	0xC03D    	RJMP       L00D6
;__Lib_MathDouble.c,262 :: 		
L0098:
;__Lib_MathDouble.c,263 :: 		
0x0140	0x2F84    	MOV        R24, R20
;__Lib_MathDouble.c,264 :: 		
0x0142	0x2F95    	MOV        R25, R21
;__Lib_MathDouble.c,265 :: 		
0x0144	0x198C    	SUB        R24, R12
;__Lib_MathDouble.c,266 :: 		
0x0146	0x099D    	SBC        R25, R13
;__Lib_MathDouble.c,267 :: 		
0x0148	0xF0B9    	BREQ       L00B4
;__Lib_MathDouble.c,268 :: 		
0x014A	0xF472    	BRPL       L00AC
;__Lib_MathDouble.c,269 :: 		
0x014C	0x9590    	COM        R25
;__Lib_MathDouble.c,270 :: 		
0x014E	0x9580    	COM        R24
;__Lib_MathDouble.c,271 :: 		
0x0150	0x9601    	ADIW       R24, 1
;__Lib_MathDouble.c,272 :: 		
0x0152	0x2D4C    	MOV        R20, R12
;__Lib_MathDouble.c,273 :: 		
0x0154	0x2D5D    	MOV        R21, R13
;__Lib_MathDouble.c,274 :: 		
0x0156	0x3188    	CPI        R24, 24
;__Lib_MathDouble.c,275 :: 		
0x0158	0xF580    	BRCC       L00D6
;__Lib_MathDouble.c,276 :: 		
L00A5:
;__Lib_MathDouble.c,277 :: 		
0x015A	0x9535    	ASR        R19
;__Lib_MathDouble.c,278 :: 		
0x015C	0x9527    	ROR        R18
;__Lib_MathDouble.c,279 :: 		
0x015E	0x9517    	ROR        R17
;__Lib_MathDouble.c,280 :: 		
0x0160	0x9507    	ROR        R16
;__Lib_MathDouble.c,281 :: 		
0x0162	0x9701    	SBIW       R24, 1
;__Lib_MathDouble.c,282 :: 		
0x0164	0xF7D1    	BRNE       L00A5
;__Lib_MathDouble.c,283 :: 		
0x0166	0xC008    	RJMP       L00B4
;__Lib_MathDouble.c,284 :: 		
L00AC:
;__Lib_MathDouble.c,285 :: 		
0x0168	0x3188    	CPI        R24, 24
;__Lib_MathDouble.c,286 :: 		
0x016A	0xF4E8    	BRCC       L00CC
;__Lib_MathDouble.c,287 :: 		
L00AE:
;__Lib_MathDouble.c,288 :: 		
0x016C	0x94B5    	ASR        R11
;__Lib_MathDouble.c,289 :: 		
0x016E	0x94A7    	ROR        R10
;__Lib_MathDouble.c,290 :: 		
0x0170	0x9497    	ROR        R9
;__Lib_MathDouble.c,291 :: 		
0x0172	0x9487    	ROR        R8
;__Lib_MathDouble.c,292 :: 		
0x0174	0x9701    	SBIW       R24, 1
;__Lib_MathDouble.c,293 :: 		
0x0176	0xF7D1    	BRNE       L00AE
;__Lib_MathDouble.c,294 :: 		
L00B4:
;__Lib_MathDouble.c,295 :: 		
0x0178	0x2766    	CLR        R22
;__Lib_MathDouble.c,296 :: 		
0x017A	0xF02E    	BRTS       L00BB
;__Lib_MathDouble.c,297 :: 		
0x017C	0x0D08    	ADD        R16, R8
;__Lib_MathDouble.c,298 :: 		
0x017E	0x1D19    	ADC        R17, R9
;__Lib_MathDouble.c,299 :: 		
0x0180	0x1D2A    	ADC        R18, R10
;__Lib_MathDouble.c,300 :: 		
0x0182	0x1D3B    	ADC        R19, R11
;__Lib_MathDouble.c,301 :: 		
0x0184	0xC009    	RJMP       L00C4
;__Lib_MathDouble.c,302 :: 		
L00BB:
;__Lib_MathDouble.c,303 :: 		
0x0186	0x1A80    	SUB        R8, R16
;__Lib_MathDouble.c,304 :: 		
0x0188	0x0A91    	SBC        R9, R17
;__Lib_MathDouble.c,305 :: 		
0x018A	0x0AA2    	SBC        R10, R18
;__Lib_MathDouble.c,306 :: 		
0x018C	0x0AB3    	SBC        R11, R19
;__Lib_MathDouble.c,307 :: 		
0x018E	0x2D08    	MOV        R16, R8
;__Lib_MathDouble.c,308 :: 		
0x0190	0x2D19    	MOV        R17, R9
;__Lib_MathDouble.c,309 :: 		
0x0192	0x2D2A    	MOV        R18, R10
;__Lib_MathDouble.c,310 :: 		
0x0194	0x2D3B    	MOV        R19, R11
;__Lib_MathDouble.c,311 :: 		
0x0196	0x2333    	TST        R19
;__Lib_MathDouble.c,312 :: 		
L00C4:
;__Lib_MathDouble.c,313 :: 		
0x0198	0xF412    	BRPL       L00C7
;__Lib_MathDouble.c,315 :: 		
0x019A	0xDF83    	RCALL      _float_neg32+0
;__Lib_MathDouble.c,317 :: 		
0x019C	0xE860    	LDI        R22, 128
;__Lib_MathDouble.c,318 :: 		
L00C7:
;__Lib_MathDouble.c,320 :: 		
0x019E	0xDF91    	RCALL      _float_normalize_and_pack+0
;__Lib_MathDouble.c,322 :: 		
0x01A0	0xC001    	RJMP       L00CA
;__Lib_MathDouble.c,323 :: 		
L00C9:
;__Lib_MathDouble.c,325 :: 		
0x01A2	0xDF60    	RCALL      _float_pack+0
;__Lib_MathDouble.c,327 :: 		
L00CA:
;__Lib_MathDouble.c,328 :: 		
0x01A4	0xC016    	RJMP       L00D6x
;__Lib_MathDouble.c,329 :: 		
L00CC:
;__Lib_MathDouble.c,330 :: 		
0x01A6	0x2D00    	MOV        R16, R0
;__Lib_MathDouble.c,331 :: 		
0x01A8	0x2D11    	MOV        R17, R1
;__Lib_MathDouble.c,332 :: 		
0x01AA	0x2D22    	MOV        R18, R2
;__Lib_MathDouble.c,333 :: 		
0x01AC	0x2D33    	MOV        R19, R3
;__Lib_MathDouble.c,334 :: 		
0x01AE	0xF7D6    	BRTC       L00CA
;__Lib_MathDouble.c,336 :: 		
0x01B0	0xDF51    	RCALL      _float_tstr16_r19+0
;__Lib_MathDouble.c,338 :: 		
0x01B2	0xF3C1    	BREQ       L00CA
;__Lib_MathDouble.c,339 :: 		
0x01B4	0xE840    	LDI        R20, 128
;__Lib_MathDouble.c,340 :: 		
0x01B6	0x2734    	EOR        R19, R20
;__Lib_MathDouble.c,341 :: 		
0x01B8	0xCFF5    	RJMP       L00CA
;__Lib_MathDouble.c,342 :: 		
L00D6:
;__Lib_MathDouble.c,343 :: 		
0x01BA	0x2D08    	MOV        R16, R8
;__Lib_MathDouble.c,344 :: 		
0x01BC	0x2D19    	MOV        R17, R9
;__Lib_MathDouble.c,345 :: 		
0x01BE	0x2D2A    	MOV        R18, R10
;__Lib_MathDouble.c,346 :: 		
0x01C0	0x2D3B    	MOV        R19, R11
;__Lib_MathDouble.c,347 :: 		
0x01C2	0x2D4C    	MOV        R20, R12
;__Lib_MathDouble.c,348 :: 		
0x01C4	0x2D5D    	MOV        R21, R13
;__Lib_MathDouble.c,349 :: 		
0x01C6	0x2D6E    	MOV        R22, R14
;__Lib_MathDouble.c,350 :: 		
0x01C8	0x2333    	TST        R19
;__Lib_MathDouble.c,351 :: 		
0x01CA	0xF75A    	BRPL       L00C9
;__Lib_MathDouble.c,353 :: 		
0x01CC	0xDF6A    	RCALL      _float_neg32+0
;__Lib_MathDouble.c,355 :: 		
0x01CE	0xE860    	LDI        R22, 128
;__Lib_MathDouble.c,356 :: 		
0x01D0	0xCFE8    	RJMP       L00C9
;__Lib_MathDouble.c,357 :: 		
L00D6x:
;__Lib_MathDouble.c,359 :: 		
L_end_float_fpadd_alt:
0x01D2	0x9508    	RET
; end of _float_fpadd_alt
_float_unpacks:
;__Lib_MathDouble.c,175 :: 		
;__Lib_MathDouble.c,176 :: 		
0x00B4	0xDFE1    	RCALL      _float_unpacku+0
;__Lib_MathDouble.c,178 :: 		
0x00B6	0xF021    	BREQ       L0154
;__Lib_MathDouble.c,179 :: 		
0x00B8	0x2366    	TST        R22
;__Lib_MathDouble.c,180 :: 		
0x00BA	0xF009    	BREQ       L0153
;__Lib_MathDouble.c,182 :: 		
0x00BC	0xDFF2    	RCALL      _float_neg32+0
;__Lib_MathDouble.c,184 :: 		
L0153:
;__Lib_MathDouble.c,185 :: 		
0x00BE	0x9498    	CLZ
;__Lib_MathDouble.c,186 :: 		
L0154:
;__Lib_MathDouble.c,188 :: 		
L_end_float_unpacks:
0x00C0	0x9508    	RET
; end of _float_unpacks
_float_unpacku:
;__Lib_MathDouble.c,148 :: 		
;__Lib_MathDouble.c,149 :: 		
0x0078	0xDFED    	RCALL      _float_tstr16_r19+0
;__Lib_MathDouble.c,151 :: 		
0x007A	0xF079    	BREQ       L016E
;__Lib_MathDouble.c,152 :: 		
0x007C	0x2F63    	MOV        R22, R19
;__Lib_MathDouble.c,153 :: 		
0x007E	0x7860    	ANDI       R22, 128
;__Lib_MathDouble.c,154 :: 		
0x0080	0x0F22    	LSL        R18
;__Lib_MathDouble.c,155 :: 		
0x0082	0x1F33    	ROL        R19
;__Lib_MathDouble.c,156 :: 		
0x0084	0x2F43    	MOV        R20, R19
;__Lib_MathDouble.c,157 :: 		
0x0086	0xE75F    	LDI        R21, 127
;__Lib_MathDouble.c,158 :: 		
0x0088	0x1B45    	SUB        R20, R21
;__Lib_MathDouble.c,159 :: 		
0x008A	0x2755    	CLR        R21
;__Lib_MathDouble.c,160 :: 		
0x008C	0x4050    	SBCI       R21, 0
;__Lib_MathDouble.c,161 :: 		
0x008E	0x9526    	LSR        R18
;__Lib_MathDouble.c,162 :: 		
0x0090	0xE830    	LDI        R19, 128
;__Lib_MathDouble.c,163 :: 		
0x0092	0x2B23    	OR         R18, R19
;__Lib_MathDouble.c,164 :: 		
0x0094	0x2733    	CLR        R19
;__Lib_MathDouble.c,165 :: 		
0x0096	0x9498    	CLZ
;__Lib_MathDouble.c,166 :: 		
0x0098	0xC003    	RJMP       L016Ex
;__Lib_MathDouble.c,167 :: 		
L016E:
;__Lib_MathDouble.c,168 :: 		
0x009A	0x2744    	CLR        R20
;__Lib_MathDouble.c,169 :: 		
0x009C	0x2755    	CLR        R21
;__Lib_MathDouble.c,170 :: 		
0x009E	0x2766    	CLR        R22
;__Lib_MathDouble.c,171 :: 		
L016Ex:
;__Lib_MathDouble.c,173 :: 		
L_end_float_unpacku:
0x00A0	0x9508    	RET
; end of _float_unpacku
_float_tstr16_r19:
;__Lib_MathDouble.c,17 :: 		
;__Lib_MathDouble.c,19 :: 		
0x0054	0x2300    	TST        R16
;__Lib_MathDouble.c,20 :: 		
0x0056	0xF429    	BRNE       L015C
;__Lib_MathDouble.c,21 :: 		
0x0058	0x2311    	TST        R17
;__Lib_MathDouble.c,22 :: 		
0x005A	0xF419    	BRNE       L015C
;__Lib_MathDouble.c,23 :: 		
0x005C	0x2322    	TST        R18
;__Lib_MathDouble.c,24 :: 		
0x005E	0xF409    	BRNE       L015C
;__Lib_MathDouble.c,25 :: 		
0x0060	0x2333    	TST        R19
;__Lib_MathDouble.c,26 :: 		
L015C:
;__Lib_MathDouble.c,28 :: 		
L_end_float_tstr16_r19:
0x0062	0x9508    	RET
; end of _float_tstr16_r19
_float_neg32:
;__Lib_MathDouble.c,4 :: 		
;__Lib_MathDouble.c,6 :: 		
0x00A2	0x9500    	COM        R16
;__Lib_MathDouble.c,7 :: 		
0x00A4	0x9510    	COM        R17
;__Lib_MathDouble.c,8 :: 		
0x00A6	0x9520    	COM        R18
;__Lib_MathDouble.c,9 :: 		
0x00A8	0x9530    	COM        R19
;__Lib_MathDouble.c,10 :: 		
0x00AA	0x5F0F    	SUBI       R16, 255
;__Lib_MathDouble.c,11 :: 		
0x00AC	0x4F1F    	SBCI       R17, 255
;__Lib_MathDouble.c,12 :: 		
0x00AE	0x4F2F    	SBCI       R18, 255
;__Lib_MathDouble.c,13 :: 		
0x00B0	0x4F3F    	SBCI       R19, 255
;__Lib_MathDouble.c,15 :: 		
L_end_float_neg32:
0x00B2	0x9508    	RET
; end of _float_neg32
_float_normalize_and_pack:
;__Lib_MathDouble.c,45 :: 		
;__Lib_MathDouble.c,46 :: 		
0x00C2	0xDFC8    	RCALL      _float_tstr16_r19+0
;__Lib_MathDouble.c,48 :: 		
0x00C4	0xF111    	BREQ       L0196
;__Lib_MathDouble.c,49 :: 		
0x00C6	0x939F    	PUSH       R25
;__Lib_MathDouble.c,50 :: 		
0x00C8	0x938F    	PUSH       R24
;__Lib_MathDouble.c,51 :: 		
0x00CA	0xE78E    	LDI        R24, 126
;__Lib_MathDouble.c,52 :: 		
0x00CC	0xE090    	LDI        R25, 0
;__Lib_MathDouble.c,53 :: 		
L0178:
;__Lib_MathDouble.c,54 :: 		
0x00CE	0x2333    	TST        R19
;__Lib_MathDouble.c,55 :: 		
0x00D0	0xF051    	BREQ       L0184
;__Lib_MathDouble.c,56 :: 		
0x00D2	0x9536    	LSR        R19
;__Lib_MathDouble.c,57 :: 		
0x00D4	0x9527    	ROR        R18
;__Lib_MathDouble.c,58 :: 		
0x00D6	0x9517    	ROR        R17
;__Lib_MathDouble.c,59 :: 		
0x00D8	0x9507    	ROR        R16
;__Lib_MathDouble.c,60 :: 		
0x00DA	0x1748    	CP         R20, R24
;__Lib_MathDouble.c,61 :: 		
0x00DC	0x0759    	CPC        R21, R25
;__Lib_MathDouble.c,62 :: 		
0x00DE	0xF4B4    	BRGE       L0197
;__Lib_MathDouble.c,63 :: 		
0x00E0	0x5F4F    	SUBI       R20, 255
;__Lib_MathDouble.c,64 :: 		
0x00E2	0x4F5F    	SBCI       R21, 255
;__Lib_MathDouble.c,65 :: 		
0x00E4	0xCFF4    	RJMP       L0178
;__Lib_MathDouble.c,66 :: 		
L0184:
;__Lib_MathDouble.c,67 :: 		
0x00E6	0x9580    	COM        R24
;__Lib_MathDouble.c,68 :: 		
0x00E8	0x9590    	COM        R25
;__Lib_MathDouble.c,69 :: 		
0x00EA	0x9601    	ADIW       R24, 1
;__Lib_MathDouble.c,70 :: 		
L0187:
;__Lib_MathDouble.c,71 :: 		
0x00EC	0x2322    	TST        R18
;__Lib_MathDouble.c,72 :: 		
0x00EE	0xF09A    	BRMI       L019C
;__Lib_MathDouble.c,73 :: 		
0x00F0	0x0F00    	LSL        R16
;__Lib_MathDouble.c,74 :: 		
0x00F2	0x1F11    	ROL        R17
;__Lib_MathDouble.c,75 :: 		
0x00F4	0x1F22    	ROL        R18
;__Lib_MathDouble.c,76 :: 		
0x00F6	0x1748    	CP         R20, R24
;__Lib_MathDouble.c,77 :: 		
0x00F8	0x0759    	CPC        R21, R25
;__Lib_MathDouble.c,78 :: 		
0x00FA	0xF01C    	BRLT       L0192
;__Lib_MathDouble.c,79 :: 		
0x00FC	0x5041    	SUBI       R20, 1
;__Lib_MathDouble.c,80 :: 		
0x00FE	0x4050    	SBCI       R21, 0
;__Lib_MathDouble.c,81 :: 		
0x0100	0xCFF5    	RJMP       L0187
;__Lib_MathDouble.c,82 :: 		
L0192:
;__Lib_MathDouble.c,83 :: 		
0x0102	0x2700    	CLR        R16
;__Lib_MathDouble.c,84 :: 		
0x0104	0x2711    	CLR        R17
;__Lib_MathDouble.c,85 :: 		
0x0106	0x2722    	CLR        R18
;__Lib_MathDouble.c,86 :: 		
0x0108	0x2733    	CLR        R19
;__Lib_MathDouble.c,87 :: 		
L0196:
;__Lib_MathDouble.c,88 :: 		
0x010A	0xC008    	RJMP       L0196x
;__Lib_MathDouble.c,89 :: 		
L0197:
;__Lib_MathDouble.c,90 :: 		
0x010C	0x2733    	CLR        R19
;__Lib_MathDouble.c,91 :: 		
0x010E	0xEF0F    	LDI        R16, 255
;__Lib_MathDouble.c,92 :: 		
0x0110	0x2F10    	MOV        R17, R16
;__Lib_MathDouble.c,93 :: 		
0x0112	0xE72F    	LDI        R18, 127
;__Lib_MathDouble.c,94 :: 		
0x0114	0x2F32    	MOV        R19, R18
;__Lib_MathDouble.c,95 :: 		
L019C:
;__Lib_MathDouble.c,96 :: 		
0x0116	0x918F    	POP        R24
;__Lib_MathDouble.c,97 :: 		
0x0118	0x919F    	POP        R25
;__Lib_MathDouble.c,99 :: 		
0x011A	0xDFA4    	RCALL      _float_pack+0
;__Lib_MathDouble.c,101 :: 		
L0196x:
;__Lib_MathDouble.c,103 :: 		
L_end_float_normalize_and_pack:
0x011C	0x9508    	RET
; end of _float_normalize_and_pack
_float_pack:
;__Lib_MathDouble.c,30 :: 		
;__Lib_MathDouble.c,31 :: 		
0x0064	0xDFF7    	RCALL      _float_tstr16_r19+0
;__Lib_MathDouble.c,33 :: 		
0x0066	0xF039    	BREQ       L01A7
;__Lib_MathDouble.c,34 :: 		
0x0068	0x5841    	SUBI       R20, 129
;__Lib_MathDouble.c,35 :: 		
0x006A	0x4F5F    	SBCI       R21, 255
;__Lib_MathDouble.c,36 :: 		
0x006C	0x2F34    	MOV        R19, R20
;__Lib_MathDouble.c,37 :: 		
0x006E	0x0F22    	LSL        R18
;__Lib_MathDouble.c,38 :: 		
0x0070	0x9536    	LSR        R19
;__Lib_MathDouble.c,39 :: 		
0x0072	0x9527    	ROR        R18
;__Lib_MathDouble.c,40 :: 		
0x0074	0x2B36    	OR         R19, R22
;__Lib_MathDouble.c,41 :: 		
L01A7:
;__Lib_MathDouble.c,43 :: 		
L_end_float_pack:
0x0076	0x9508    	RET
; end of _float_pack
_float_fpmul1:
;__Lib_MathDouble.c,483 :: 		
;__Lib_MathDouble.c,485 :: 		
0x02C8	0x2E04    	MOV        R0, R20
;__Lib_MathDouble.c,486 :: 		
0x02CA	0x2E15    	MOV        R1, R21
;__Lib_MathDouble.c,487 :: 		
0x02CC	0x2E26    	MOV        R2, R22
;__Lib_MathDouble.c,488 :: 		
0x02CE	0x2E37    	MOV        R3, R23
;__Lib_MathDouble.c,490 :: 		
0x02D0	0xDFAA    	RCALL      _float_fpmul+0
;__Lib_MathDouble.c,492 :: 		
0x02D2	0x2E00    	MOV        R0, R16
;__Lib_MathDouble.c,493 :: 		
0x02D4	0x2E11    	MOV        R1, R17
;__Lib_MathDouble.c,494 :: 		
0x02D6	0x2E22    	MOV        R2, R18
;__Lib_MathDouble.c,495 :: 		
0x02D8	0x2E33    	MOV        R3, R19
;__Lib_MathDouble.c,497 :: 		
L_end_float_fpmul1:
0x02DA	0x9508    	RET
; end of _float_fpmul1
_float_fpmul:
;__Lib_MathDouble.c,407 :: 		
;__Lib_MathDouble.c,408 :: 		
0x0226	0xDF28    	RCALL      _float_unpacku+0
;__Lib_MathDouble.c,410 :: 		
0x0228	0xF181    	BREQ       L0097
;__Lib_MathDouble.c,411 :: 		
0x022A	0x2EE6    	MOV        R14, R22
;__Lib_MathDouble.c,412 :: 		
0x022C	0x2ED5    	MOV        R13, R21
;__Lib_MathDouble.c,413 :: 		
0x022E	0x2EC4    	MOV        R12, R20
;__Lib_MathDouble.c,414 :: 		
0x0230	0x2EB3    	MOV        R11, R19
;__Lib_MathDouble.c,415 :: 		
0x0232	0x2EA2    	MOV        R10, R18
;__Lib_MathDouble.c,416 :: 		
0x0234	0x2E91    	MOV        R9, R17
;__Lib_MathDouble.c,417 :: 		
0x0236	0x2E80    	MOV        R8, R16
;__Lib_MathDouble.c,418 :: 		
0x0238	0x2D00    	MOV        R16, R0
;__Lib_MathDouble.c,419 :: 		
0x023A	0x2D11    	MOV        R17, R1
;__Lib_MathDouble.c,420 :: 		
0x023C	0x2D22    	MOV        R18, R2
;__Lib_MathDouble.c,421 :: 		
0x023E	0x2D33    	MOV        R19, R3
;__Lib_MathDouble.c,423 :: 		
0x0240	0xDF1B    	RCALL      _float_unpacku+0
;__Lib_MathDouble.c,425 :: 		
0x0242	0xF119    	BREQ       L0097
;__Lib_MathDouble.c,426 :: 		
0x0244	0x256E    	EOR        R22, R14
;__Lib_MathDouble.c,427 :: 		
0x0246	0x0D4C    	ADD        R20, R12
;__Lib_MathDouble.c,428 :: 		
0x0248	0x1D5D    	ADC        R21, R13
;__Lib_MathDouble.c,429 :: 		
0x024A	0x3840    	CPI        R20, 128
;__Lib_MathDouble.c,430 :: 		
0x024C	0x0753    	CPC        R21, R19
;__Lib_MathDouble.c,431 :: 		
0x024E	0xF4F4    	BRGE       L009B
;__Lib_MathDouble.c,432 :: 		
0x0250	0x3841    	CPI        R20, 129
;__Lib_MathDouble.c,433 :: 		
0x0252	0xEF7F    	LDI        R23, 255
;__Lib_MathDouble.c,434 :: 		
0x0254	0x0757    	CPC        R21, R23
;__Lib_MathDouble.c,435 :: 		
0x0256	0xF0FC    	BRLT       L00A0mul
;__Lib_MathDouble.c,436 :: 		
0x0258	0x2788    	CLR        R24
;__Lib_MathDouble.c,437 :: 		
0x025A	0x2799    	CLR        R25
;__Lib_MathDouble.c,438 :: 		
0x025C	0x27AA    	CLR        R26
;__Lib_MathDouble.c,439 :: 		
0x025E	0x27BB    	CLR        R27
;__Lib_MathDouble.c,440 :: 		
0x0260	0xE270    	LDI        R23, 32
;__Lib_MathDouble.c,441 :: 		
L0083:
;__Lib_MathDouble.c,442 :: 		
0x0262	0x95B6    	LSR        R27
;__Lib_MathDouble.c,443 :: 		
0x0264	0x95A7    	ROR        R26
;__Lib_MathDouble.c,444 :: 		
0x0266	0x9597    	ROR        R25
;__Lib_MathDouble.c,445 :: 		
0x0268	0x9587    	ROR        R24
;__Lib_MathDouble.c,446 :: 		
0x026A	0x9537    	ROR        R19
;__Lib_MathDouble.c,447 :: 		
0x026C	0x9527    	ROR        R18
;__Lib_MathDouble.c,448 :: 		
0x026E	0x9517    	ROR        R17
;__Lib_MathDouble.c,449 :: 		
0x0270	0x9507    	ROR        R16
;__Lib_MathDouble.c,450 :: 		
0x0272	0xF420    	BRCC       L0090
;__Lib_MathDouble.c,451 :: 		
0x0274	0x0D88    	ADD        R24, R8
;__Lib_MathDouble.c,452 :: 		
0x0276	0x1D99    	ADC        R25, R9
;__Lib_MathDouble.c,453 :: 		
0x0278	0x1DAA    	ADC        R26, R10
;__Lib_MathDouble.c,454 :: 		
0x027A	0x1DBB    	ADC        R27, R11
;__Lib_MathDouble.c,455 :: 		
L0090:
;__Lib_MathDouble.c,456 :: 		
0x027C	0x957A    	DEC        R23
;__Lib_MathDouble.c,457 :: 		
0x027E	0xF789    	BRNE       L0083
;__Lib_MathDouble.c,458 :: 		
0x0280	0x2F03    	MOV        R16, R19
;__Lib_MathDouble.c,459 :: 		
0x0282	0x2F3A    	MOV        R19, R26
;__Lib_MathDouble.c,460 :: 		
0x0284	0x2F29    	MOV        R18, R25
;__Lib_MathDouble.c,461 :: 		
0x0286	0x2F18    	MOV        R17, R24
;__Lib_MathDouble.c,463 :: 		
0x0288	0xDF1C    	RCALL      _float_normalize_and_pack+0
;__Lib_MathDouble.c,465 :: 		
L0097:
;__Lib_MathDouble.c,466 :: 		
0x028A	0xC00A    	RJMP       L00A0x
;__Lib_MathDouble.c,467 :: 		
L009B:
;__Lib_MathDouble.c,468 :: 		
0x028C	0xEF0F    	LDI        R16, 255
;__Lib_MathDouble.c,469 :: 		
0x028E	0x2F10    	MOV        R17, R16
;__Lib_MathDouble.c,470 :: 		
0x0290	0xE72F    	LDI        R18, 127
;__Lib_MathDouble.c,471 :: 		
0x0292	0xE73F    	LDI        R19, 127
;__Lib_MathDouble.c,472 :: 		
0x0294	0xCFFA    	RJMP       L0097
;__Lib_MathDouble.c,473 :: 		
L00A0mul:
;__Lib_MathDouble.c,474 :: 		
0x0296	0x2700    	CLR        R16
;__Lib_MathDouble.c,475 :: 		
0x0298	0x2F10    	MOV        R17, R16
;__Lib_MathDouble.c,476 :: 		
0x029A	0x2F20    	MOV        R18, R16
;__Lib_MathDouble.c,477 :: 		
0x029C	0x2F30    	MOV        R19, R16
;__Lib_MathDouble.c,478 :: 		
0x029E	0xCFF5    	RJMP       L0097
;__Lib_MathDouble.c,479 :: 		
L00A0x:
;__Lib_MathDouble.c,481 :: 		
L_end_float_fpmul:
0x02A0	0x9508    	RET
; end of _float_fpmul
_float_op_gequ:
;__Lib_MathDouble.c,691 :: 		
;__Lib_MathDouble.c,692 :: 		
0x036A	0xDFA7    	RCALL      _float_fpcmp1+0
;__Lib_MathDouble.c,694 :: 		
0x036C	0xF01C    	BRLT       op_gequ_false
;__Lib_MathDouble.c,695 :: 		
0x036E	0x2400    	CLR        R0
;__Lib_MathDouble.c,696 :: 		
0x0370	0x9403    	INC        R0
;__Lib_MathDouble.c,697 :: 		
0x0372	0xC001    	RJMP       op_gequ_exit
;__Lib_MathDouble.c,698 :: 		
op_gequ_false:
;__Lib_MathDouble.c,699 :: 		
0x0374	0x2400    	CLR        R0
;__Lib_MathDouble.c,700 :: 		
op_gequ_exit:
;__Lib_MathDouble.c,702 :: 		
L_end_float_op_gequ:
0x0376	0x9508    	RET
; end of _float_op_gequ
_Div_8x8_U:
;__Lib_Math.c,121 :: 		
;__Lib_Math.c,123 :: 		
0x0352	0x2799    	CLR        R25
;__Lib_Math.c,124 :: 		
0x0354	0xE079    	LDI        R23, 9
;__Lib_Math.c,125 :: 		
0x0356	0xC004    	RJMP       Div_8x8_U_L2
;__Lib_Math.c,126 :: 		
Div_8x8_U_L1:
;__Lib_Math.c,127 :: 		
0x0358	0x1F99    	ROL        R25
;__Lib_Math.c,128 :: 		
0x035A	0x1794    	CP         R25, R20
;__Lib_Math.c,129 :: 		
0x035C	0xF008    	BRCS       Div_8x8_U_L2
;__Lib_Math.c,130 :: 		
0x035E	0x1B94    	SUB        R25, R20
;__Lib_Math.c,131 :: 		
Div_8x8_U_L2:
;__Lib_Math.c,132 :: 		
0x0360	0x1F00    	ROL        R16
;__Lib_Math.c,133 :: 		
0x0362	0x957A    	DEC        R23
;__Lib_Math.c,134 :: 		
0x0364	0xF7C9    	BRNE       Div_8x8_U_L1
;__Lib_Math.c,135 :: 		
0x0366	0x9500    	COM        R16
;__Lib_Math.c,137 :: 		
L_end_Div_8x8_U:
0x0368	0x9508    	RET
; end of _Div_8x8_U
___CC2DW:
;__Lib_System.c,25 :: 		
;__Lib_System.c,27 :: 		
L_loopDW:
;__Lib_System.c,28 :: 		
0x0498	0x9005    	LPM        R0, Z+
;__Lib_System.c,29 :: 		
0x049A	0x920D    	ST         X+, R0
;__Lib_System.c,30 :: 		
0x049C	0x9701    	SBIW       R24, 1
;__Lib_System.c,31 :: 		
0x049E	0xF7E1    	BRNE       L_loopDW
;__Lib_System.c,33 :: 		
L_end___CC2DW:
0x04A0	0x9508    	RET
; end of ___CC2DW
_float_ulong2fp:
;__Lib_MathDouble.c,129 :: 		
;__Lib_MathDouble.c,131 :: 		
0x0492	0x9468    	BSET       6
;__Lib_MathDouble.c,133 :: 		
0x0494	0xDFF4    	RCALL      _float_long2fp+0
;__Lib_MathDouble.c,134 :: 		
L_end_float_ulong2fp:
0x0496	0x9508    	RET
; end of _float_ulong2fp
_float_long2fp:
;__Lib_MathDouble.c,105 :: 		
;__Lib_MathDouble.c,107 :: 		
0x047E	0xE147    	LDI        R20, 23
;__Lib_MathDouble.c,108 :: 		
0x0480	0x2766    	CLR        R22
;__Lib_MathDouble.c,109 :: 		
0x0482	0x2755    	CLR        R21
;__Lib_MathDouble.c,110 :: 		
0x0484	0xF026    	BRTS       L00FC
;__Lib_MathDouble.c,111 :: 		
0x0486	0x2333    	TST        R19
;__Lib_MathDouble.c,112 :: 		
0x0488	0xF412    	BRPL       L00FC
;__Lib_MathDouble.c,114 :: 		
0x048A	0xDE0B    	RCALL      _float_neg32+0
;__Lib_MathDouble.c,116 :: 		
0x048C	0xE860    	LDI        R22, 128
;__Lib_MathDouble.c,117 :: 		
L00FC:
;__Lib_MathDouble.c,119 :: 		
0x048E	0xDE19    	RCALL      _float_normalize_and_pack+0
;__Lib_MathDouble.c,120 :: 		
L_end_float_long2fp:
0x0490	0x9508    	RET
; end of _float_long2fp
_float_fpsub1:
;__Lib_MathDouble.c,391 :: 		
;__Lib_MathDouble.c,393 :: 		
0x08C6	0x2E04    	MOV        R0, R20
;__Lib_MathDouble.c,394 :: 		
0x08C8	0x2E15    	MOV        R1, R21
;__Lib_MathDouble.c,395 :: 		
0x08CA	0x2E26    	MOV        R2, R22
;__Lib_MathDouble.c,396 :: 		
0x08CC	0x2E37    	MOV        R3, R23
;__Lib_MathDouble.c,398 :: 		
0x08CE	0xDC82    	RCALL      _float_fpsub+0
;__Lib_MathDouble.c,400 :: 		
0x08D0	0x2E00    	MOV        R0, R16
;__Lib_MathDouble.c,401 :: 		
0x08D2	0x2E11    	MOV        R1, R17
;__Lib_MathDouble.c,402 :: 		
0x08D4	0x2E22    	MOV        R2, R18
;__Lib_MathDouble.c,403 :: 		
0x08D6	0x2E33    	MOV        R3, R19
;__Lib_MathDouble.c,405 :: 		
L_end_float_fpsub1:
0x08D8	0x9508    	RET
; end of _float_fpsub1
0x0A0C	0xE6A0    	LDI        R26, 96
0x0A0E	0xE0B0    	LDI        R27, 0
0x0A10	0xECE0    	LDI        R30, 192
0x0A12	0xE0F9    	LDI        R31, 9
0x0A14	0xE48B    	LDI        R24, 75
0x0A16	0xE090    	LDI        R25, 0
0x0A18	0x024C940E  	CALL       ___CC2DW
0x0A1C	0x9508    	RET
;Voltmeter_click_AVR.c,0 :: ?ICS?lstr2_Voltmeter_click_AVR
0x09C0	0x566D ;?ICS?lstr2_Voltmeter_click_AVR+0
0x09C2	0x00 ;?ICS?lstr2_Voltmeter_click_AVR+2
; end of ?ICS?lstr2_Voltmeter_click_AVR
;__Lib_Conversions.c,0 :: ?ICS?lstr1___Lib_Conversions
0x09C3	0x614E ;?ICS?lstr1___Lib_Conversions+0
0x09C5	0x004E ;?ICS?lstr1___Lib_Conversions+2
; end of ?ICS?lstr1___Lib_Conversions
;__Lib_Conversions.c,0 :: ?ICS?lstr2___Lib_Conversions
0x09C7	0x0030 ;?ICS?lstr2___Lib_Conversions+0
; end of ?ICS?lstr2___Lib_Conversions
;Voltmeter_click_AVR.c,0 :: ?ICS?lstr4_Voltmeter_click_AVR
0x09C9	0x5053 ;?ICS?lstr4_Voltmeter_click_AVR+0
0x09CB	0x2049 ;?ICS?lstr4_Voltmeter_click_AVR+2
0x09CD	0x6E49 ;?ICS?lstr4_Voltmeter_click_AVR+4
0x09CF	0x7469 ;?ICS?lstr4_Voltmeter_click_AVR+6
0x09D1	0x6169 ;?ICS?lstr4_Voltmeter_click_AVR+8
0x09D3	0x696C ;?ICS?lstr4_Voltmeter_click_AVR+10
0x09D5	0x657A ;?ICS?lstr4_Voltmeter_click_AVR+12
0x09D7	0x0D64 ;?ICS?lstr4_Voltmeter_click_AVR+14
0x09D9	0x000A ;?ICS?lstr4_Voltmeter_click_AVR+16
; end of ?ICS?lstr4_Voltmeter_click_AVR
;Voltmeter_click_AVR.c,0 :: ?ICS?lstr1_Voltmeter_click_AVR
0x09DB	0x6E45 ;?ICS?lstr1_Voltmeter_click_AVR+0
0x09DD	0x6574 ;?ICS?lstr1_Voltmeter_click_AVR+2
0x09DF	0x6972 ;?ICS?lstr1_Voltmeter_click_AVR+4
0x09E1	0x676E ;?ICS?lstr1_Voltmeter_click_AVR+6
0x09E3	0x5720 ;?ICS?lstr1_Voltmeter_click_AVR+8
0x09E5	0x6968 ;?ICS?lstr1_Voltmeter_click_AVR+10
0x09E7	0x656C ;?ICS?lstr1_Voltmeter_click_AVR+12
0x09E9	0x4C20 ;?ICS?lstr1_Voltmeter_click_AVR+14
0x09EB	0x6F6F ;?ICS?lstr1_Voltmeter_click_AVR+16
0x09ED	0x2E70 ;?ICS?lstr1_Voltmeter_click_AVR+18
0x09EF	0x2E2E ;?ICS?lstr1_Voltmeter_click_AVR+20
0x09F1	0x0A0D ;?ICS?lstr1_Voltmeter_click_AVR+22
0x09F3	0x00 ;?ICS?lstr1_Voltmeter_click_AVR+24
; end of ?ICS?lstr1_Voltmeter_click_AVR
;__Lib_Conversions.c,0 :: ?ICS?lstr3___Lib_Conversions
0x09F4	0x4E49 ;?ICS?lstr3___Lib_Conversions+0
0x09F6	0x0046 ;?ICS?lstr3___Lib_Conversions+2
; end of ?ICS?lstr3___Lib_Conversions
;Voltmeter_click_AVR.c,0 :: ?ICS?lstr3_Voltmeter_click_AVR
0x09F8	0x4155 ;?ICS?lstr3_Voltmeter_click_AVR+0
0x09FA	0x5452 ;?ICS?lstr3_Voltmeter_click_AVR+2
0x09FC	0x4920 ;?ICS?lstr3_Voltmeter_click_AVR+4
0x09FE	0x696E ;?ICS?lstr3_Voltmeter_click_AVR+6
0x0A00	0x6974 ;?ICS?lstr3_Voltmeter_click_AVR+8
0x0A02	0x6C61 ;?ICS?lstr3_Voltmeter_click_AVR+10
0x0A04	0x7A69 ;?ICS?lstr3_Voltmeter_click_AVR+12
0x0A06	0x6465 ;?ICS?lstr3_Voltmeter_click_AVR+14
0x0A08	0x0A0D ;?ICS?lstr3_Voltmeter_click_AVR+16
0x0A0A	0x00 ;?ICS?lstr3_Voltmeter_click_AVR+18
; end of ?ICS?lstr3_Voltmeter_click_AVR
Symbol List:
//** Routines locations **
//ADDRESS    SIZE    PROCEDURE
//----------------------------------------------
0x002A       [8]    _float_tstr16_r19
0x0032      [10]    _float_pack
0x003C      [21]    _float_unpacku
0x0051       [9]    _float_neg32
0x005A       [7]    _float_unpacks
0x0061      [46]    _float_normalize_and_pack
0x008F      [91]    _float_fpadd_alt
0x00EA       [3]    _float_fpsub
0x00ED      [11]    _float_fpcmp
0x00F8      [20]    _Div_16x16_U
0x010C       [7]    _SPI1_Read
0x0113      [62]    _float_fpmul
0x0151      [12]    _UART1_Write
0x015D       [7]    _float_fpcmp1
0x0164      [10]    _float_fpmul1
0x016E      [23]    _UART1_Write_Text
0x0185      [36]    _UART1_Init
0x01A9      [12]    _Div_8x8_U
0x01B5       [7]    _float_op_gequ
0x01BC      [68]    _getADC
0x0200      [21]    _strcpy
0x0215       [7]    _float_op_less
0x021C      [35]    _SPI1_Init_Advanced
0x023F      [10]    _float_long2fp
0x0249       [3]    _float_ulong2fp
0x024C       [5]    ___CC2DW
0x0251     [438]    _FloatToStr
0x0407      [92]    _system_setup
0x0463      [10]    _float_fpsub1
0x046D     [115]    _main
//** Variables locations ** 
//ADDRESS    SIZE    VARIABLE
//----------------------------------------------
0x0000       [1]    Delay_Cyc_loc_L0
0x0000       [1]    R0
0x0001       [1]    R1
0x0002       [2]    FARG_IntToHex_input
0x0002       [2]    FARG_WordToStr_input
0x0002       [2]    FARG_VDelay_Advanced_ms_Time_ms
0x0002       [2]    FARG_strlen_s
0x0002       [2]    FARG_strpbrk_s1
0x0002       [1]    FARG_Dec2Bcd_decnum
0x0002       [2]    FARG_UART1_Write_Text_uart_text
0x0002       [1]    FARG_UART1_Write_data_
0x0002       [1]    FARG_ByteToHex_input
0x0002       [2]    FARG_strncat_to
0x0002       [1]    FARG_ShortToHex_input
0x0002       [2]    FARG_strstr_s1
0x0002       [2]    FARG_UART_Read_Text_Output
0x0002       [1]    FARG_Bcd2Dec_bcdnum
0x0002       [2]    FARG_strtok_s1
0x0002       [1]    FARG_Delay_Cyc_cycles_div_by_10
0x0002       [2]    FARG_Rtrim_string
0x0002       [4]    FARG_LongIntToStrWithZeros_input
0x0002       [2]    FARG_strncmp_s1
0x0002       [2]    FARG_Bcd2Dec16_bcdnum
0x0002       [2]    FARG_Dec2Bcd16_decnum
0x0002       [2]    FARG_strrchr_ptr
0x0002       [4]    FARG_LongToStr_input
0x0002       [2]    FARG_WordToHex_input
0x0002       [4]    FARG_LongWordToHex_input
0x0002       [2]    FARG_strncpy_to
0x0002       [2]    FARG_VDelay_ms_Time_ms
0x0002       [2]    FARG_UART_Set_Active_read_ptr
0x0002       [4]    FARG_FloatToStr_fnum
0x0002       [2]    FARG_UART1_Read_Text_Output
0x0002       [1]    R2
0x0002       [4]    FARG_LongWordToStrWithZeros_input
0x0002       [2]    FARG_UART_Write_Text_uart_text
0x0002       [2]    FARG_strcspn_s1
0x0002       [4]    FARG_LongIntToHex_input
0x0002       [1]    FARG_UART_Write__data
0x0002       [1]    FARG_ByteToStr_input
0x0002       [2]    FARG_strspn_str1
0x0002       [2]    FARG_Ltrim_string
0x0002       [2]    FARG_memchr_p
0x0002       [1]    FARG_SPI1_Write_data_out
0x0002       [1]    FARG_SPI1_Read_data_out
0x0002       [2]    FARG_memcmp_s1
0x0002       [2]    FARG_memcpy_d1
0x0002       [1]    FARG_SPI_Write_data_out
0x0002       [2]    FARG_SPI_Set_Active_read_ptr
0x0002       [2]    FARG_memset_p1
0x0002       [2]    FARG_IntToStr_input
0x0002       [2]    FARG_strcpy_to
0x0002       [1]    FARG_SPI_Read_buffer
0x0002       [2]    FARG_strcmp_s1
0x0002       [1]    FARG_ShortToStr_input
0x0002       [2]    FARG_WordToStrWithZeros_input
0x0002       [2]    FARG_memmove_to
0x0002       [1]    FARG_SPI1_Init_Advanced_mode
0x0002       [2]    FARG_IntToStrWithZeros_input
0x0002       [2]    FARG_strcat_to
0x0002       [2]    FARG_strchr_ptr
0x0002       [4]    FARG_UART1_Init_Advanced_bps
0x0002       [4]    FARG_LongWordToStr_input
0x0003       [2]    FARG_ShortToStr_output
0x0003       [2]    FARG_ByteToStr_output
0x0003       [1]    R3
0x0003       [2]    FARG_ShortToHex_output
0x0003       [1]    FARG_SPI1_Init_Advanced_fcy_div
0x0003       [2]    FARG_ByteToHex_output
0x0004       [1]    FARG_strrchr_chr
0x0004       [2]    FARG_WordToHex_output
0x0004       [2]    FARG_memmove_from
0x0004       [1]    FARG_SPI1_Init_Advanced_clock_and_edge
0x0004       [2]    FARG_IntToStrWithZeros_output
0x0004       [1]    R4
0x0004       [2]    FARG_strcat_from
0x0004       [2]    FARG_strncpy_from
0x0004       [2]    FARG_UART_Set_Active_write_ptr
0x0004       [2]    FARG_IntToStr_output
0x0004       [2]    FARG_strtok_s2
0x0004       [2]    FARG_strstr_s2
0x0004       [2]    FARG_SPI_Set_Active_write_ptr
0x0004       [2]    FARG_strcspn_s2
0x0004       [2]    FARG_UART_Read_Text_Delimiter
0x0004       [2]    FARG_memcpy_s1
0x0004       [2]    FARG_strspn_str2
0x0004       [1]    FARG_memset_character
0x0004       [2]    FARG_memcmp_s2
0x0004       [2]    FARG_WordToStr_output
0x0004       [2]    FARG_UART1_Read_Text_Delimiter
0x0004       [1]    FARG_strchr_chr
0x0004       [2]    FARG_VDelay_Advanced_ms_Current_Fosc_kHz
0x0004       [2]    FARG_strcmp_s2
0x0004       [2]    FARG_WordToStrWithZeros_output
0x0004       [1]    FARG_memchr_n
0x0004       [2]    FARG_strcpy_from
0x0004       [2]    FARG_strpbrk_s2
0x0004       [2]    FARG_strncmp_s2
0x0004       [2]    FARG_strncat_from
0x0004       [2]    FARG_IntToHex_output
0x0005       [2]    FARG_memset_n
0x0005       [2]    FARG_memchr_v
0x0005       [1]    R5
0x0006       [2]    FARG_LongIntToHex_output
0x0006       [2]    FARG_memcmp_n
0x0006       [2]    FARG_LongIntToStrWithZeros_output
0x0006       [1]    FARG_strncmp_len
0x0006       [2]    FARG_UART_Set_Active_tx_idle_ptr
0x0006       [2]    FARG_LongWordToStr_output
0x0006       [2]    FARG_strncat_size
0x0006       [1]    FARG_UART1_Read_Text_Attempts
0x0006       [2]    FARG_LongToStr_output
0x0006       [2]    FARG_strncpy_size
0x0006       [1]    R6
0x0006       [1]    FARG_UART1_Init_Advanced_parity
0x0006       [2]    FARG_LongWordToStrWithZeros_output
0x0006       [2]    FARG_memcpy_n
0x0006       [2]    FARG_memmove_n
0x0006       [1]    FARG_UART_Read_Text_Attempts
0x0006       [2]    FARG_FloatToStr_str
0x0006       [2]    FARG_LongWordToHex_output
0x0007       [1]    R7
0x0007       [1]    FARG_UART1_Init_Advanced_stop_bits
0x0008       [1]    R8
0x0009       [1]    R9
0x000A       [1]    R10
0x000B       [1]    R11
0x000C       [1]    R12
0x000D       [1]    R13
0x000E       [1]    R14
0x000F       [1]    R15
0x0010       [1]    R16
0x0011       [1]    R17
0x0012       [1]    R18
0x0013       [1]    R19
0x0014       [1]    R20
0x0015       [1]    R21
0x0016       [1]    R22
0x0017       [1]    R23
0x0018       [1]    R24
0x0019       [1]    R25
0x001A       [1]    XL
0x001A       [1]    R26
0x001A       [2]    X
0x001B       [1]    XH
0x001B       [1]    R27
0x001C       [2]    Y
0x001C       [1]    YL
0x001C       [1]    R28
0x001D       [1]    YH
0x001D       [1]    R29
0x001E       [2]    Z
0x001E       [1]    R30
0x001E       [1]    ZL
0x001F       [1]    R31
0x001F       [1]    ZH
0x0020       [0]    TWBR6_bit
0x0020       [0]    TWBR5_bit
0x0020       [0]    TWBR1_bit
0x0020       [0]    TWBR2_bit
0x0020       [0]    TWBR0_bit
0x0020       [0]    TWBR3_bit
0x0020       [0]    TWBR4_bit
0x0020       [0]    TWBR7_bit
0x0020       [1]    TWBR
0x0021       [0]    TWS4_bit
0x0021       [0]    TWS6_bit
0x0021       [0]    TWPS1_bit
0x0021       [0]    TWPS0_bit
0x0021       [0]    TWS3_bit
0x0021       [1]    TWSR
0x0021       [0]    TWS5_bit
0x0021       [0]    TWS7_bit
0x0022       [0]    TWA1_bit
0x0022       [0]    TWA2_bit
0x0022       [0]    TWA3_bit
0x0022       [0]    TWGCE_bit
0x0022       [1]    TWAR
0x0022       [0]    TWA6_bit
0x0022       [0]    TWA4_bit
0x0022       [0]    TWA0_bit
0x0022       [0]    TWA5_bit
0x0023       [0]    TWD5_bit
0x0023       [0]    TWD4_bit
0x0023       [0]    TWD7_bit
0x0023       [0]    TWD6_bit
0x0023       [0]    TWD3_bit
0x0023       [0]    TWD0_bit
0x0023       [1]    TWDR
0x0023       [0]    TWD2_bit
0x0023       [0]    TWD1_bit
0x0024       [0]    ADCL3_bit
0x0024       [0]    ADCL4_bit
0x0024       [0]    ADCL5_bit
0x0024       [0]    ADCL2_bit
0x0024       [1]    ADCL
0x0024       [0]    ADCL0_bit
0x0024       [0]    ADCL1_bit
0x0024       [0]    ADCL7_bit
0x0024       [0]    ADCL6_bit
0x0025       [0]    ADCH2_bit
0x0025       [0]    ADCH7_bit
0x0025       [0]    ADCH3_bit
0x0025       [0]    ADCH4_bit
0x0025       [0]    ADCH6_bit
0x0025       [0]    ADCH5_bit
0x0025       [0]    ADCH1_bit
0x0025       [1]    ADCH
0x0025       [0]    ADCH0_bit
0x0026       [0]    ADIF_bit
0x0026       [0]    ADATE_bit
0x0026       [0]    ADSC_bit
0x0026       [0]    ADPS1_bit
0x0026       [0]    ADPS0_bit
0x0026       [1]    ADCSRA
0x0026       [0]    ADIE_bit
0x0026       [0]    ADPS2_bit
0x0026       [0]    ADEN_bit
0x0027       [0]    MUX4_bit
0x0027       [0]    MUX3_bit
0x0027       [0]    MUX2_bit
0x0027       [0]    REFS1_bit
0x0027       [0]    REFS0_bit
0x0027       [0]    ADLAR_bit
0x0027       [0]    MUX0_bit
0x0027       [1]    ADMUX
0x0027       [0]    MUX1_bit
0x0028       [0]    ACD_bit
0x0028       [0]    ACBG_bit
0x0028       [0]    ACIE_bit
0x0028       [0]    ACO_bit
0x0028       [0]    ACI_bit
0x0028       [0]    ACIS0_bit
0x0028       [1]    ACSR
0x0028       [0]    ACIC_bit
0x0028       [0]    ACIS1_bit
0x0029       [0]    UBRR2_bit
0x0029       [0]    UBRR3_bit
0x0029       [0]    UBRR1_bit
0x0029       [1]    UBRRL
0x0029       [0]    UBRR0_bit
0x0029       [0]    UBRR5_bit
0x0029       [0]    UBRR6_bit
0x0029       [0]    UBRR7_bit
0x0029       [0]    UBRR4_bit
0x002A       [0]    TXCIE_bit
0x002A       [0]    RXB8_bit
0x002A       [0]    UDRIE_bit
0x002A       [0]    RXEN_bit
0x002A       [0]    UCSZ2_bit
0x002A       [0]    RXCIE_bit
0x002A       [0]    TXB8_bit
0x002A       [1]    UCSRB
0x002A       [0]    TXEN_bit
0x002A       [1]    UCSR0B
0x002B       [0]    TXC_bit
0x002B       [0]    RXC_bit
0x002B       [0]    RXC0_bit
0x002B       [0]    U2X_bit
0x002B       [0]    UPE_bit
0x002B       [1]    UCSRA
0x002B       [0]    MPCM_bit
0x002B       [0]    DOR_bit
0x002B       [0]    UDRE_bit
0x002B       [0]    TXC0_bit
0x002B       [0]    FE_bit
0x002B       [0]    UDRE0_bit
0x002C       [0]    UDR1_bit
0x002C       [0]    UDR2_bit
0x002C       [0]    UDR0__bit
0x002C       [1]    UDR0
0x002C       [1]    UDR
0x002C       [0]    UDR6_bit
0x002C       [0]    UDR7_bit
0x002C       [0]    UDR5_bit
0x002C       [0]    UDR3_bit
0x002C       [0]    UDR4_bit
0x002D       [0]    SPR1_bit
0x002D       [0]    CPHA_bit
0x002D       [1]    SPCR
0x002D       [0]    SPR0_bit
0x002D       [0]    CPOL_bit
0x002D       [0]    SPE_bit
0x002D       [0]    SPIE_bit
0x002D       [0]    MSTR_bit
0x002D       [0]    DORD_bit
0x002E       [0]    SPI2X_bit
0x002E       [1]    SPSR
0x002E       [0]    SPIF_bit
0x002E       [0]    WCOL_bit
0x002F       [0]    SPDR1_bit
0x002F       [0]    SPDR2_bit
0x002F       [1]    SPDR
0x002F       [0]    SPDR0_bit
0x002F       [0]    SPDR3_bit
0x002F       [0]    SPDR6_bit
0x002F       [0]    SPDR7_bit
0x002F       [0]    SPDR4_bit
0x002F       [0]    SPDR5_bit
0x0030       [0]    PIND1_bit
0x0030       [0]    PIND2_bit
0x0030       [1]    PIND
0x0030       [0]    PIND0_bit
0x0030       [0]    PIND3_bit
0x0030       [0]    PIND6_bit
0x0030       [0]    PIND7_bit
0x0030       [0]    PIND4_bit
0x0030       [0]    PIND5_bit
0x0031       [0]    DDD1_bit
0x0031       [0]    DDD2_bit
0x0031       [1]    DDRD
0x0031       [0]    DDD0_bit
0x0031       [0]    DDD3_bit
0x0031       [0]    DDD6_bit
0x0031       [0]    DDD7_bit
0x0031       [0]    DDD4_bit
0x0031       [0]    DDD5_bit
0x0032       [0]    PORTD2_bit
0x0032       [0]    PORTD3_bit
0x0032       [0]    PORTD1_bit
0x0032       [1]    PORTD
0x0032       [0]    PORTD0_bit
0x0032       [0]    PORTD6_bit
0x0032       [0]    PORTD7_bit
0x0032       [0]    PORTD4_bit
0x0032       [0]    PORTD5_bit
0x0033       [0]    PINC1_bit
0x0033       [0]    PINC2_bit
0x0033       [1]    PINC
0x0033       [0]    PINC0_bit
0x0033       [0]    PINC3_bit
0x0033       [0]    PINC6_bit
0x0033       [0]    PINC7_bit
0x0033       [0]    PINC4_bit
0x0033       [0]    PINC5_bit
0x0034       [0]    DDC1_bit
0x0034       [0]    DDC2_bit
0x0034       [1]    DDRC
0x0034       [0]    DDC0_bit
0x0034       [0]    DDC3_bit
0x0034       [0]    DDC6_bit
0x0034       [0]    DDC7_bit
0x0034       [0]    DDC4_bit
0x0034       [0]    DDC5_bit
0x0035       [0]    PORTC1_bit
0x0035       [0]    PORTC2_bit
0x0035       [1]    PORTC
0x0035       [0]    PORTC0_bit
0x0035       [0]    PORTC3_bit
0x0035       [0]    PORTC6_bit
0x0035       [0]    PORTC7_bit
0x0035       [0]    PORTC4_bit
0x0035       [0]    PORTC5_bit
0x0036       [0]    PINB1_bit
0x0036       [0]    PINB2_bit
0x0036       [1]    PINB
0x0036       [0]    PINB0_bit
0x0036       [0]    PINB3_bit
0x0036       [0]    PINB6_bit
0x0036       [0]    PINB7_bit
0x0036       [0]    PINB4_bit
0x0036       [0]    PINB5_bit
0x0037       [0]    DDB1_bit
0x0037       [0]    DDB2_bit
0x0037       [1]    DDRB
0x0037       [0]    DDB0_bit
0x0037       [0]    DDB3_bit
0x0037       [0]    DDB6_bit
0x0037       [0]    DDB7_bit
0x0037       [0]    DDB4_bit
0x0037       [0]    DDB5_bit
0x0038       [0]    PORTB2_bit
0x0038       [0]    PORTB3_bit
0x0038       [0]    PORTB1_bit
0x0038       [1]    PORTB
0x0038       [0]    PORTB0_bit
0x0038       [0]    PORTB6_bit
0x0038       [0]    PORTB7_bit
0x0038       [0]    PORTB4_bit
0x0038       [0]    PORTB5_bit
0x0039       [0]    PINA6_bit
0x0039       [0]    PINA7_bit
0x0039       [0]    PINA4_bit
0x0039       [0]    PINA5_bit
0x0039       [0]    PINA0_bit
0x0039       [1]    PINA
0x0039       [0]    PINA1_bit
0x0039       [0]    PINA3_bit
0x0039       [0]    PINA2_bit
0x003A       [0]    DDA4_bit
0x003A       [0]    DDA3_bit
0x003A       [0]    DDA5_bit
0x003A       [0]    Chip_Select_DIR
0x003A       [0]    DDA6_bit
0x003A       [1]    DDRA
0x003A       [0]    DDA7_bit
0x003A       [0]    DDA0_bit
0x003A       [0]    DDA2_bit
0x003A       [0]    DDA1_bit
0x003B       [0]    PORTA1_bit
0x003B       [0]    PORTA2_bit
0x003B       [1]    PORTA
0x003B       [0]    PORTA0_bit
0x003B       [0]    PORTA3_bit
0x003B       [0]    PORTA6_bit
0x003B       [0]    PORTA7_bit
0x003B       [0]    PORTA4_bit
0x003B       [0]    PORTA5_bit
0x003B       [0]    Chip_Select
0x003C       [0]    EERE_bit
0x003C       [1]    EECR
0x003C       [0]    EERIE_bit
0x003C       [0]    EEMWE_bit
0x003C       [0]    EEWE_bit
0x003D       [0]    EEDR4_bit
0x003D       [0]    EEDR3_bit
0x003D       [0]    EEDR7_bit
0x003D       [0]    EEDR6_bit
0x003D       [0]    EEDR5_bit
0x003D       [0]    EEDR2_bit
0x003D       [1]    EEDR
0x003D       [0]    EEDR0_bit
0x003D       [0]    EEDR1_bit
0x003E       [0]    EEAR1_bit
0x003E       [0]    EEAR2_bit
0x003E       [1]    EEARL
0x003E       [0]    EEAR0_bit
0x003E       [0]    EEAR3_bit
0x003E       [0]    EEAR6_bit
0x003E       [0]    EEAR7_bit
0x003E       [0]    EEAR4_bit
0x003E       [0]    EEAR5_bit
0x003F       [1]    EEARH
0x003F       [0]    EEAR8_bit
0x0040       [0]    UPM0_bit
0x0040       [0]    USBS_bit
0x0040       [0]    UCSZ1_bit
0x0040       [0]    URSEL_bit
0x0040       [0]    UMSEL_bit
0x0040       [0]    UPM1_bit
0x0040       [0]    UCSZ0_bit
0x0040       [0]    UBRR9_bit
0x0040       [0]    UBRR10_bit
0x0040       [1]    UBRRH
0x0040       [0]    UBRR8_bit
0x0040       [1]    UCSRC
0x0040       [0]    UCPOL_bit
0x0040       [0]    UBRR11_bit
0x0040       [1]    UCSR0C
0x0041       [0]    WDP2_bit
0x0041       [0]    WDE_bit
0x0041       [0]    WDTOE_bit
0x0041       [1]    WDTCR
0x0041       [0]    WDP0_bit
0x0041       [0]    WDP1_bit
0x0042       [0]    TCN2UB_bit
0x0042       [0]    AS2_bit
0x0042       [0]    OCR2UB_bit
0x0042       [1]    ASSR
0x0042       [0]    TCR2UB_bit
0x0043       [0]    OCR2_3_bit
0x0043       [0]    OCR2_0_bit
0x0043       [0]    OCR2_7_bit
0x0043       [1]    OCR2
0x0043       [0]    OCR2_4_bit
0x0043       [0]    OCR2_1_bit
0x0043       [0]    OCR2_5_bit
0x0043       [0]    OCR2_6_bit
0x0043       [0]    OCR2_2_bit
0x0044       [0]    TCNT2_3_bit
0x0044       [0]    TCNT2_0_bit
0x0044       [1]    TCNT2
0x0044       [0]    TCNT2_1_bit
0x0044       [0]    TCNT2_2_bit
0x0044       [0]    TCNT2_6_bit
0x0044       [0]    TCNT2_5_bit
0x0044       [0]    TCNT2_7_bit
0x0044       [0]    TCNT2_4_bit
0x0045       [0]    CS22_bit
0x0045       [0]    CS21_bit
0x0045       [1]    TCCR2
0x0045       [0]    CS20_bit
0x0045       [0]    COM20_bit
0x0045       [0]    COM21_bit
0x0045       [0]    WGM21_bit
0x0045       [0]    FOC2_bit
0x0045       [0]    WGM20_bit
0x0046       [0]    ICR1L4_bit
0x0046       [0]    ICR1L3_bit
0x0046       [0]    ICR1L6_bit
0x0046       [0]    ICR1L7_bit
0x0046       [1]    ICR1L
0x0046       [0]    ICR1L1_bit
0x0046       [0]    ICR1L0_bit
0x0046       [0]    ICR1L2_bit
0x0046       [0]    ICR1L5_bit
0x0047       [0]    ICR1H6_bit
0x0047       [0]    ICR1H7_bit
0x0047       [0]    ICR1H4_bit
0x0047       [0]    ICR1H5_bit
0x0047       [0]    ICR1H0_bit
0x0047       [0]    ICR1H3_bit
0x0047       [1]    ICR1H
0x0047       [0]    ICR1H1_bit
0x0047       [0]    ICR1H2_bit
0x0048       [0]    OCR1BL5_bit
0x0048       [0]    OCR1BL4_bit
0x0048       [0]    OCR1BL6_bit
0x0048       [0]    OCR1BL7_bit
0x0048       [0]    OCR1BL3_bit
0x0048       [0]    OCR1BL0_bit
0x0048       [1]    OCR1BL
0x0048       [0]    OCR1BL2_bit
0x0048       [0]    OCR1BL1_bit
0x0049       [0]    OCR1BH4_bit
0x0049       [0]    OCR1BH5_bit
0x0049       [0]    OCR1BH2_bit
0x0049       [0]    OCR1BH7_bit
0x0049       [0]    OCR1BH6_bit
0x0049       [0]    OCR1BH1_bit
0x0049       [0]    OCR1BH3_bit
0x0049       [1]    OCR1BH
0x0049       [0]    OCR1BH0_bit
0x004A       [0]    OCR1AL5_bit
0x004A       [0]    OCR1AL4_bit
0x004A       [0]    OCR1AL7_bit
0x004A       [0]    OCR1AL6_bit
0x004A       [0]    OCR1AL3_bit
0x004A       [0]    OCR1AL0_bit
0x004A       [1]    OCR1AL
0x004A       [0]    OCR1AL2_bit
0x004A       [0]    OCR1AL1_bit
0x004B       [0]    OCR1AH1_bit
0x004B       [0]    OCR1AH2_bit
0x004B       [1]    OCR1AH
0x004B       [0]    OCR1AH0_bit
0x004B       [0]    OCR1AH3_bit
0x004B       [0]    OCR1AH6_bit
0x004B       [0]    OCR1AH7_bit
0x004B       [0]    OCR1AH4_bit
0x004B       [0]    OCR1AH5_bit
0x004C       [0]    TCNT1L4_bit
0x004C       [0]    TCNT1L3_bit
0x004C       [0]    TCNT1L2_bit
0x004C       [0]    TCNT1L7_bit
0x004C       [0]    TCNT1L6_bit
0x004C       [0]    TCNT1L5_bit
0x004C       [0]    TCNT1L1_bit
0x004C       [1]    TCNT1L
0x004C       [0]    TCNT1L0_bit
0x004D       [0]    TCNT1H1_bit
0x004D       [0]    TCNT1H2_bit
0x004D       [1]    TCNT1H
0x004D       [0]    TCNT1H0_bit
0x004D       [0]    TCNT1H3_bit
0x004D       [0]    TCNT1H6_bit
0x004D       [0]    TCNT1H7_bit
0x004D       [0]    TCNT1H4_bit
0x004D       [0]    TCNT1H5_bit
0x004E       [0]    CS12_bit
0x004E       [0]    CS11_bit
0x004E       [0]    CS10_bit
0x004E       [0]    WGM12_bit
0x004E       [0]    ICNC1_bit
0x004E       [0]    ICES1_bit
0x004E       [0]    WGM13_bit
0x004E       [1]    TCCR1B
0x004F       [0]    COM1B0_bit
0x004F       [0]    COM1B1_bit
0x004F       [0]    FOC1A_bit
0x004F       [1]    TCCR1A
0x004F       [0]    COM1A0_bit
0x004F       [0]    WGM10_bit
0x004F       [0]    COM1A1_bit
0x004F       [0]    FOC1B_bit
0x004F       [0]    WGM11_bit
0x0050       [0]    PSR2_bit
0x0050       [0]    PUD_bit
0x0050       [1]    SFIOR
0x0050       [0]    PSR10_bit
0x0050       [0]    ADTS1_bit
0x0050       [0]    ADTS2_bit
0x0050       [0]    ACME_bit
0x0050       [0]    ADTS0_bit
0x0051       [0]    CAL4_bit
0x0051       [0]    CAL6_bit
0x0051       [0]    CAL5_bit
0x0051       [0]    CAL3_bit
0x0051       [0]    CAL0_bit
0x0051       [1]    OSCCAL
0x0051       [0]    CAL2_bit
0x0051       [0]    CAL1_bit
0x0051       [0]    CAL7_bit
0x0051       [0]    OCDR5_bit
0x0051       [0]    OCDR4_bit
0x0051       [0]    OCDR7_bit
0x0051       [0]    OCDR6_bit
0x0051       [0]    OCDR3_bit
0x0051       [0]    OCDR0_bit
0x0051       [1]    OCDR
0x0051       [0]    OCDR2_bit
0x0051       [0]    OCDR1_bit
0x0052       [0]    TCNT0_5_bit
0x0052       [0]    TCNT0_4_bit
0x0052       [0]    TCNT0_7_bit
0x0052       [0]    TCNT0_6_bit
0x0052       [0]    TCNT0_3_bit
0x0052       [0]    TCNT0_0_bit
0x0052       [1]    TCNT0
0x0052       [0]    TCNT0_2_bit
0x0052       [0]    TCNT0_1_bit
0x0053       [0]    CS01_bit
0x0053       [0]    CS02_bit
0x0053       [1]    TCCR0
0x0053       [0]    CS00_bit
0x0053       [0]    WGM01_bit
0x0053       [0]    WGM00_bit
0x0053       [0]    COM01_bit
0x0053       [0]    COM00_bit
0x0053       [0]    FOC0_bit
0x0054       [0]    PORF_bit
0x0054       [0]    EXTRF_bit
0x0054       [1]    MCUCSR
0x0054       [0]    ISC2_bit
0x0054       [0]    JTRF_bit
0x0054       [0]    JTD_bit
0x0054       [0]    BORF_bit
0x0054       [0]    WDRF_bit
0x0055       [0]    SM1_bit
0x0055       [0]    SM0_bit
0x0055       [0]    SM2_bit
0x0055       [0]    SE_bit
0x0055       [0]    ISC00_bit
0x0055       [1]    MCUCR
0x0055       [0]    ISC01_bit
0x0055       [0]    ISC11_bit
0x0055       [0]    ISC10_bit
0x0056       [0]    TWEN_bit
0x0056       [0]    TWWC_bit
0x0056       [1]    TWCR
0x0056       [0]    TWIE_bit
0x0056       [0]    TWEA_bit
0x0056       [0]    TWINT_bit
0x0056       [0]    TWSTO_bit
0x0056       [0]    TWSTA_bit
0x0057       [0]    PGERS_bit
0x0057       [0]    PGWRT_bit
0x0057       [1]    SPMCSR
0x0057       [0]    SPMEN_bit
0x0057       [0]    RWWSB_bit
0x0057       [0]    SPMIE_bit
0x0057       [0]    BLBSET_bit
0x0057       [0]    RWWSRE_bit
0x0058       [0]    OCF0_bit
0x0058       [0]    TOV1_bit
0x0058       [1]    TIFR
0x0058       [0]    TOV0_bit
0x0058       [0]    OCF1B_bit
0x0058       [0]    TOV2_bit
0x0058       [0]    OCF2_bit
0x0058       [0]    OCF1A_bit
0x0058       [0]    ICF1_bit
0x0059       [0]    OCIE0_bit
0x0059       [0]    TOIE1_bit
0x0059       [1]    TIMSK
0x0059       [0]    TOIE0_bit
0x0059       [0]    OCIE1B_bit
0x0059       [0]    TOIE2_bit
0x0059       [0]    OCIE2_bit
0x0059       [0]    OCIE1A_bit
0x0059       [0]    TICIE1_bit
0x005A       [0]    INTF1_bit
0x005A       [0]    INTF0_bit
0x005A       [1]    GIFR
0x005A       [0]    INTF2_bit
0x005B       [0]    INT0_bit
0x005B       [0]    INT1_bit
0x005B       [1]    GICR
0x005B       [0]    IVSEL_bit
0x005B       [0]    INT2_bit
0x005B       [0]    IVCE_bit
0x005C       [0]    OCR0_1_bit
0x005C       [0]    OCR0_2_bit
0x005C       [1]    OCR0
0x005C       [0]    OCR0_0_bit
0x005C       [0]    OCR0_3_bit
0x005C       [0]    OCR0_6_bit
0x005C       [0]    OCR0_7_bit
0x005C       [0]    OCR0_4_bit
0x005C       [0]    OCR0_5_bit
0x005D       [0]    SP3_bit
0x005D       [0]    SP2_bit
0x005D       [0]    SP1_bit
0x005D       [0]    SP4_bit
0x005D       [0]    SP7_bit
0x005D       [0]    SP6_bit
0x005D       [0]    SP5_bit
0x005D       [0]    SP0_bit
0x005D       [1]    SPL
0x005E       [1]    SPH
0x005E       [0]    SP12_bit
0x005E       [0]    SP13_bit
0x005E       [0]    SP11_bit
0x005E       [0]    SP8_bit
0x005E       [0]    SP9_bit
0x005E       [0]    SP10_bit
0x005E       [0]    SP14_bit
0x005E       [0]    SP15_bit
0x005F       [0]    SREG_V_bit
0x005F       [0]    SREG_S_bit
0x005F       [0]    SREG_I_bit
0x005F       [0]    SREG_T_bit
0x005F       [1]    SREG
0x005F       [0]    SREG_N_bit
0x005F       [0]    SREG_H_bit
0x005F       [0]    SREG_Z_bit
0x005F       [0]    SREG_C_bit
0x0060       [3]    ?lstr2_Voltmeter_click_AVR
0x0063       [4]    ?lstr1___Lib_Conversions
0x0067       [2]    ?lstr2___Lib_Conversions
0x0069      [18]    ?lstr4_Voltmeter_click_AVR
0x007B      [25]    ?lstr1_Voltmeter_click_AVR
0x0094       [4]    ?lstr3___Lib_Conversions
0x0098      [19]    ?lstr3_Voltmeter_click_AVR
0x00AB      [15]    _txt
0x00BA       [2]    _UART_Rd_Ptr
0x00BC       [2]    _UART_Rdy_Ptr
0x00BE       [2]    _UART_Tx_Idle_Ptr
0x00C0       [2]    _SPI_Rd_Ptr
0x00C2       [2]    _SPI_Wr_Ptr
0x00C4       [2]    _UART_Wr_Ptr
0x00C6       [4]    _voltage
0x00CA       [2]    _calibration
0x00CC       [4]    _measurement
0x00D0       [2]    _sum
//** Constants locations ** 
//ADDRESS    SIZE    CONSTANT
//----------------------------------------------
0x09C0       [3]    ?ICS?lstr2_Voltmeter_click_AVR
0x09C3       [4]    ?ICS?lstr1___Lib_Conversions
0x09C7       [2]    ?ICS?lstr2___Lib_Conversions
0x09C9      [18]    ?ICS?lstr4_Voltmeter_click_AVR
0x09DB      [25]    ?ICS?lstr1_Voltmeter_click_AVR
0x09F4       [4]    ?ICS?lstr3___Lib_Conversions
0x09F8      [19]    ?ICS?lstr3_Voltmeter_click_AVR
